[0.000000] (-) TimerEvent: {}
[0.000324] (cpp_pubsub) JobQueued: {'identifier': 'cpp_pubsub', 'dependencies': OrderedDict()}
[0.000410] (cpp_pubsub) JobStarted: {'identifier': 'cpp_pubsub'}
[0.020288] (cpp_pubsub) JobProgress: {'identifier': 'cpp_pubsub', 'progress': 'cmake'}
[0.022111] (cpp_pubsub) JobProgress: {'identifier': 'cpp_pubsub', 'progress': 'build'}
[0.027413] (cpp_pubsub) Command: {'cmd': ['/usr/bin/cmake', '--build', '/home/garen-lee/jialiang.li/ros2/test/create_pkg_node_ws/src/cpp_pubsub/build/cpp_pubsub', '--', '-j4', '-l4'], 'cwd': '/home/garen-lee/jialiang.li/ros2/test/create_pkg_node_ws/src/cpp_pubsub/build/cpp_pubsub', 'env': OrderedDict([('GJS_DEBUG_TOPICS', 'JS ERROR;JS LOG'), ('LESSOPEN', '| /usr/bin/lesspipe %s'), ('USER', 'garen-lee'), ('SSH_AGENT_PID', '1809'), ('XDG_SESSION_TYPE', 'x11'), ('SHLVL', '1'), ('LD_LIBRARY_PATH', '/usr/lib/x86_64-linux-gnu/gazebo-11/plugins:/opt/ros/foxy/opt/yaml_cpp_vendor/lib:/opt/ros/foxy/opt/rviz_ogre_vendor/lib:/opt/ros/foxy/lib/x86_64-linux-gnu:/opt/ros/foxy/lib'), ('HOME', '/home/garen-lee'), ('OLDPWD', '/home/garen-lee/jialiang.li/ros2/test/create_pkg_node_ws/src/cpp_pubsub/build'), ('DESKTOP_SESSION', 'ubuntu'), ('ROS_PYTHON_VERSION', '3'), ('GNOME_SHELL_SESSION_MODE', 'ubuntu'), ('GTK_MODULES', 'gail:atk-bridge'), ('MANAGERPID', '1643'), ('DBUS_SESSION_BUS_ADDRESS', 'unix:path=/run/user/1000/bus'), ('COLORTERM', 'truecolor'), ('IM_CONFIG_PHASE', '1'), ('ROS_DISTRO', 'foxy'), ('LOGNAME', 'garen-lee'), ('JOURNAL_STREAM', '8:50939'), ('_', '/usr/bin/colcon'), ('ROS_VERSION', '2'), ('XDG_SESSION_CLASS', 'user'), ('USERNAME', 'garen-lee'), ('TERM', 'xterm-256color'), ('GAZEBO_MODEL_PATH', ':/home/garen-lee/jialiang.li/ros2/turtlebot3_ws/src/turtlebot3/turtlebot3_simulations/turtlebot3_gazebo/models'), ('GNOME_DESKTOP_SESSION_ID', 'this-is-deprecated'), ('ROS_LOCALHOST_ONLY', '0'), ('WINDOWPATH', '2'), ('PATH', '/opt/ros/foxy/bin:/usr/local/sbin:/usr/local/bin:/usr/sbin:/usr/bin:/sbin:/bin:/usr/games:/usr/local/games:/snap/bin'), ('SESSION_MANAGER', 'local/ubuntu:@/tmp/.ICE-unix/1856,unix/ubuntu:/tmp/.ICE-unix/1856'), ('INVOCATION_ID', '1968eea2de7141d5b6d57346f1af7232'), ('XDG_MENU_PREFIX', 'gnome-'), ('GNOME_TERMINAL_SCREEN', '/org/gnome/Terminal/screen/0041d5dc_925b_44c3_af19_36ee6bd2b009'), ('XDG_RUNTIME_DIR', '/run/user/1000'), ('DISPLAY', ':0'), ('LANG', 'en_US.UTF-8'), ('XDG_CURRENT_DESKTOP', 'ubuntu:GNOME'), ('XMODIFIERS', '@im=ibus'), ('XDG_SESSION_DESKTOP', 'ubuntu'), ('XAUTHORITY', '/run/user/1000/gdm/Xauthority'), ('LS_COLORS', 'rs=0:di=01;34:ln=01;36:mh=00:pi=40;33:so=01;35:do=01;35:bd=40;33;01:cd=40;33;01:or=40;31;01:mi=00:su=37;41:sg=30;43:ca=30;41:tw=30;42:ow=34;42:st=37;44:ex=01;32:*.tar=01;31:*.tgz=01;31:*.arc=01;31:*.arj=01;31:*.taz=01;31:*.lha=01;31:*.lz4=01;31:*.lzh=01;31:*.lzma=01;31:*.tlz=01;31:*.txz=01;31:*.tzo=01;31:*.t7z=01;31:*.zip=01;31:*.z=01;31:*.dz=01;31:*.gz=01;31:*.lrz=01;31:*.lz=01;31:*.lzo=01;31:*.xz=01;31:*.zst=01;31:*.tzst=01;31:*.bz2=01;31:*.bz=01;31:*.tbz=01;31:*.tbz2=01;31:*.tz=01;31:*.deb=01;31:*.rpm=01;31:*.jar=01;31:*.war=01;31:*.ear=01;31:*.sar=01;31:*.rar=01;31:*.alz=01;31:*.ace=01;31:*.zoo=01;31:*.cpio=01;31:*.7z=01;31:*.rz=01;31:*.cab=01;31:*.wim=01;31:*.swm=01;31:*.dwm=01;31:*.esd=01;31:*.jpg=01;35:*.jpeg=01;35:*.mjpg=01;35:*.mjpeg=01;35:*.gif=01;35:*.bmp=01;35:*.pbm=01;35:*.pgm=01;35:*.ppm=01;35:*.tga=01;35:*.xbm=01;35:*.xpm=01;35:*.tif=01;35:*.tiff=01;35:*.png=01;35:*.svg=01;35:*.svgz=01;35:*.mng=01;35:*.pcx=01;35:*.mov=01;35:*.mpg=01;35:*.mpeg=01;35:*.m2v=01;35:*.mkv=01;35:*.webm=01;35:*.ogm=01;35:*.mp4=01;35:*.m4v=01;35:*.mp4v=01;35:*.vob=01;35:*.qt=01;35:*.nuv=01;35:*.wmv=01;35:*.asf=01;35:*.rm=01;35:*.rmvb=01;35:*.flc=01;35:*.avi=01;35:*.fli=01;35:*.flv=01;35:*.gl=01;35:*.dl=01;35:*.xcf=01;35:*.xwd=01;35:*.yuv=01;35:*.cgm=01;35:*.emf=01;35:*.ogv=01;35:*.ogx=01;35:*.aac=00;36:*.au=00;36:*.flac=00;36:*.m4a=00;36:*.mid=00;36:*.midi=00;36:*.mka=00;36:*.mp3=00;36:*.mpc=00;36:*.ogg=00;36:*.ra=00;36:*.wav=00;36:*.oga=00;36:*.opus=00;36:*.spx=00;36:*.xspf=00;36:'), ('GNOME_TERMINAL_SERVICE', ':1.115'), ('SSH_AUTH_SOCK', '/run/user/1000/keyring/ssh'), ('AMENT_PREFIX_PATH', '/opt/ros/foxy'), ('SHELL', '/bin/bash'), ('QT_ACCESSIBILITY', '1'), ('GDMSESSION', 'ubuntu'), ('LESSCLOSE', '/usr/bin/lesspipe %s %s'), ('GPG_AGENT_INFO', '/run/user/1000/gnupg/S.gpg-agent:0:1'), ('GJS_DEBUG_OUTPUT', 'stderr'), ('QT_IM_MODULE', 'ibus'), ('PWD', '/home/garen-lee/jialiang.li/ros2/test/create_pkg_node_ws/src/cpp_pubsub/build/cpp_pubsub'), ('TURTLEBOT3_MODEL', 'burger'), ('LC_ALL', 'en_US.UTF-8'), ('XDG_CONFIG_DIRS', '/etc/xdg/xdg-ubuntu:/etc/xdg'), ('XDG_DATA_DIRS', '/usr/share/ubuntu:/usr/local/share/:/usr/share/:/var/lib/snapd/desktop'), ('PYTHONPATH', '/opt/ros/foxy/lib/python3.8/site-packages'), ('COLCON', '1'), ('VTE_VERSION', '6003'), ('CMAKE_PREFIX_PATH', '/opt/ros/foxy')]), 'shell': False}
[0.059615] (cpp_pubsub) StdoutLine: {'line': b'\x1b[35m\x1b[1mConsolidate compiler generated dependencies of target listener\x1b[0m\n'}
[0.059985] (cpp_pubsub) StdoutLine: {'line': b'\x1b[35m\x1b[1mConsolidate compiler generated dependencies of target talker\x1b[0m\n'}
[0.079719] (cpp_pubsub) StdoutLine: {'line': b'[ 25%] \x1b[32mBuilding CXX object CMakeFiles/talker.dir/src/publisher_member_function.cpp.o\x1b[0m\n'}
[0.080122] (cpp_pubsub) StdoutLine: {'line': b'[ 50%] \x1b[32mBuilding CXX object CMakeFiles/listener.dir/src/subscriber_member_function.cpp.o\x1b[0m\n'}
[0.098909] (-) TimerEvent: {}
[0.201492] (-) TimerEvent: {}
[0.303761] (-) TimerEvent: {}
[0.406377] (-) TimerEvent: {}
[0.507398] (-) TimerEvent: {}
[0.608346] (-) TimerEvent: {}
[0.709242] (-) TimerEvent: {}
[0.809959] (-) TimerEvent: {}
[0.910468] (-) TimerEvent: {}
[1.011218] (-) TimerEvent: {}
[1.112543] (-) TimerEvent: {}
[1.213243] (-) TimerEvent: {}
[1.314176] (-) TimerEvent: {}
[1.414996] (-) TimerEvent: {}
[1.515806] (-) TimerEvent: {}
[1.616210] (-) TimerEvent: {}
[1.717120] (-) TimerEvent: {}
[1.730659] (cpp_pubsub) StderrLine: {'line': b'\x1b[01m\x1b[K/home/garen-lee/jialiang.li/ros2/test/create_pkg_node_ws/src/cpp_pubsub/src/publisher_member_function.cpp:\x1b[m\x1b[K In constructor \xe2\x80\x98\x1b[01m\x1b[KTopicAComponent::TopicAComponent()\x1b[m\x1b[K\xe2\x80\x99:\n'}
[1.730967] (cpp_pubsub) StderrLine: {'line': b'\x1b[01m\x1b[K/home/garen-lee/jialiang.li/ros2/test/create_pkg_node_ws/src/cpp_pubsub/src/publisher_member_function.cpp:27:51:\x1b[m\x1b[K \x1b[01;31m\x1b[Kerror: \x1b[m\x1b[K\xe2\x80\x98\x1b[01m\x1b[KTopicBComponent\x1b[m\x1b[K\xe2\x80\x99 has not been declared\n'}
[1.731215] (cpp_pubsub) StderrLine: {'line': b'   27 |                         "topicB", 100, std::bind(&\x1b[01;31m\x1b[KTopicBComponent\x1b[m\x1b[K::topic_callback, this, _1));\n'}
[1.731370] (cpp_pubsub) StderrLine: {'line': b'      |                                                   \x1b[01;31m\x1b[K^~~~~~~~~~~~~~~\x1b[m\x1b[K\n'}
[1.733487] (cpp_pubsub) StderrLine: {'line': b'\x1b[01m\x1b[K/home/garen-lee/jialiang.li/ros2/test/create_pkg_node_ws/src/cpp_pubsub/src/publisher_member_function.cpp:28:7:\x1b[m\x1b[K \x1b[01;31m\x1b[Kerror: \x1b[m\x1b[K\xe2\x80\x98\x1b[01m\x1b[Ktimer_\x1b[m\x1b[K\xe2\x80\x99 was not declared in this scope; did you mean \xe2\x80\x98\x1b[01m\x1b[Ktimer_t\x1b[m\x1b[K\xe2\x80\x99?\n'}
[1.733810] (cpp_pubsub) StderrLine: {'line': b'   28 |       \x1b[01;31m\x1b[Ktimer_\x1b[m\x1b[K = this->create_wall_timer(\n'}
[1.734192] (cpp_pubsub) StderrLine: {'line': b'      |       \x1b[01;31m\x1b[K^~~~~~\x1b[m\x1b[K\n'}
[1.734350] (cpp_pubsub) StderrLine: {'line': b'      |       \x1b[32m\x1b[Ktimer_t\x1b[m\x1b[K\n'}
[1.734484] (cpp_pubsub) StderrLine: {'line': b'\x1b[01m\x1b[K/home/garen-lee/jialiang.li/ros2/test/create_pkg_node_ws/src/cpp_pubsub/src/publisher_member_function.cpp:29:43:\x1b[m\x1b[K \x1b[01;31m\x1b[Kerror: \x1b[m\x1b[K\xe2\x80\x98\x1b[01m\x1b[KTimerPublisher\x1b[m\x1b[K\xe2\x80\x99 has not been declared\n'}
[1.734618] (cpp_pubsub) StderrLine: {'line': b'   29 |                         500ms, std::bind(&\x1b[01;31m\x1b[KTimerPublisher\x1b[m\x1b[K::timer_callback, this));\n'}
[1.734754] (cpp_pubsub) StderrLine: {'line': b'      |                                           \x1b[01;31m\x1b[K^~~~~~~~~~~~~~\x1b[m\x1b[K\n'}
[1.763294] (cpp_pubsub) StderrLine: {'line': b'\x1b[01m\x1b[K/home/garen-lee/jialiang.li/ros2/test/create_pkg_node_ws/src/cpp_pubsub/src/subscriber_member_function.cpp:\x1b[m\x1b[K In constructor \xe2\x80\x98\x1b[01m\x1b[KTopicBComponent::TopicBComponent()\x1b[m\x1b[K\xe2\x80\x99:\n'}
[1.763553] (cpp_pubsub) StderrLine: {'line': b'\x1b[01m\x1b[K/home/garen-lee/jialiang.li/ros2/test/create_pkg_node_ws/src/cpp_pubsub/src/subscriber_member_function.cpp:28:7:\x1b[m\x1b[K \x1b[01;31m\x1b[Kerror: \x1b[m\x1b[K\xe2\x80\x98\x1b[01m\x1b[Ktimer_\x1b[m\x1b[K\xe2\x80\x99 was not declared in this scope; did you mean \xe2\x80\x98\x1b[01m\x1b[Ktimer_t\x1b[m\x1b[K\xe2\x80\x99?\n'}
[1.763740] (cpp_pubsub) StderrLine: {'line': b'   28 |       \x1b[01;31m\x1b[Ktimer_\x1b[m\x1b[K = this->create_wall_timer(\n'}
[1.763876] (cpp_pubsub) StderrLine: {'line': b'      |       \x1b[01;31m\x1b[K^~~~~~\x1b[m\x1b[K\n'}
[1.764007] (cpp_pubsub) StderrLine: {'line': b'      |       \x1b[32m\x1b[Ktimer_t\x1b[m\x1b[K\n'}
[1.764136] (cpp_pubsub) StderrLine: {'line': b'\x1b[01m\x1b[K/home/garen-lee/jialiang.li/ros2/test/create_pkg_node_ws/src/cpp_pubsub/src/subscriber_member_function.cpp:29:43:\x1b[m\x1b[K \x1b[01;31m\x1b[Kerror: \x1b[m\x1b[K\xe2\x80\x98\x1b[01m\x1b[KTimerPublisher\x1b[m\x1b[K\xe2\x80\x99 has not been declared\n'}
[1.764268] (cpp_pubsub) StderrLine: {'line': b'   29 |                         500ms, std::bind(&\x1b[01;31m\x1b[KTimerPublisher\x1b[m\x1b[K::timer_callback, this));\n'}
[1.764400] (cpp_pubsub) StderrLine: {'line': b'      |                                           \x1b[01;31m\x1b[K^~~~~~~~~~~~~~\x1b[m\x1b[K\n'}
[1.779366] (cpp_pubsub) StderrLine: {'line': b'\x1b[01m\x1b[K/home/garen-lee/jialiang.li/ros2/test/create_pkg_node_ws/src/cpp_pubsub/src/subscriber_member_function.cpp:\x1b[m\x1b[K In function \xe2\x80\x98\x1b[01m\x1b[Kint main(int, char**)\x1b[m\x1b[K\xe2\x80\x99:\n'}
[1.780541] (cpp_pubsub) StderrLine: {'line': b'\x1b[01m\x1b[K/home/garen-lee/jialiang.li/ros2/test/create_pkg_node_ws/src/cpp_pubsub/src/subscriber_member_function.cpp:55:33:\x1b[m\x1b[K \x1b[01;31m\x1b[Kerror: \x1b[m\x1b[K\xe2\x80\x98\x1b[01m\x1b[KTimerSubscriber\x1b[m\x1b[K\xe2\x80\x99 was not declared in this scope\n'}
[1.780700] (cpp_pubsub) StderrLine: {'line': b'   55 |   rclcpp::spin(std::make_shared<\x1b[01;31m\x1b[KTimerSubscriber\x1b[m\x1b[K>());\n'}
[1.780838] (cpp_pubsub) StderrLine: {'line': b'      |                                 \x1b[01;31m\x1b[K^~~~~~~~~~~~~~~\x1b[m\x1b[K\n'}
[1.781003] (cpp_pubsub) StderrLine: {'line': b'\x1b[01m\x1b[K/home/garen-lee/jialiang.li/ros2/test/create_pkg_node_ws/src/cpp_pubsub/src/subscriber_member_function.cpp:55:50:\x1b[m\x1b[K \x1b[01;31m\x1b[Kerror: \x1b[m\x1b[Kno matching function for call to \xe2\x80\x98\x1b[01m\x1b[Kmake_shared<<expression error> >()\x1b[m\x1b[K\xe2\x80\x99\n'}
[1.781140] (cpp_pubsub) StderrLine: {'line': b'   55 |   rclcpp::spin(std::make_shared<TimerSubscriber>(\x1b[01;31m\x1b[K)\x1b[m\x1b[K);\n'}
[1.781305] (cpp_pubsub) StderrLine: {'line': b'      |                                                  \x1b[01;31m\x1b[K^\x1b[m\x1b[K\n'}
[1.781438] (cpp_pubsub) StderrLine: {'line': b'In file included from \x1b[01m\x1b[K/usr/include/c++/9/memory:81\x1b[m\x1b[K,\n'}
[1.781545] (cpp_pubsub) StderrLine: {'line': b'                 from \x1b[01m\x1b[K/home/garen-lee/jialiang.li/ros2/test/create_pkg_node_ws/src/cpp_pubsub/src/subscriber_member_function.cpp:3\x1b[m\x1b[K:\n'}
[1.781721] (cpp_pubsub) StderrLine: {'line': b'\x1b[01m\x1b[K/usr/include/c++/9/bits/shared_ptr.h:714:5:\x1b[m\x1b[K \x1b[01;36m\x1b[Knote: \x1b[m\x1b[Kcandidate: \xe2\x80\x98\x1b[01m\x1b[Ktemplate<class _Tp, class ... _Args> std::shared_ptr<_Tp> std::make_shared(_Args&& ...)\x1b[m\x1b[K\xe2\x80\x99\n'}
[1.781885] (cpp_pubsub) StderrLine: {'line': b'  714 |     \x1b[01;36m\x1b[Kmake_shared\x1b[m\x1b[K(_Args&&... __args)\n'}
[1.782024] (cpp_pubsub) StderrLine: {'line': b'      |     \x1b[01;36m\x1b[K^~~~~~~~~~~\x1b[m\x1b[K\n'}
[1.782154] (cpp_pubsub) StderrLine: {'line': b'\x1b[01m\x1b[K/usr/include/c++/9/bits/shared_ptr.h:714:5:\x1b[m\x1b[K \x1b[01;36m\x1b[Knote: \x1b[m\x1b[K  template argument deduction/substitution failed:\n'}
[1.782292] (cpp_pubsub) StderrLine: {'line': b'\x1b[01m\x1b[K/home/garen-lee/jialiang.li/ros2/test/create_pkg_node_ws/src/cpp_pubsub/src/subscriber_member_function.cpp:55:50:\x1b[m\x1b[K \x1b[01;31m\x1b[Kerror: \x1b[m\x1b[Ktemplate argument 1 is invalid\n'}
[1.782430] (cpp_pubsub) StderrLine: {'line': b'   55 |   rclcpp::spin(std::make_shared<TimerSubscriber>(\x1b[01;31m\x1b[K)\x1b[m\x1b[K);\n'}
[1.782561] (cpp_pubsub) StderrLine: {'line': b'      |                                                  \x1b[01;31m\x1b[K^\x1b[m\x1b[K\n'}
[1.782902] (cpp_pubsub) StderrLine: {'line': b'\x1b[01m\x1b[K/home/garen-lee/jialiang.li/ros2/test/create_pkg_node_ws/src/cpp_pubsub/src/subscriber_member_function.cpp:56:33:\x1b[m\x1b[K \x1b[01;31m\x1b[Kerror: \x1b[m\x1b[K\xe2\x80\x98\x1b[01m\x1b[KTimerPublisher\x1b[m\x1b[K\xe2\x80\x99 was not declared in this scope\n'}
[1.783042] (cpp_pubsub) StderrLine: {'line': b'   56 |   rclcpp::spin(std::make_shared<\x1b[01;31m\x1b[KTimerPublisher\x1b[m\x1b[K>());\n'}
[1.783258] (cpp_pubsub) StderrLine: {'line': b'      |                                 \x1b[01;31m\x1b[K^~~~~~~~~~~~~~\x1b[m\x1b[K\n'}
[1.783392] (cpp_pubsub) StderrLine: {'line': b'\x1b[01m\x1b[K/home/garen-lee/jialiang.li/ros2/test/create_pkg_node_ws/src/cpp_pubsub/src/subscriber_member_function.cpp:56:49:\x1b[m\x1b[K \x1b[01;31m\x1b[Kerror: \x1b[m\x1b[Kno matching function for call to \xe2\x80\x98\x1b[01m\x1b[Kmake_shared<<expression error> >()\x1b[m\x1b[K\xe2\x80\x99\n'}
[1.783544] (cpp_pubsub) StderrLine: {'line': b'   56 |   rclcpp::spin(std::make_shared<TimerPublisher>(\x1b[01;31m\x1b[K)\x1b[m\x1b[K);\n'}
[1.783726] (cpp_pubsub) StderrLine: {'line': b'      |                                                 \x1b[01;31m\x1b[K^\x1b[m\x1b[K\n'}
[1.783857] (cpp_pubsub) StderrLine: {'line': b'In file included from \x1b[01m\x1b[K/usr/include/c++/9/memory:81\x1b[m\x1b[K,\n'}
[1.783989] (cpp_pubsub) StderrLine: {'line': b'                 from \x1b[01m\x1b[K/home/garen-lee/jialiang.li/ros2/test/create_pkg_node_ws/src/cpp_pubsub/src/subscriber_member_function.cpp:3\x1b[m\x1b[K:\n'}
[1.784117] (cpp_pubsub) StderrLine: {'line': b'\x1b[01m\x1b[K/usr/include/c++/9/bits/shared_ptr.h:714:5:\x1b[m\x1b[K \x1b[01;36m\x1b[Knote: \x1b[m\x1b[Kcandidate: \xe2\x80\x98\x1b[01m\x1b[Ktemplate<class _Tp, class ... _Args> std::shared_ptr<_Tp> std::make_shared(_Args&& ...)\x1b[m\x1b[K\xe2\x80\x99\n'}
[1.784248] (cpp_pubsub) StderrLine: {'line': b'  714 |     \x1b[01;36m\x1b[Kmake_shared\x1b[m\x1b[K(_Args&&... __args)\n'}
[1.784377] (cpp_pubsub) StderrLine: {'line': b'      |     \x1b[01;36m\x1b[K^~~~~~~~~~~\x1b[m\x1b[K\n'}
[1.784541] (cpp_pubsub) StderrLine: {'line': b'\x1b[01m\x1b[K/usr/include/c++/9/bits/shared_ptr.h:714:5:\x1b[m\x1b[K \x1b[01;36m\x1b[Knote: \x1b[m\x1b[K  template argument deduction/substitution failed:\n'}
[1.784673] (cpp_pubsub) StderrLine: {'line': b'\x1b[01m\x1b[K/home/garen-lee/jialiang.li/ros2/test/create_pkg_node_ws/src/cpp_pubsub/src/subscriber_member_function.cpp:56:49:\x1b[m\x1b[K \x1b[01;31m\x1b[Kerror: \x1b[m\x1b[Ktemplate argument 1 is invalid\n'}
[1.784804] (cpp_pubsub) StderrLine: {'line': b'   56 |   rclcpp::spin(std::make_shared<TimerPublisher>(\x1b[01;31m\x1b[K)\x1b[m\x1b[K);\n'}
[1.784933] (cpp_pubsub) StderrLine: {'line': b'      |                                                 \x1b[01;31m\x1b[K^\x1b[m\x1b[K\n'}
[1.819572] (-) TimerEvent: {}
[1.922086] (-) TimerEvent: {}
[2.023463] (-) TimerEvent: {}
[2.125649] (-) TimerEvent: {}
[2.227691] (-) TimerEvent: {}
[2.329709] (-) TimerEvent: {}
[2.430259] (-) TimerEvent: {}
[2.531786] (-) TimerEvent: {}
[2.632817] (-) TimerEvent: {}
[2.733346] (-) TimerEvent: {}
[2.835151] (-) TimerEvent: {}
[2.849799] (cpp_pubsub) StderrLine: {'line': b'make[2]: *** [CMakeFiles/talker.dir/build.make:76: CMakeFiles/talker.dir/src/publisher_member_function.cpp.o] Error 1\n'}
[2.849987] (cpp_pubsub) StderrLine: {'line': b'make[1]: *** [CMakeFiles/Makefile2:139: CMakeFiles/talker.dir/all] Error 2\n'}
[2.850082] (cpp_pubsub) StderrLine: {'line': b'make[1]: *** Waiting for unfinished jobs....\n'}
[2.935316] (-) TimerEvent: {}
[3.036069] (-) TimerEvent: {}
[3.136730] (-) TimerEvent: {}
[3.239121] (-) TimerEvent: {}
[3.339683] (-) TimerEvent: {}
[3.441934] (-) TimerEvent: {}
[3.534881] (cpp_pubsub) StderrLine: {'line': b'make[2]: *** [CMakeFiles/listener.dir/build.make:76: CMakeFiles/listener.dir/src/subscriber_member_function.cpp.o] Error 1\n'}
[3.535621] (cpp_pubsub) StderrLine: {'line': b'make[1]: *** [CMakeFiles/Makefile2:165: CMakeFiles/listener.dir/all] Error 2\n'}
[3.535709] (cpp_pubsub) StderrLine: {'line': b'make: *** [Makefile:146: all] Error 2\n'}
[3.538220] (cpp_pubsub) CommandEnded: {'returncode': 2}
[3.544402] (-) TimerEvent: {}
[3.596480] (cpp_pubsub) JobEnded: {'identifier': 'cpp_pubsub', 'rc': 2}
[3.608067] (-) EventReactorShutdown: {}
