[0.019s] Invoking command in '/home/garen-lee/jialiang.li/ros2/test/create_pkg_node_ws/src/pkg_node/build/pkg_node': CMAKE_PREFIX_PATH=/opt/ros/foxy /usr/bin/cmake --build /home/garen-lee/jialiang.li/ros2/test/create_pkg_node_ws/src/pkg_node/build/pkg_node -- -j4 -l4
[0.046s] -- Found ament_cmake: 0.9.9 (/opt/ros/foxy/share/ament_cmake/cmake)
[0.071s] -- Using PYTHON_EXECUTABLE: /usr/bin/python3
[0.274s] -- Found rclcpp: 2.4.1 (/opt/ros/foxy/share/rclcpp/cmake)
[0.310s] -- Using all available rosidl_typesupport_c: rosidl_typesupport_fastrtps_c;rosidl_typesupport_introspection_c
[0.313s] -- Found rosidl_adapter: 1.2.1 (/opt/ros/foxy/share/rosidl_adapter/cmake)
[0.452s] -- Using all available rosidl_typesupport_cpp: rosidl_typesupport_fastrtps_cpp;rosidl_typesupport_introspection_cpp
[0.513s] -- Found rmw_implementation_cmake: 1.0.3 (/opt/ros/foxy/share/rmw_implementation_cmake/cmake)
[0.515s] -- Using RMW implementation 'rmw_fastrtps_cpp' as default
[0.671s] -- Found ament_lint_auto: 0.9.6 (/opt/ros/foxy/share/ament_lint_auto/cmake)
[0.743s] -- Added test 'copyright' to check source files copyright and LICENSE
[0.758s] -- Added test 'cppcheck' to perform static code analysis on C / C++ code
[0.758s] -- Configured cppcheck include dirs: 
[0.758s] -- Configured cppcheck exclude dirs and/or files: 
[0.772s] -- Added test 'cpplint' to check C / C++ code against the Google style
[0.772s] -- Configured cpplint exclude dirs and/or files: 
[0.774s] -- Added test 'flake8' to check Python code syntax and style conventions
[0.778s] -- Added test 'lint_cmake' to check CMake code style
[0.781s] -- Added test 'pep257' to check Python code against some of the style conventions in PEP 257
[0.796s] -- Added test 'uncrustify' to check C / C++ code style
[0.796s] -- Configured uncrustify additional arguments: 
[0.798s] -- Added test 'xmllint' to check XML markup files
[0.799s] -- Configuring done
[0.814s] -- Generating done
[0.817s] -- Build files have been written to: /home/garen-lee/jialiang.li/ros2/test/create_pkg_node_ws/src/pkg_node/build/pkg_node
[0.835s] [35m[1mConsolidate compiler generated dependencies of target ttt[0m
[0.852s] [ 50%] [32mBuilding CXX object CMakeFiles/ttt.dir/src/time.cpp.o[0m
[2.421s] In file included from [01m[K/opt/ros/foxy/include/rclcpp/service.hpp:34[m[K,
[2.422s]                  from [01m[K/opt/ros/foxy/include/rclcpp/callback_group.hpp:25[m[K,
[2.422s]                  from [01m[K/opt/ros/foxy/include/rclcpp/any_executable.hpp:20[m[K,
[2.422s]                  from [01m[K/opt/ros/foxy/include/rclcpp/memory_strategy.hpp:24[m[K,
[2.422s]                  from [01m[K/opt/ros/foxy/include/rclcpp/memory_strategies.hpp:18[m[K,
[2.422s]                  from [01m[K/opt/ros/foxy/include/rclcpp/executor_options.hpp:20[m[K,
[2.423s]                  from [01m[K/opt/ros/foxy/include/rclcpp/executor.hpp:33[m[K,
[2.424s]                  from [01m[K/opt/ros/foxy/include/rclcpp/executors/multi_threaded_executor.hpp:26[m[K,
[2.424s]                  from [01m[K/opt/ros/foxy/include/rclcpp/executors.hpp:21[m[K,
[2.424s]                  from [01m[K/opt/ros/foxy/include/rclcpp/rclcpp.hpp:146[m[K,
[2.425s]                  from [01m[K/home/garen-lee/jialiang.li/ros2/test/create_pkg_node_ws/src/pkg_node/src/time.cpp:5[m[K:
[2.425s] [01m[K/home/garen-lee/jialiang.li/ros2/test/create_pkg_node_ws/src/pkg_node/src/time.cpp:[m[K In function â€˜[01m[Kint main()[m[Kâ€™:
[2.425s] [01m[K/home/garen-lee/jialiang.li/ros2/test/create_pkg_node_ws/src/pkg_node/src/time.cpp:9:15:[m[K [01;31m[Kerror: [m[Kinvalid use of â€˜[01m[Kthis[m[Kâ€™ in non-member function
[2.425s]     9 |   RCLCPP_INFO([01;31m[Kthis[m[K->get_logger(), "[rclcpp::Clock().now()] sec:%lf nano:%ld", t.seconds(), t.nanoseconds());
[2.425s]       |               [01;31m[K^~~~[m[K
[2.426s] [01m[K/home/garen-lee/jialiang.li/ros2/test/create_pkg_node_ws/src/pkg_node/src/time.cpp:9:15:[m[K [01;31m[Kerror: [m[Kinvalid use of â€˜[01m[Kthis[m[Kâ€™ in non-member function
[2.426s] [01m[K/home/garen-lee/jialiang.li/ros2/test/create_pkg_node_ws/src/pkg_node/src/time.cpp:9:3:[m[K [01;31m[Kerror: [m[Ktemplate argument 1 is invalid
[2.426s]     9 |   [01;31m[KRCLCPP_INFO[m[K(this->get_logger(), "[rclcpp::Clock().now()] sec:%lf nano:%ld", t.seconds(), t.nanoseconds());
[2.426s]       |   [01;31m[K^~~~~~~~~~~[m[K
[2.426s] [01m[K/home/garen-lee/jialiang.li/ros2/test/create_pkg_node_ws/src/pkg_node/src/time.cpp:9:3:[m[K [01;31m[Kerror: [m[Ktemplate argument 1 is invalid
[2.427s]     9 |   [01;31m[KRCLCPP_INFO[m[K(this->get_logger(), "[rclcpp::Clock().now()] sec:%lf nano:%ld", t.seconds(), t.nanoseconds());
[2.427s]       |   [01;31m[K^~~~~~~~~~~[m[K
[2.427s] [01m[K/home/garen-lee/jialiang.li/ros2/test/create_pkg_node_ws/src/pkg_node/src/time.cpp:9:3:[m[K [01;31m[Kerror: [m[Ktemplate argument 1 is invalid
[2.427s]     9 |   [01;31m[KRCLCPP_INFO[m[K(this->get_logger(), "[rclcpp::Clock().now()] sec:%lf nano:%ld", t.seconds(), t.nanoseconds());
[2.427s]       |   [01;31m[K^~~~~~~~~~~[m[K
[2.428s] In file included from [01m[K/opt/ros/foxy/include/rclcpp/client.hpp:40[m[K,
[2.428s]                  from [01m[K/opt/ros/foxy/include/rclcpp/callback_group.hpp:23[m[K,
[2.428s]                  from [01m[K/opt/ros/foxy/include/rclcpp/any_executable.hpp:20[m[K,
[2.428s]                  from [01m[K/opt/ros/foxy/include/rclcpp/memory_strategy.hpp:24[m[K,
[2.428s]                  from [01m[K/opt/ros/foxy/include/rclcpp/memory_strategies.hpp:18[m[K,
[2.429s]                  from [01m[K/opt/ros/foxy/include/rclcpp/executor_options.hpp:20[m[K,
[2.429s]                  from [01m[K/opt/ros/foxy/include/rclcpp/executor.hpp:33[m[K,
[2.429s]                  from [01m[K/opt/ros/foxy/include/rclcpp/executors/multi_threaded_executor.hpp:26[m[K,
[2.429s]                  from [01m[K/opt/ros/foxy/include/rclcpp/executors.hpp:21[m[K,
[2.429s]                  from [01m[K/opt/ros/foxy/include/rclcpp/rclcpp.hpp:146[m[K,
[2.429s]                  from [01m[K/home/garen-lee/jialiang.li/ros2/test/create_pkg_node_ws/src/pkg_node/src/time.cpp:5[m[K:
[2.430s] [01m[K/home/garen-lee/jialiang.li/ros2/test/create_pkg_node_ws/src/pkg_node/src/time.cpp:9:15:[m[K [01;31m[Kerror: [m[Kinvalid use of â€˜[01m[Kthis[m[Kâ€™ in non-member function
[2.430s]     9 |   RCLCPP_INFO([01;31m[Kthis[m[K->get_logger(), "[rclcpp::Clock().now()] sec:%lf nano:%ld", t.seconds(), t.nanoseconds());
[2.430s]       |               [01;31m[K^~~~[m[K
[2.430s] [01m[K/home/garen-lee/jialiang.li/ros2/test/create_pkg_node_ws/src/pkg_node/src/time.cpp:9:15:[m[K [01;31m[Kerror: [m[Kinvalid use of â€˜[01m[Kthis[m[Kâ€™ in non-member function
[2.430s]     9 |   RCLCPP_INFO([01;31m[Kthis[m[K->get_logger(), "[rclcpp::Clock().now()] sec:%lf nano:%ld", t.seconds(), t.nanoseconds());
[2.431s]       |               [01;31m[K^~~~[m[K
[2.431s] In file included from [01m[K/opt/ros/foxy/include/rclcpp/service.hpp:34[m[K,
[2.431s]                  from [01m[K/opt/ros/foxy/include/rclcpp/callback_group.hpp:25[m[K,
[2.431s]                  from [01m[K/opt/ros/foxy/include/rclcpp/any_executable.hpp:20[m[K,
[2.432s]                  from [01m[K/opt/ros/foxy/include/rclcpp/memory_strategy.hpp:24[m[K,
[2.432s]                  from [01m[K/opt/ros/foxy/include/rclcpp/memory_strategies.hpp:18[m[K,
[2.432s]                  from [01m[K/opt/ros/foxy/include/rclcpp/executor_options.hpp:20[m[K,
[2.432s]                  from [01m[K/opt/ros/foxy/include/rclcpp/executor.hpp:33[m[K,
[2.433s]                  from [01m[K/opt/ros/foxy/include/rclcpp/executors/multi_threaded_executor.hpp:26[m[K,
[2.433s]                  from [01m[K/opt/ros/foxy/include/rclcpp/executors.hpp:21[m[K,
[2.433s]                  from [01m[K/opt/ros/foxy/include/rclcpp/rclcpp.hpp:146[m[K,
[2.433s]                  from [01m[K/home/garen-lee/jialiang.li/ros2/test/create_pkg_node_ws/src/pkg_node/src/time.cpp:5[m[K:
[2.433s] [01m[K/home/garen-lee/jialiang.li/ros2/test/create_pkg_node_ws/src/pkg_node/src/time.cpp:13:15:[m[K [01;31m[Kerror: [m[Kinvalid use of â€˜[01m[Kthis[m[Kâ€™ in non-member function
[2.434s]    13 |   RCLCPP_INFO([01;31m[Kthis[m[K->get_logger(), "[std::chrono::system_clock::now()] sec:%ld", tt);
[2.434s]       |               [01;31m[K^~~~[m[K
[2.434s] [01m[K/home/garen-lee/jialiang.li/ros2/test/create_pkg_node_ws/src/pkg_node/src/time.cpp:13:15:[m[K [01;31m[Kerror: [m[Kinvalid use of â€˜[01m[Kthis[m[Kâ€™ in non-member function
[2.434s] [01m[K/home/garen-lee/jialiang.li/ros2/test/create_pkg_node_ws/src/pkg_node/src/time.cpp:13:3:[m[K [01;31m[Kerror: [m[Ktemplate argument 1 is invalid
[2.434s]    13 |   [01;31m[KRCLCPP_INFO[m[K(this->get_logger(), "[std::chrono::system_clock::now()] sec:%ld", tt);
[2.435s]       |   [01;31m[K^~~~~~~~~~~[m[K
[2.435s] [01m[K/home/garen-lee/jialiang.li/ros2/test/create_pkg_node_ws/src/pkg_node/src/time.cpp:13:3:[m[K [01;31m[Kerror: [m[Ktemplate argument 1 is invalid
[2.435s]    13 |   [01;31m[KRCLCPP_INFO[m[K(this->get_logger(), "[std::chrono::system_clock::now()] sec:%ld", tt);
[2.435s]       |   [01;31m[K^~~~~~~~~~~[m[K
[2.435s] [01m[K/home/garen-lee/jialiang.li/ros2/test/create_pkg_node_ws/src/pkg_node/src/time.cpp:13:3:[m[K [01;31m[Kerror: [m[Ktemplate argument 1 is invalid
[2.436s]    13 |   [01;31m[KRCLCPP_INFO[m[K(this->get_logger(), "[std::chrono::system_clock::now()] sec:%ld", tt);
[2.436s]       |   [01;31m[K^~~~~~~~~~~[m[K
[2.436s] In file included from [01m[K/opt/ros/foxy/include/rclcpp/client.hpp:40[m[K,
[2.436s]                  from [01m[K/opt/ros/foxy/include/rclcpp/callback_group.hpp:23[m[K,
[2.436s]                  from [01m[K/opt/ros/foxy/include/rclcpp/any_executable.hpp:20[m[K,
[2.436s]                  from [01m[K/opt/ros/foxy/include/rclcpp/memory_strategy.hpp:24[m[K,
[2.437s]                  from [01m[K/opt/ros/foxy/include/rclcpp/memory_strategies.hpp:18[m[K,
[2.437s]                  from [01m[K/opt/ros/foxy/include/rclcpp/executor_options.hpp:20[m[K,
[2.437s]                  from [01m[K/opt/ros/foxy/include/rclcpp/executor.hpp:33[m[K,
[2.437s]                  from [01m[K/opt/ros/foxy/include/rclcpp/executors/multi_threaded_executor.hpp:26[m[K,
[2.438s]                  from [01m[K/opt/ros/foxy/include/rclcpp/executors.hpp:21[m[K,
[2.438s]                  from [01m[K/opt/ros/foxy/include/rclcpp/rclcpp.hpp:146[m[K,
[2.438s]                  from [01m[K/home/garen-lee/jialiang.li/ros2/test/create_pkg_node_ws/src/pkg_node/src/time.cpp:5[m[K:
[2.438s] [01m[K/home/garen-lee/jialiang.li/ros2/test/create_pkg_node_ws/src/pkg_node/src/time.cpp:13:15:[m[K [01;31m[Kerror: [m[Kinvalid use of â€˜[01m[Kthis[m[Kâ€™ in non-member function
[2.438s]    13 |   RCLCPP_INFO([01;31m[Kthis[m[K->get_logger(), "[std::chrono::system_clock::now()] sec:%ld", tt);
[2.438s]       |               [01;31m[K^~~~[m[K
[2.439s] [01m[K/home/garen-lee/jialiang.li/ros2/test/create_pkg_node_ws/src/pkg_node/src/time.cpp:13:15:[m[K [01;31m[Kerror: [m[Kinvalid use of â€˜[01m[Kthis[m[Kâ€™ in non-member function
[2.439s]    13 |   RCLCPP_INFO([01;31m[Kthis[m[K->get_logger(), "[std::chrono::system_clock::now()] sec:%ld", tt);
[2.439s]       |               [01;31m[K^~~~[m[K
[2.439s] In file included from [01m[K/opt/ros/foxy/include/rclcpp/service.hpp:34[m[K,
[2.439s]                  from [01m[K/opt/ros/foxy/include/rclcpp/callback_group.hpp:25[m[K,
[2.440s]                  from [01m[K/opt/ros/foxy/include/rclcpp/any_executable.hpp:20[m[K,
[2.440s]                  from [01m[K/opt/ros/foxy/include/rclcpp/memory_strategy.hpp:24[m[K,
[2.440s]                  from [01m[K/opt/ros/foxy/include/rclcpp/memory_strategies.hpp:18[m[K,
[2.440s]                  from [01m[K/opt/ros/foxy/include/rclcpp/executor_options.hpp:20[m[K,
[2.440s]                  from [01m[K/opt/ros/foxy/include/rclcpp/executor.hpp:33[m[K,
[2.441s]                  from [01m[K/opt/ros/foxy/include/rclcpp/executors/multi_threaded_executor.hpp:26[m[K,
[2.441s]                  from [01m[K/opt/ros/foxy/include/rclcpp/executors.hpp:21[m[K,
[2.441s]                  from [01m[K/opt/ros/foxy/include/rclcpp/rclcpp.hpp:146[m[K,
[2.441s]                  from [01m[K/home/garen-lee/jialiang.li/ros2/test/create_pkg_node_ws/src/pkg_node/src/time.cpp:5[m[K:
[2.441s] [01m[K/home/garen-lee/jialiang.li/ros2/test/create_pkg_node_ws/src/pkg_node/src/time.cpp:18:15:[m[K [01;31m[Kerror: [m[Kinvalid use of â€˜[01m[Kthis[m[Kâ€™ in non-member function
[2.442s]    18 |   RCLCPP_INFO([01;31m[Kthis[m[K->get_logger(), "[std::chrono::steady_clock::now()] sec:%lf", secs);
[2.442s]       |               [01;31m[K^~~~[m[K
[2.442s] [01m[K/home/garen-lee/jialiang.li/ros2/test/create_pkg_node_ws/src/pkg_node/src/time.cpp:18:15:[m[K [01;31m[Kerror: [m[Kinvalid use of â€˜[01m[Kthis[m[Kâ€™ in non-member function
[2.442s] [01m[K/home/garen-lee/jialiang.li/ros2/test/create_pkg_node_ws/src/pkg_node/src/time.cpp:18:3:[m[K [01;31m[Kerror: [m[Ktemplate argument 1 is invalid
[2.442s]    18 |   [01;31m[KRCLCPP_INFO[m[K(this->get_logger(), "[std::chrono::steady_clock::now()] sec:%lf", secs);
[2.443s]       |   [01;31m[K^~~~~~~~~~~[m[K
[2.443s] [01m[K/home/garen-lee/jialiang.li/ros2/test/create_pkg_node_ws/src/pkg_node/src/time.cpp:18:3:[m[K [01;31m[Kerror: [m[Ktemplate argument 1 is invalid
[2.443s]    18 |   [01;31m[KRCLCPP_INFO[m[K(this->get_logger(), "[std::chrono::steady_clock::now()] sec:%lf", secs);
[2.443s]       |   [01;31m[K^~~~~~~~~~~[m[K
[2.443s] [01m[K/home/garen-lee/jialiang.li/ros2/test/create_pkg_node_ws/src/pkg_node/src/time.cpp:18:3:[m[K [01;31m[Kerror: [m[Ktemplate argument 1 is invalid
[2.444s]    18 |   [01;31m[KRCLCPP_INFO[m[K(this->get_logger(), "[std::chrono::steady_clock::now()] sec:%lf", secs);
[2.444s]       |   [01;31m[K^~~~~~~~~~~[m[K
[2.444s] In file included from [01m[K/opt/ros/foxy/include/rclcpp/client.hpp:40[m[K,
[2.444s]                  from [01m[K/opt/ros/foxy/include/rclcpp/callback_group.hpp:23[m[K,
[2.444s]                  from [01m[K/opt/ros/foxy/include/rclcpp/any_executable.hpp:20[m[K,
[2.444s]                  from [01m[K/opt/ros/foxy/include/rclcpp/memory_strategy.hpp:24[m[K,
[2.445s]                  from [01m[K/opt/ros/foxy/include/rclcpp/memory_strategies.hpp:18[m[K,
[2.445s]                  from [01m[K/opt/ros/foxy/include/rclcpp/executor_options.hpp:20[m[K,
[2.445s]                  from [01m[K/opt/ros/foxy/include/rclcpp/executor.hpp:33[m[K,
[2.445s]                  from [01m[K/opt/ros/foxy/include/rclcpp/executors/multi_threaded_executor.hpp:26[m[K,
[2.445s]                  from [01m[K/opt/ros/foxy/include/rclcpp/executors.hpp:21[m[K,
[2.446s]                  from [01m[K/opt/ros/foxy/include/rclcpp/rclcpp.hpp:146[m[K,
[2.446s]                  from [01m[K/home/garen-lee/jialiang.li/ros2/test/create_pkg_node_ws/src/pkg_node/src/time.cpp:5[m[K:
[2.446s] [01m[K/home/garen-lee/jialiang.li/ros2/test/create_pkg_node_ws/src/pkg_node/src/time.cpp:18:15:[m[K [01;31m[Kerror: [m[Kinvalid use of â€˜[01m[Kthis[m[Kâ€™ in non-member function
[2.446s]    18 |   RCLCPP_INFO([01;31m[Kthis[m[K->get_logger(), "[std::chrono::steady_clock::now()] sec:%lf", secs);
[2.446s]       |               [01;31m[K^~~~[m[K
[2.447s] [01m[K/home/garen-lee/jialiang.li/ros2/test/create_pkg_node_ws/src/pkg_node/src/time.cpp:18:15:[m[K [01;31m[Kerror: [m[Kinvalid use of â€˜[01m[Kthis[m[Kâ€™ in non-member function
[2.447s]    18 |   RCLCPP_INFO([01;31m[Kthis[m[K->get_logger(), "[std::chrono::steady_clock::now()] sec:%lf", secs);
[2.447s]       |               [01;31m[K^~~~[m[K
[2.448s] [01m[K/home/garen-lee/jialiang.li/ros2/test/create_pkg_node_ws/src/pkg_node/src/time.cpp:20:13:[m[K [01;31m[Kerror: [m[Kinvalid use of â€˜[01m[Kthis[m[Kâ€™ in non-member function
[2.448s]    20 |   auto t2 = [01;31m[Kthis[m[K->get_clock()->now();
[2.448s]       |             [01;31m[K^~~~[m[K
[2.448s] In file included from [01m[K/opt/ros/foxy/include/rclcpp/service.hpp:34[m[K,
[2.448s]                  from [01m[K/opt/ros/foxy/include/rclcpp/callback_group.hpp:25[m[K,
[2.449s]                  from [01m[K/opt/ros/foxy/include/rclcpp/any_executable.hpp:20[m[K,
[2.449s]                  from [01m[K/opt/ros/foxy/include/rclcpp/memory_strategy.hpp:24[m[K,
[2.449s]                  from [01m[K/opt/ros/foxy/include/rclcpp/memory_strategies.hpp:18[m[K,
[2.449s]                  from [01m[K/opt/ros/foxy/include/rclcpp/executor_options.hpp:20[m[K,
[2.449s]                  from [01m[K/opt/ros/foxy/include/rclcpp/executor.hpp:33[m[K,
[2.449s]                  from [01m[K/opt/ros/foxy/include/rclcpp/executors/multi_threaded_executor.hpp:26[m[K,
[2.450s]                  from [01m[K/opt/ros/foxy/include/rclcpp/executors.hpp:21[m[K,
[2.450s]                  from [01m[K/opt/ros/foxy/include/rclcpp/rclcpp.hpp:146[m[K,
[2.450s]                  from [01m[K/home/garen-lee/jialiang.li/ros2/test/create_pkg_node_ws/src/pkg_node/src/time.cpp:5[m[K:
[2.450s] [01m[K/home/garen-lee/jialiang.li/ros2/test/create_pkg_node_ws/src/pkg_node/src/time.cpp:21:15:[m[K [01;31m[Kerror: [m[Kinvalid use of â€˜[01m[Kthis[m[Kâ€™ in non-member function
[2.450s]    21 |   RCLCPP_INFO([01;31m[Kthis[m[K->get_logger(), "[get_clock()->now()] sec:%lf nano:%ld", t2.seconds(), t2.nanoseconds());
[2.451s]       |               [01;31m[K^~~~[m[K
[2.451s] [01m[K/home/garen-lee/jialiang.li/ros2/test/create_pkg_node_ws/src/pkg_node/src/time.cpp:21:15:[m[K [01;31m[Kerror: [m[Kinvalid use of â€˜[01m[Kthis[m[Kâ€™ in non-member function
[2.451s] [01m[K/home/garen-lee/jialiang.li/ros2/test/create_pkg_node_ws/src/pkg_node/src/time.cpp:21:3:[m[K [01;31m[Kerror: [m[Ktemplate argument 1 is invalid
[2.451s]    21 |   [01;31m[KRCLCPP_INFO[m[K(this->get_logger(), "[get_clock()->now()] sec:%lf nano:%ld", t2.seconds(), t2.nanoseconds());
[2.451s]       |   [01;31m[K^~~~~~~~~~~[m[K
[2.452s] [01m[K/home/garen-lee/jialiang.li/ros2/test/create_pkg_node_ws/src/pkg_node/src/time.cpp:21:3:[m[K [01;31m[Kerror: [m[Ktemplate argument 1 is invalid
[2.452s]    21 |   [01;31m[KRCLCPP_INFO[m[K(this->get_logger(), "[get_clock()->now()] sec:%lf nano:%ld", t2.seconds(), t2.nanoseconds());
[2.452s]       |   [01;31m[K^~~~~~~~~~~[m[K
[2.452s] [01m[K/home/garen-lee/jialiang.li/ros2/test/create_pkg_node_ws/src/pkg_node/src/time.cpp:21:3:[m[K [01;31m[Kerror: [m[Ktemplate argument 1 is invalid
[2.452s]    21 |   [01;31m[KRCLCPP_INFO[m[K(this->get_logger(), "[get_clock()->now()] sec:%lf nano:%ld", t2.seconds(), t2.nanoseconds());
[2.453s]       |   [01;31m[K^~~~~~~~~~~[m[K
[2.453s] In file included from [01m[K/opt/ros/foxy/include/rclcpp/client.hpp:40[m[K,
[2.453s]                  from [01m[K/opt/ros/foxy/include/rclcpp/callback_group.hpp:23[m[K,
[2.453s]                  from [01m[K/opt/ros/foxy/include/rclcpp/any_executable.hpp:20[m[K,
[2.453s]                  from [01m[K/opt/ros/foxy/include/rclcpp/memory_strategy.hpp:24[m[K,
[2.454s]                  from [01m[K/opt/ros/foxy/include/rclcpp/memory_strategies.hpp:18[m[K,
[2.454s]                  from [01m[K/opt/ros/foxy/include/rclcpp/executor_options.hpp:20[m[K,
[2.454s]                  from [01m[K/opt/ros/foxy/include/rclcpp/executor.hpp:33[m[K,
[2.454s]                  from [01m[K/opt/ros/foxy/include/rclcpp/executors/multi_threaded_executor.hpp:26[m[K,
[2.454s]                  from [01m[K/opt/ros/foxy/include/rclcpp/executors.hpp:21[m[K,
[2.455s]                  from [01m[K/opt/ros/foxy/include/rclcpp/rclcpp.hpp:146[m[K,
[2.455s]                  from [01m[K/home/garen-lee/jialiang.li/ros2/test/create_pkg_node_ws/src/pkg_node/src/time.cpp:5[m[K:
[2.455s] [01m[K/home/garen-lee/jialiang.li/ros2/test/create_pkg_node_ws/src/pkg_node/src/time.cpp:21:15:[m[K [01;31m[Kerror: [m[Kinvalid use of â€˜[01m[Kthis[m[Kâ€™ in non-member function
[2.455s]    21 |   RCLCPP_INFO([01;31m[Kthis[m[K->get_logger(), "[get_clock()->now()] sec:%lf nano:%ld", t2.seconds(), t2.nanoseconds());
[2.455s]       |               [01;31m[K^~~~[m[K
[2.455s] [01m[K/home/garen-lee/jialiang.li/ros2/test/create_pkg_node_ws/src/pkg_node/src/time.cpp:21:15:[m[K [01;31m[Kerror: [m[Kinvalid use of â€˜[01m[Kthis[m[Kâ€™ in non-member function
[2.456s]    21 |   RCLCPP_INFO([01;31m[Kthis[m[K->get_logger(), "[get_clock()->now()] sec:%lf nano:%ld", t2.seconds(), t2.nanoseconds());
[2.456s]       |               [01;31m[K^~~~[m[K
[2.456s] [01m[K/home/garen-lee/jialiang.li/ros2/test/create_pkg_node_ws/src/pkg_node/src/time.cpp:23:13:[m[K [01;31m[Kerror: [m[Kinvalid use of â€˜[01m[Kthis[m[Kâ€™ in non-member function
[2.456s]    23 |   auto t3 = [01;31m[Kthis[m[K->now();
[2.456s]       |             [01;31m[K^~~~[m[K
[2.457s] In file included from [01m[K/opt/ros/foxy/include/rclcpp/service.hpp:34[m[K,
[2.457s]                  from [01m[K/opt/ros/foxy/include/rclcpp/callback_group.hpp:25[m[K,
[2.457s]                  from [01m[K/opt/ros/foxy/include/rclcpp/any_executable.hpp:20[m[K,
[2.457s]                  from [01m[K/opt/ros/foxy/include/rclcpp/memory_strategy.hpp:24[m[K,
[2.457s]                  from [01m[K/opt/ros/foxy/include/rclcpp/memory_strategies.hpp:18[m[K,
[2.458s]                  from [01m[K/opt/ros/foxy/include/rclcpp/executor_options.hpp:20[m[K,
[2.458s]                  from [01m[K/opt/ros/foxy/include/rclcpp/executor.hpp:33[m[K,
[2.458s]                  from [01m[K/opt/ros/foxy/include/rclcpp/executors/multi_threaded_executor.hpp:26[m[K,
[2.458s]                  from [01m[K/opt/ros/foxy/include/rclcpp/executors.hpp:21[m[K,
[2.458s]                  from [01m[K/opt/ros/foxy/include/rclcpp/rclcpp.hpp:146[m[K,
[2.459s]                  from [01m[K/home/garen-lee/jialiang.li/ros2/test/create_pkg_node_ws/src/pkg_node/src/time.cpp:5[m[K:
[2.459s] [01m[K/home/garen-lee/jialiang.li/ros2/test/create_pkg_node_ws/src/pkg_node/src/time.cpp:24:15:[m[K [01;31m[Kerror: [m[Kinvalid use of â€˜[01m[Kthis[m[Kâ€™ in non-member function
[2.459s]    24 |   RCLCPP_INFO([01;31m[Kthis[m[K->get_logger(), "[this->now()] sec:%lf nano:%ld", t3.seconds(), t3.nanoseconds());
[2.459s]       |               [01;31m[K^~~~[m[K
[2.459s] [01m[K/home/garen-lee/jialiang.li/ros2/test/create_pkg_node_ws/src/pkg_node/src/time.cpp:24:15:[m[K [01;31m[Kerror: [m[Kinvalid use of â€˜[01m[Kthis[m[Kâ€™ in non-member function
[2.460s] [01m[K/home/garen-lee/jialiang.li/ros2/test/create_pkg_node_ws/src/pkg_node/src/time.cpp:24:3:[m[K [01;31m[Kerror: [m[Ktemplate argument 1 is invalid
[2.460s]    24 |   [01;31m[KRCLCPP_INFO[m[K(this->get_logger(), "[this->now()] sec:%lf nano:%ld", t3.seconds(), t3.nanoseconds());
[2.460s]       |   [01;31m[K^~~~~~~~~~~[m[K
[2.460s] [01m[K/home/garen-lee/jialiang.li/ros2/test/create_pkg_node_ws/src/pkg_node/src/time.cpp:24:3:[m[K [01;31m[Kerror: [m[Ktemplate argument 1 is invalid
[2.461s]    24 |   [01;31m[KRCLCPP_INFO[m[K(this->get_logger(), "[this->now()] sec:%lf nano:%ld", t3.seconds(), t3.nanoseconds());
[2.461s]       |   [01;31m[K^~~~~~~~~~~[m[K
[2.461s] [01m[K/home/garen-lee/jialiang.li/ros2/test/create_pkg_node_ws/src/pkg_node/src/time.cpp:24:3:[m[K [01;31m[Kerror: [m[Ktemplate argument 1 is invalid
[2.461s]    24 |   [01;31m[KRCLCPP_INFO[m[K(this->get_logger(), "[this->now()] sec:%lf nano:%ld", t3.seconds(), t3.nanoseconds());
[2.462s]       |   [01;31m[K^~~~~~~~~~~[m[K
[2.462s] In file included from [01m[K/opt/ros/foxy/include/rclcpp/client.hpp:40[m[K,
[2.462s]                  from [01m[K/opt/ros/foxy/include/rclcpp/callback_group.hpp:23[m[K,
[2.463s]                  from [01m[K/opt/ros/foxy/include/rclcpp/any_executable.hpp:20[m[K,
[2.463s]                  from [01m[K/opt/ros/foxy/include/rclcpp/memory_strategy.hpp:24[m[K,
[2.463s]                  from [01m[K/opt/ros/foxy/include/rclcpp/memory_strategies.hpp:18[m[K,
[2.463s]                  from [01m[K/opt/ros/foxy/include/rclcpp/executor_options.hpp:20[m[K,
[2.463s]                  from [01m[K/opt/ros/foxy/include/rclcpp/executor.hpp:33[m[K,
[2.464s]                  from [01m[K/opt/ros/foxy/include/rclcpp/executors/multi_threaded_executor.hpp:26[m[K,
[2.464s]                  from [01m[K/opt/ros/foxy/include/rclcpp/executors.hpp:21[m[K,
[2.464s]                  from [01m[K/opt/ros/foxy/include/rclcpp/rclcpp.hpp:146[m[K,
[2.464s]                  from [01m[K/home/garen-lee/jialiang.li/ros2/test/create_pkg_node_ws/src/pkg_node/src/time.cpp:5[m[K:
[2.464s] [01m[K/home/garen-lee/jialiang.li/ros2/test/create_pkg_node_ws/src/pkg_node/src/time.cpp:24:15:[m[K [01;31m[Kerror: [m[Kinvalid use of â€˜[01m[Kthis[m[Kâ€™ in non-member function
[2.465s]    24 |   RCLCPP_INFO([01;31m[Kthis[m[K->get_logger(), "[this->now()] sec:%lf nano:%ld", t3.seconds(), t3.nanoseconds());
[2.465s]       |               [01;31m[K^~~~[m[K
[2.465s] [01m[K/home/garen-lee/jialiang.li/ros2/test/create_pkg_node_ws/src/pkg_node/src/time.cpp:24:15:[m[K [01;31m[Kerror: [m[Kinvalid use of â€˜[01m[Kthis[m[Kâ€™ in non-member function
[2.465s]    24 |   RCLCPP_INFO([01;31m[Kthis[m[K->get_logger(), "[this->now()] sec:%lf nano:%ld", t3.seconds(), t3.nanoseconds());
[2.465s]       |               [01;31m[K^~~~[m[K
[2.864s] make[2]: *** [CMakeFiles/ttt.dir/build.make:76: CMakeFiles/ttt.dir/src/time.cpp.o] Error 1
[2.864s] make[1]: *** [CMakeFiles/Makefile2:137: CMakeFiles/ttt.dir/all] Error 2
[2.865s] make: *** [Makefile:146: all] Error 2
[2.868s] Invoked command in '/home/garen-lee/jialiang.li/ros2/test/create_pkg_node_ws/src/pkg_node/build/pkg_node' returned '2': CMAKE_PREFIX_PATH=/opt/ros/foxy /usr/bin/cmake --build /home/garen-lee/jialiang.li/ros2/test/create_pkg_node_ws/src/pkg_node/build/pkg_node -- -j4 -l4
