[0.028s] Invoking command in '/home/garen-lee/jialiang.li/ros2/test/create_pkg_node_ws/src/cpp_pubsub/build/cpp_pubsub': CMAKE_PREFIX_PATH=/opt/ros/foxy /usr/bin/cmake --build /home/garen-lee/jialiang.li/ros2/test/create_pkg_node_ws/src/cpp_pubsub/build/cpp_pubsub -- -j4 -l4
[0.054s] [35m[1mConsolidate compiler generated dependencies of target talker[0m
[0.055s] [35m[1mConsolidate compiler generated dependencies of target listener[0m
[0.074s] [ 25%] [32mBuilding CXX object CMakeFiles/listener.dir/src/subscriber_member_function.cpp.o[0m
[0.075s] [ 50%] [32mBuilding CXX object CMakeFiles/talker.dir/src/publisher_member_function.cpp.o[0m
[1.705s] [01m[K/home/garen-lee/jialiang.li/ros2/test/create_pkg_node_ws/src/cpp_pubsub/src/publisher_member_function.cpp:[m[K In constructor â€˜[01m[KTopicAComponent::TopicAComponent()[m[Kâ€™:
[1.706s] [01m[K/home/garen-lee/jialiang.li/ros2/test/create_pkg_node_ws/src/cpp_pubsub/src/publisher_member_function.cpp:27:51:[m[K [01;31m[Kerror: [m[Kâ€˜[01m[KTopicBComponent[m[Kâ€™ has not been declared
[1.706s]    27 |                         "topicB", 100, std::bind(&[01;31m[KTopicBComponent[m[K::topic_callback, this, _1));
[1.706s]       |                                                   [01;31m[K^~~~~~~~~~~~~~~[m[K
[1.708s] [01m[K/home/garen-lee/jialiang.li/ros2/test/create_pkg_node_ws/src/cpp_pubsub/src/publisher_member_function.cpp:28:7:[m[K [01;31m[Kerror: [m[Kâ€˜[01m[Ktimer_[m[Kâ€™ was not declared in this scope; did you mean â€˜[01m[Ktimer_t[m[Kâ€™?
[1.708s]    28 |       [01;31m[Ktimer_[m[K = this->create_wall_timer(
[1.708s]       |       [01;31m[K^~~~~~[m[K
[1.708s]       |       [32m[Ktimer_t[m[K
[1.708s] [01m[K/home/garen-lee/jialiang.li/ros2/test/create_pkg_node_ws/src/cpp_pubsub/src/publisher_member_function.cpp:29:43:[m[K [01;31m[Kerror: [m[Kâ€˜[01m[KTimerPublisher[m[Kâ€™ has not been declared
[1.708s]    29 |                         500ms, std::bind(&[01;31m[KTimerPublisher[m[K::timer_callback, this));
[1.709s]       |                                           [01;31m[K^~~~~~~~~~~~~~[m[K
[1.727s] [01m[K/home/garen-lee/jialiang.li/ros2/test/create_pkg_node_ws/src/cpp_pubsub/src/subscriber_member_function.cpp:[m[K In constructor â€˜[01m[KTopicBComponent::TopicBComponent()[m[Kâ€™:
[1.727s] [01m[K/home/garen-lee/jialiang.li/ros2/test/create_pkg_node_ws/src/cpp_pubsub/src/subscriber_member_function.cpp:28:7:[m[K [01;31m[Kerror: [m[Kâ€˜[01m[Ktimer_[m[Kâ€™ was not declared in this scope; did you mean â€˜[01m[Ktimer_t[m[Kâ€™?
[1.727s]    28 |       [01;31m[Ktimer_[m[K = this->create_wall_timer(
[1.727s]       |       [01;31m[K^~~~~~[m[K
[1.727s]       |       [32m[Ktimer_t[m[K
[1.728s] [01m[K/home/garen-lee/jialiang.li/ros2/test/create_pkg_node_ws/src/cpp_pubsub/src/subscriber_member_function.cpp:29:43:[m[K [01;31m[Kerror: [m[Kâ€˜[01m[KTimerPublisher[m[Kâ€™ has not been declared
[1.728s]    29 |                         500ms, std::bind(&[01;31m[KTimerPublisher[m[K::timer_callback, this));
[1.728s]       |                                           [01;31m[K^~~~~~~~~~~~~~[m[K
[1.744s] [01m[K/home/garen-lee/jialiang.li/ros2/test/create_pkg_node_ws/src/cpp_pubsub/src/subscriber_member_function.cpp:[m[K In function â€˜[01m[Kint main(int, char**)[m[Kâ€™:
[1.744s] [01m[K/home/garen-lee/jialiang.li/ros2/test/create_pkg_node_ws/src/cpp_pubsub/src/subscriber_member_function.cpp:55:33:[m[K [01;31m[Kerror: [m[Kâ€˜[01m[KTimerSubscriber[m[Kâ€™ was not declared in this scope
[1.744s]    55 |   rclcpp::spin(std::make_shared<[01;31m[KTimerSubscriber[m[K>());
[1.744s]       |                                 [01;31m[K^~~~~~~~~~~~~~~[m[K
[1.745s] [01m[K/home/garen-lee/jialiang.li/ros2/test/create_pkg_node_ws/src/cpp_pubsub/src/subscriber_member_function.cpp:55:50:[m[K [01;31m[Kerror: [m[Kno matching function for call to â€˜[01m[Kmake_shared<<expression error> >()[m[Kâ€™
[1.745s]    55 |   rclcpp::spin(std::make_shared<TimerSubscriber>([01;31m[K)[m[K);
[1.745s]       |                                                  [01;31m[K^[m[K
[1.745s] In file included from [01m[K/usr/include/c++/9/memory:81[m[K,
[1.745s]                  from [01m[K/home/garen-lee/jialiang.li/ros2/test/create_pkg_node_ws/src/cpp_pubsub/src/subscriber_member_function.cpp:3[m[K:
[1.745s] [01m[K/usr/include/c++/9/bits/shared_ptr.h:714:5:[m[K [01;36m[Knote: [m[Kcandidate: â€˜[01m[Ktemplate<class _Tp, class ... _Args> std::shared_ptr<_Tp> std::make_shared(_Args&& ...)[m[Kâ€™
[1.746s]   714 |     [01;36m[Kmake_shared[m[K(_Args&&... __args)
[1.746s]       |     [01;36m[K^~~~~~~~~~~[m[K
[1.746s] [01m[K/usr/include/c++/9/bits/shared_ptr.h:714:5:[m[K [01;36m[Knote: [m[K  template argument deduction/substitution failed:
[1.746s] [01m[K/home/garen-lee/jialiang.li/ros2/test/create_pkg_node_ws/src/cpp_pubsub/src/subscriber_member_function.cpp:55:50:[m[K [01;31m[Kerror: [m[Ktemplate argument 1 is invalid
[1.746s]    55 |   rclcpp::spin(std::make_shared<TimerSubscriber>([01;31m[K)[m[K);
[1.746s]       |                                                  [01;31m[K^[m[K
[1.748s] [01m[K/home/garen-lee/jialiang.li/ros2/test/create_pkg_node_ws/src/cpp_pubsub/src/subscriber_member_function.cpp:56:33:[m[K [01;31m[Kerror: [m[Kâ€˜[01m[KTimerPublisher[m[Kâ€™ was not declared in this scope
[1.749s]    56 |   rclcpp::spin(std::make_shared<[01;31m[KTimerPublisher[m[K>());
[1.749s]       |                                 [01;31m[K^~~~~~~~~~~~~~[m[K
[1.749s] [01m[K/home/garen-lee/jialiang.li/ros2/test/create_pkg_node_ws/src/cpp_pubsub/src/subscriber_member_function.cpp:56:49:[m[K [01;31m[Kerror: [m[Kno matching function for call to â€˜[01m[Kmake_shared<<expression error> >()[m[Kâ€™
[1.749s]    56 |   rclcpp::spin(std::make_shared<TimerPublisher>([01;31m[K)[m[K);
[1.749s]       |                                                 [01;31m[K^[m[K
[1.750s] In file included from [01m[K/usr/include/c++/9/memory:81[m[K,
[1.750s]                  from [01m[K/home/garen-lee/jialiang.li/ros2/test/create_pkg_node_ws/src/cpp_pubsub/src/subscriber_member_function.cpp:3[m[K:
[1.750s] [01m[K/usr/include/c++/9/bits/shared_ptr.h:714:5:[m[K [01;36m[Knote: [m[Kcandidate: â€˜[01m[Ktemplate<class _Tp, class ... _Args> std::shared_ptr<_Tp> std::make_shared(_Args&& ...)[m[Kâ€™
[1.750s]   714 |     [01;36m[Kmake_shared[m[K(_Args&&... __args)
[1.750s]       |     [01;36m[K^~~~~~~~~~~[m[K
[1.750s] [01m[K/usr/include/c++/9/bits/shared_ptr.h:714:5:[m[K [01;36m[Knote: [m[K  template argument deduction/substitution failed:
[1.750s] [01m[K/home/garen-lee/jialiang.li/ros2/test/create_pkg_node_ws/src/cpp_pubsub/src/subscriber_member_function.cpp:56:49:[m[K [01;31m[Kerror: [m[Ktemplate argument 1 is invalid
[1.751s]    56 |   rclcpp::spin(std::make_shared<TimerPublisher>([01;31m[K)[m[K);
[1.751s]       |                                                 [01;31m[K^[m[K
[2.845s] make[2]: *** [CMakeFiles/talker.dir/build.make:76: CMakeFiles/talker.dir/src/publisher_member_function.cpp.o] Error 1
[2.845s] make[1]: *** [CMakeFiles/Makefile2:139: CMakeFiles/talker.dir/all] Error 2
[2.846s] make[1]: *** Waiting for unfinished jobs....
[3.550s] make[2]: *** [CMakeFiles/listener.dir/build.make:76: CMakeFiles/listener.dir/src/subscriber_member_function.cpp.o] Error 1
[3.551s] make[1]: *** [CMakeFiles/Makefile2:165: CMakeFiles/listener.dir/all] Error 2
[3.552s] make: *** [Makefile:146: all] Error 2
[3.553s] Invoked command in '/home/garen-lee/jialiang.li/ros2/test/create_pkg_node_ws/src/cpp_pubsub/build/cpp_pubsub' returned '2': CMAKE_PREFIX_PATH=/opt/ros/foxy /usr/bin/cmake --build /home/garen-lee/jialiang.li/ros2/test/create_pkg_node_ws/src/cpp_pubsub/build/cpp_pubsub -- -j4 -l4
