[0.032s] Invoking command in '/home/garen-lee/jialiang.li/ros2/test/create_pkg_node_ws/src/cpp_pubsub/build/cpp_pubsub': CMAKE_PREFIX_PATH=/opt/ros/foxy /usr/bin/cmake --build /home/garen-lee/jialiang.li/ros2/test/create_pkg_node_ws/src/cpp_pubsub/build/cpp_pubsub -- -j4 -l4
[0.059s] [35m[1mConsolidate compiler generated dependencies of target listener[0m
[0.059s] [35m[1mConsolidate compiler generated dependencies of target talker[0m
[0.076s] [ 50%] Built target talker
[0.103s] [ 75%] [32mBuilding CXX object CMakeFiles/listener.dir/src/subscriber_member_function.cpp.o[0m
[1.707s] [01m[K/home/garen-lee/jialiang.li/ros2/test/create_pkg_node_ws/src/cpp_pubsub/src/subscriber_member_function.cpp:[m[K In function â€˜[01m[Kint main(int, char**)[m[Kâ€™:
[1.707s] [01m[K/home/garen-lee/jialiang.li/ros2/test/create_pkg_node_ws/src/cpp_pubsub/src/subscriber_member_function.cpp:65:87:[m[K [01;31m[Kerror: [m[Kno matching function for call to â€˜[01m[Kspin(std::shared_ptr<TimerSubscriber>, std::shared_ptr<TimerPublisher>)[m[Kâ€™
[1.707s]    65 |   rclcpp::spin(std::make_shared<TimerSubscriber>(), std::make_shared<TimerPublisher>()[01;31m[K)[m[K;
[1.708s]       |                                                                                       [01;31m[K^[m[K
[1.708s] In file included from [01m[K/opt/ros/foxy/include/rclcpp/rclcpp.hpp:146[m[K,
[1.708s]                  from [01m[K/home/garen-lee/jialiang.li/ros2/test/create_pkg_node_ws/src/cpp_pubsub/src/subscriber_member_function.cpp:5[m[K:
[1.708s] [01m[K/opt/ros/foxy/include/rclcpp/executors.hpp:45:1:[m[K [01;36m[Knote: [m[Kcandidate: â€˜[01m[Kvoid rclcpp::spin(rclcpp::node_interfaces::NodeBaseInterface::SharedPtr)[m[Kâ€™
[1.708s]    45 | [01;36m[Kspin[m[K(rclcpp::node_interfaces::NodeBaseInterface::SharedPtr node_ptr);
[1.709s]       | [01;36m[K^~~~[m[K
[1.709s] [01m[K/opt/ros/foxy/include/rclcpp/executors.hpp:45:1:[m[K [01;36m[Knote: [m[K  candidate expects 1 argument, 2 provided
[1.709s] [01m[K/opt/ros/foxy/include/rclcpp/executors.hpp:49:1:[m[K [01;36m[Knote: [m[Kcandidate: â€˜[01m[Kvoid rclcpp::spin(rclcpp::Node::SharedPtr)[m[Kâ€™
[1.709s]    49 | [01;36m[Kspin[m[K(rclcpp::Node::SharedPtr node_ptr);
[1.710s]       | [01;36m[K^~~~[m[K
[1.710s] [01m[K/opt/ros/foxy/include/rclcpp/executors.hpp:49:1:[m[K [01;36m[Knote: [m[K  candidate expects 1 argument, 2 provided
[3.400s] make[2]: *** [CMakeFiles/listener.dir/build.make:76: CMakeFiles/listener.dir/src/subscriber_member_function.cpp.o] Error 1
[3.401s] make[1]: *** [CMakeFiles/Makefile2:165: CMakeFiles/listener.dir/all] Error 2
[3.402s] make: *** [Makefile:146: all] Error 2
[3.404s] Invoked command in '/home/garen-lee/jialiang.li/ros2/test/create_pkg_node_ws/src/cpp_pubsub/build/cpp_pubsub' returned '2': CMAKE_PREFIX_PATH=/opt/ros/foxy /usr/bin/cmake --build /home/garen-lee/jialiang.li/ros2/test/create_pkg_node_ws/src/cpp_pubsub/build/cpp_pubsub -- -j4 -l4
