[0.033s] Invoking command in '/home/garen-lee/jialiang.li/ros2/test/create_pkg_node_ws/src/pkg_node/build/pkg_node': CMAKE_PREFIX_PATH=/opt/ros/foxy /usr/bin/cmake --build /home/garen-lee/jialiang.li/ros2/test/create_pkg_node_ws/src/pkg_node/build/pkg_node -- -j4 -l4
[0.063s] [35m[1mConsolidate compiler generated dependencies of target ttt[0m
[0.088s] [ 50%] [32mBuilding CXX object CMakeFiles/ttt.dir/src/time.cpp.o[0m
[1.899s] [01m[K/home/garen-lee/jialiang.li/ros2/test/create_pkg_node_ws/src/pkg_node/src/time.cpp:[m[K In function â€˜[01m[Kint main()[m[Kâ€™:
[1.899s] [01m[K/home/garen-lee/jialiang.li/ros2/test/create_pkg_node_ws/src/pkg_node/src/time.cpp:13:29:[m[K [01;31m[Kerror: [m[Kno match for call to â€˜[01m[K(std_msgs::msg::Int64 {aka std_msgs::msg::Int64_<std::allocator<void> >}) (rcl_time_point_value_t)[m[Kâ€™
[1.899s]    13 |   time_last_(t.nanoseconds()[01;31m[K)[m[K;
[1.899s]       |                             [01;31m[K^[m[K
[2.467s] make[2]: *** [CMakeFiles/ttt.dir/build.make:76: CMakeFiles/ttt.dir/src/time.cpp.o] Error 1
[2.468s] make[1]: *** [CMakeFiles/Makefile2:137: CMakeFiles/ttt.dir/all] Error 2
[2.469s] make: *** [Makefile:146: all] Error 2
[2.470s] Invoked command in '/home/garen-lee/jialiang.li/ros2/test/create_pkg_node_ws/src/pkg_node/build/pkg_node' returned '2': CMAKE_PREFIX_PATH=/opt/ros/foxy /usr/bin/cmake --build /home/garen-lee/jialiang.li/ros2/test/create_pkg_node_ws/src/pkg_node/build/pkg_node -- -j4 -l4
