[0.024s] Invoking command in '/home/garen-lee/jialiang.li/ros2/test/create_pkg_node_ws/src/cpp_pubsub/build/cpp_pubsub': CMAKE_PREFIX_PATH=${CMAKE_PREFIX_PATH}:/opt/ros/foxy /usr/bin/cmake --build /home/garen-lee/jialiang.li/ros2/test/create_pkg_node_ws/src/cpp_pubsub/build/cpp_pubsub -- -j4 -l4
[0.066s] [35m[1mConsolidate compiler generated dependencies of target talker[0m
[0.074s] [ 25%] [32mBuilding CXX object CMakeFiles/listener.dir/src/subscriber_member_function.cpp.o[0m
[0.084s] [ 50%] [32mBuilding CXX object CMakeFiles/talker.dir/src/publisher_member_function.cpp.o[0m
[1.664s] [01m[K/home/garen-lee/jialiang.li/ros2/test/create_pkg_node_ws/src/cpp_pubsub/src/subscriber_member_function.cpp:11:23:[m[K [01;31m[Kerror: [m[Kâ€˜[01m[Ku_int64[m[Kâ€™ in namespace â€˜[01m[Kstd_msgs::msg[m[Kâ€™ does not name a type
[1.664s]    11 | static std_msgs::msg::[01;31m[Ku_int64[m[K time_last_;
[1.664s]       |                       [01;31m[K^~~~~~~[m[K
[1.666s] [01m[K/home/garen-lee/jialiang.li/ros2/test/create_pkg_node_ws/src/cpp_pubsub/src/subscriber_member_function.cpp:13:1:[m[K [01;31m[Kerror: [m[Kâ€˜[01m[Ktime_last_[m[Kâ€™ does not name a type; did you mean â€˜[01m[Ktime_t[m[Kâ€™?
[1.666s]    13 | [01;31m[Ktime_last_[m[K = t1.seconds()*1e9+t1.nanoseconds();
[1.666s]       | [01;31m[K^~~~~~~~~~[m[K
[1.666s]       | [32m[Ktime_t[m[K
[1.667s] [01m[K/home/garen-lee/jialiang.li/ros2/test/create_pkg_node_ws/src/cpp_pubsub/src/subscriber_member_function.cpp:36:38:[m[K [01;31m[Kerror: [m[Kâ€˜[01m[Ku_int64[m[Kâ€™ is not a member of â€˜[01m[Kstd_msgs::msg[m[Kâ€™
[1.667s]    36 |     rclcpp::Publisher<std_msgs::msg::[01;31m[Ku_int64[m[K>::SharedPtr publisher_;
[1.667s]       |                                      [01;31m[K^~~~~~~[m[K
[1.667s] [01m[K/home/garen-lee/jialiang.li/ros2/test/create_pkg_node_ws/src/cpp_pubsub/src/subscriber_member_function.cpp:36:38:[m[K [01;31m[Kerror: [m[Kâ€˜[01m[Ku_int64[m[Kâ€™ is not a member of â€˜[01m[Kstd_msgs::msg[m[Kâ€™
[1.667s] [01m[K/home/garen-lee/jialiang.li/ros2/test/create_pkg_node_ws/src/cpp_pubsub/src/subscriber_member_function.cpp:36:45:[m[K [01;31m[Kerror: [m[Ktemplate argument 1 is invalid
[1.667s]    36 |     rclcpp::Publisher<std_msgs::msg::u_int64[01;31m[K>[m[K::SharedPtr publisher_;
[1.668s]       |                                             [01;31m[K^[m[K
[1.668s] [01m[K/home/garen-lee/jialiang.li/ros2/test/create_pkg_node_ws/src/cpp_pubsub/src/subscriber_member_function.cpp:36:48:[m[K [01;31m[Kerror: [m[Kexpected â€˜[01m[K;[m[Kâ€™ at end of member declaration
[1.668s]    36 |     rclcpp::Publisher<std_msgs::msg::u_int64>::[01;31m[KSharedPtr[m[K publisher_;
[1.668s]       |                                                [01;31m[K^~~~~~~~~[m[K
[1.668s]       |                                                         [32m[K;[m[K
[1.670s] [01m[K/home/garen-lee/jialiang.li/ros2/test/create_pkg_node_ws/src/cpp_pubsub/src/subscriber_member_function.cpp:36:58:[m[K [01;31m[Kerror: [m[Kâ€˜[01m[Kpublisher_[m[Kâ€™ does not name a type; did you mean â€˜[01m[Krcl_publisher_t[m[Kâ€™?
[1.670s]    36 |     rclcpp::Publisher<std_msgs::msg::u_int64>::SharedPtr [01;31m[Kpublisher_[m[K;
[1.670s]       |                                                          [01;31m[K^~~~~~~~~~[m[K
[1.670s]       |                                                          [32m[Krcl_publisher_t[m[K
[1.674s] [01m[K/home/garen-lee/jialiang.li/ros2/test/create_pkg_node_ws/src/cpp_pubsub/src/subscriber_member_function.cpp:[m[K In constructor â€˜[01m[KTimerPublisher::TimerPublisher()[m[Kâ€™:
[1.674s] [01m[K/home/garen-lee/jialiang.li/ros2/test/create_pkg_node_ws/src/cpp_pubsub/src/subscriber_member_function.cpp:21:7:[m[K [01;31m[Kerror: [m[Kâ€˜[01m[Kpublisher_[m[Kâ€™ was not declared in this scope; did you mean â€˜[01m[Krcl_publisher_t[m[Kâ€™?
[1.675s]    21 |       [01;31m[Kpublisher_[m[K = this->create_publisher<std_msgs::msg::u_int64>("topicA", 100);
[1.675s]       |       [01;31m[K^~~~~~~~~~[m[K
[1.675s]       |       [32m[Krcl_publisher_t[m[K
[1.675s] [01m[K/home/garen-lee/jialiang.li/ros2/test/create_pkg_node_ws/src/cpp_pubsub/src/subscriber_member_function.cpp:21:58:[m[K [01;31m[Kerror: [m[Kâ€˜[01m[Ku_int64[m[Kâ€™ is not a member of â€˜[01m[Kstd_msgs::msg[m[Kâ€™
[1.676s]    21 |       publisher_ = this->create_publisher<std_msgs::msg::[01;31m[Ku_int64[m[K>("topicA", 100);
[1.676s]       |                                                          [01;31m[K^~~~~~~[m[K
[1.677s] [01m[K/home/garen-lee/jialiang.li/ros2/test/create_pkg_node_ws/src/cpp_pubsub/src/subscriber_member_function.cpp:21:58:[m[K [01;31m[Kerror: [m[Kâ€˜[01m[Ku_int64[m[Kâ€™ is not a member of â€˜[01m[Kstd_msgs::msg[m[Kâ€™
[1.677s] [01m[K/home/garen-lee/jialiang.li/ros2/test/create_pkg_node_ws/src/cpp_pubsub/src/subscriber_member_function.cpp:21:80:[m[K [01;31m[Kerror: [m[Kno matching function for call to â€˜[01m[KTimerPublisher::create_publisher<<expression error> >(const char [7], int)[m[Kâ€™
[1.677s]    21 |       publisher_ = this->create_publisher<std_msgs::msg::u_int64>("topicA", 100[01;31m[K)[m[K;
[1.677s]       |                                                                                [01;31m[K^[m[K
[1.677s] In file included from [01m[K/opt/ros/foxy/include/rclcpp/executors/single_threaded_executor.hpp:28[m[K,
[1.677s]                  from [01m[K/opt/ros/foxy/include/rclcpp/executors.hpp:22[m[K,
[1.677s]                  from [01m[K/opt/ros/foxy/include/rclcpp/rclcpp.hpp:146[m[K,
[1.677s]                  from [01m[K/home/garen-lee/jialiang.li/ros2/test/create_pkg_node_ws/src/cpp_pubsub/src/subscriber_member_function.cpp:3[m[K:
[1.677s] [01m[K/opt/ros/foxy/include/rclcpp/node.hpp:184:3:[m[K [01;36m[Knote: [m[Kcandidate: â€˜[01m[Ktemplate<class MessageT, class AllocatorT, class PublisherT> std::shared_ptr<PublisherT> rclcpp::Node::create_publisher(const string&, const rclcpp::QoS&, const rclcpp::PublisherOptionsWithAllocator<AllocatorT>&)[m[Kâ€™
[1.678s]   184 |   [01;36m[Kcreate_publisher[m[K(
[1.678s]       |   [01;36m[K^~~~~~~~~~~~~~~~[m[K
[1.679s] [01m[K/opt/ros/foxy/include/rclcpp/node.hpp:184:3:[m[K [01;36m[Knote: [m[K  template argument deduction/substitution failed:
[1.679s] [01m[K/home/garen-lee/jialiang.li/ros2/test/create_pkg_node_ws/src/cpp_pubsub/src/subscriber_member_function.cpp:21:80:[m[K [01;31m[Kerror: [m[Ktemplate argument 1 is invalid
[1.679s]    21 |       publisher_ = this->create_publisher<std_msgs::msg::u_int64>("topicA", 100[01;31m[K)[m[K;
[1.679s]       |                                                                                [01;31m[K^[m[K
[1.693s] [01m[K/home/garen-lee/jialiang.li/ros2/test/create_pkg_node_ws/src/cpp_pubsub/src/subscriber_member_function.cpp:[m[K In member function â€˜[01m[Kvoid TimerPublisher::timer_callback()[m[Kâ€™:
[1.693s] [01m[K/home/garen-lee/jialiang.li/ros2/test/create_pkg_node_ws/src/cpp_pubsub/src/subscriber_member_function.cpp:29:37:[m[K [01;31m[Kerror: [m[Kâ€˜[01m[Ku_int64[m[Kâ€™ is not a member of â€˜[01m[Kstd_msgs::msg[m[Kâ€™
[1.693s]    29 |       auto message = std_msgs::msg::[01;31m[Ku_int64[m[K;
[1.694s]       |                                     [01;31m[K^~~~~~~[m[K
[1.694s] [01m[K/home/garen-lee/jialiang.li/ros2/test/create_pkg_node_ws/src/cpp_pubsub/src/subscriber_member_function.cpp:30:12:[m[K [01;31m[Kerror: [m[Kâ€˜[01m[Kros[m[Kâ€™ has not been declared
[1.694s]    30 |       t1 = [01;31m[Kros[m[K::Time::now();
[1.694s]       |            [01;31m[K^~~[m[K
[1.694s] [01m[K/home/garen-lee/jialiang.li/ros2/test/create_pkg_node_ws/src/cpp_pubsub/src/subscriber_member_function.cpp:31:25:[m[K [01;31m[Kerror: [m[Kâ€˜[01m[Kclass rclcpp::Time[m[Kâ€™ has no member named â€˜[01m[KtonSec[m[Kâ€™
[1.695s]    31 |       message.data = t1.[01;31m[KtonSec[m[K();
[1.695s]       |                         [01;31m[K^~~~~~[m[K
[1.696s] In file included from [01m[K/opt/ros/foxy/include/rclcpp/client.hpp:40[m[K,
[1.697s]                  from [01m[K/opt/ros/foxy/include/rclcpp/callback_group.hpp:23[m[K,
[1.697s]                  from [01m[K/opt/ros/foxy/include/rclcpp/any_executable.hpp:20[m[K,
[1.697s]                  from [01m[K/opt/ros/foxy/include/rclcpp/memory_strategy.hpp:24[m[K,
[1.697s]                  from [01m[K/opt/ros/foxy/include/rclcpp/memory_strategies.hpp:18[m[K,
[1.697s]                  from [01m[K/opt/ros/foxy/include/rclcpp/executor_options.hpp:20[m[K,
[1.698s]                  from [01m[K/opt/ros/foxy/include/rclcpp/executor.hpp:33[m[K,
[1.698s]                  from [01m[K/opt/ros/foxy/include/rclcpp/executors/multi_threaded_executor.hpp:26[m[K,
[1.698s]                  from [01m[K/opt/ros/foxy/include/rclcpp/executors.hpp:21[m[K,
[1.698s]                  from [01m[K/opt/ros/foxy/include/rclcpp/rclcpp.hpp:146[m[K,
[1.698s]                  from [01m[K/home/garen-lee/jialiang.li/ros2/test/create_pkg_node_ws/src/cpp_pubsub/src/subscriber_member_function.cpp:3[m[K:
[1.699s] [01m[K/home/garen-lee/jialiang.li/ros2/test/create_pkg_node_ws/src/cpp_pubsub/src/subscriber_member_function.cpp:32:91:[m[K [01;31m[Kerror: [m[Kâ€˜[01m[Ktime_last_[m[Kâ€™ was not declared in this scope; did you mean â€˜[01m[Ktime_t[m[Kâ€™?
[1.699s]    32 |       RCLCPP_INFO(this->get_logger(), "topicA Publishing: '%d'", message.data.u_int64() - [01;31m[Ktime_last_[m[K);
[1.699s]       |                                                                                           [01;31m[K^~~~~~~~~~[m[K
[1.700s] [01m[K/home/garen-lee/jialiang.li/ros2/test/create_pkg_node_ws/src/cpp_pubsub/src/subscriber_member_function.cpp:33:7:[m[K [01;31m[Kerror: [m[Kâ€˜[01m[Kpublisher_[m[Kâ€™ was not declared in this scope; did you mean â€˜[01m[Krcl_publisher_t[m[Kâ€™?
[1.700s]    33 |       [01;31m[Kpublisher_[m[K->publish(message);
[1.700s]       |       [01;31m[K^~~~~~~~~~[m[K
[1.701s]       |       [32m[Krcl_publisher_t[m[K
[1.701s] [01m[K/home/garen-lee/jialiang.li/ros2/test/create_pkg_node_ws/src/cpp_pubsub/src/subscriber_member_function.cpp:[m[K At global scope:
[1.701s] [01m[K/home/garen-lee/jialiang.li/ros2/test/create_pkg_node_ws/src/cpp_pubsub/src/subscriber_member_function.cpp:49:46:[m[K [01;31m[Kerror: [m[Kâ€˜[01m[Ku_int64[m[Kâ€™ in namespace â€˜[01m[Kstd_msgs::msg[m[Kâ€™ does not name a type
[1.701s]    49 |     void topic_callback(const std_msgs::msg::[01;31m[Ku_int64[m[K::SharedPtr msg) const
[1.702s]       |                                              [01;31m[K^~~~~~~[m[K
[1.702s] [01m[K/home/garen-lee/jialiang.li/ros2/test/create_pkg_node_ws/src/cpp_pubsub/src/subscriber_member_function.cpp:49:65:[m[K [01;31m[Kerror: [m[Kexpected unqualified-id before â€˜[01m[Kmsg[m[Kâ€™
[1.702s]    49 |     void topic_callback(const std_msgs::msg::u_int64::SharedPtr [01;31m[Kmsg[m[K) const
[1.703s]       |                                                                 [01;31m[K^~~[m[K
[1.703s] [01m[K/home/garen-lee/jialiang.li/ros2/test/create_pkg_node_ws/src/cpp_pubsub/src/subscriber_member_function.cpp:49:64:[m[K [01;31m[Kerror: [m[Kexpected â€˜[01m[K)[m[Kâ€™ before â€˜[01m[Kmsg[m[Kâ€™
[1.703s]    49 |     void topic_callback[34m[K([m[Kconst std_msgs::msg::u_int64::SharedPtr[01;31m[K [m[K[32m[Kmsg[m[K) const
[1.703s]       |                        [34m[K~[m[K                                       [01;31m[K^[m[K[32m[K~~~[m[K
[1.704s]       |                                                                [32m[K)[m[K
[1.704s] [01m[K/home/garen-lee/jialiang.li/ros2/test/create_pkg_node_ws/src/cpp_pubsub/src/subscriber_member_function.cpp:49:55:[m[K [01;31m[Kerror: [m[Kexpected â€˜[01m[K;[m[Kâ€™ at end of member declaration
[1.704s]    49 |     void topic_callback(const std_msgs::msg::u_int64::[01;31m[KSharedPtr[m[K msg) const
[1.704s]       |                                                       [01;31m[K^~~~~~~~~[m[K
[1.704s]       |                                                                [32m[K;[m[K
[1.705s] [01m[K/home/garen-lee/jialiang.li/ros2/test/create_pkg_node_ws/src/cpp_pubsub/src/subscriber_member_function.cpp:49:65:[m[K [01;31m[Kerror: [m[Kâ€˜[01m[Kmsg[m[Kâ€™ does not name a type
[1.705s]    49 |     void topic_callback(const std_msgs::msg::u_int64::SharedPtr [01;31m[Kmsg[m[K) const
[1.705s]       |                                                                 [01;31m[K^~~[m[K
[1.705s] [01m[K/home/garen-lee/jialiang.li/ros2/test/create_pkg_node_ws/src/cpp_pubsub/src/subscriber_member_function.cpp:54:41:[m[K [01;31m[Kerror: [m[Kâ€˜[01m[Ku_int64[m[Kâ€™ is not a member of â€˜[01m[Kstd_msgs::msg[m[Kâ€™
[1.706s]    54 |     rclcpp::Subscription<std_msgs::msg::[01;31m[Ku_int64[m[K>::SharedPtr subscription_;
[1.706s]       |                                         [01;31m[K^~~~~~~[m[K
[1.706s] [01m[K/home/garen-lee/jialiang.li/ros2/test/create_pkg_node_ws/src/cpp_pubsub/src/subscriber_member_function.cpp:54:41:[m[K [01;31m[Kerror: [m[Kâ€˜[01m[Ku_int64[m[Kâ€™ is not a member of â€˜[01m[Kstd_msgs::msg[m[Kâ€™
[1.706s] [01m[K/home/garen-lee/jialiang.li/ros2/test/create_pkg_node_ws/src/cpp_pubsub/src/subscriber_member_function.cpp:54:48:[m[K [01;31m[Kerror: [m[Ktemplate argument 1 is invalid
[1.706s]    54 |     rclcpp::Subscription<std_msgs::msg::u_int64[01;31m[K>[m[K::SharedPtr subscription_;
[1.707s]       |                                                [01;31m[K^[m[K
[1.707s] [01m[K/home/garen-lee/jialiang.li/ros2/test/create_pkg_node_ws/src/cpp_pubsub/src/subscriber_member_function.cpp:54:48:[m[K [01;31m[Kerror: [m[Ktemplate argument 3 is invalid
[1.707s] [01m[K/home/garen-lee/jialiang.li/ros2/test/create_pkg_node_ws/src/cpp_pubsub/src/subscriber_member_function.cpp:54:51:[m[K [01;31m[Kerror: [m[Kexpected â€˜[01m[K;[m[Kâ€™ at end of member declaration
[1.707s]    54 |     rclcpp::Subscription<std_msgs::msg::u_int64>::[01;31m[KSharedPtr[m[K subscription_;
[1.707s]       |                                                   [01;31m[K^~~~~~~~~[m[K
[1.708s]       |                                                            [32m[K;[m[K
[1.708s] [01m[K/home/garen-lee/jialiang.li/ros2/test/create_pkg_node_ws/src/cpp_pubsub/src/subscriber_member_function.cpp:54:61:[m[K [01;31m[Kerror: [m[Kâ€˜[01m[Ksubscription_[m[Kâ€™ does not name a type; did you mean â€˜[01m[Krcl_subscription_t[m[Kâ€™?
[1.708s]    54 |     rclcpp::Subscription<std_msgs::msg::u_int64>::SharedPtr [01;31m[Ksubscription_[m[K;
[1.708s]       |                                                             [01;31m[K^~~~~~~~~~~~~[m[K
[1.708s]       |                                                             [32m[Krcl_subscription_t[m[K
[1.709s] [01m[K/home/garen-lee/jialiang.li/ros2/test/create_pkg_node_ws/src/cpp_pubsub/src/subscriber_member_function.cpp:[m[K In constructor â€˜[01m[KTimerSubscriber::TimerSubscriber()[m[Kâ€™:
[1.709s] [01m[K/home/garen-lee/jialiang.li/ros2/test/create_pkg_node_ws/src/cpp_pubsub/src/subscriber_member_function.cpp:44:7:[m[K [01;31m[Kerror: [m[Kâ€˜[01m[Ksubscription_[m[Kâ€™ was not declared in this scope; did you mean â€˜[01m[Krcl_subscription_t[m[Kâ€™?
[1.710s]    44 |       [01;31m[Ksubscription_[m[K = this->create_subscription<std_msgs::msg::u_int64>(
[1.710s]       |       [01;31m[K^~~~~~~~~~~~~[m[K
[1.710s]       |       [32m[Krcl_subscription_t[m[K
[1.710s] [01m[K/home/garen-lee/jialiang.li/ros2/test/create_pkg_node_ws/src/cpp_pubsub/src/subscriber_member_function.cpp:44:64:[m[K [01;31m[Kerror: [m[Kâ€˜[01m[Ku_int64[m[Kâ€™ is not a member of â€˜[01m[Kstd_msgs::msg[m[Kâ€™
[1.711s]    44 |       subscription_ = this->create_subscription<std_msgs::msg::[01;31m[Ku_int64[m[K>(
[1.711s]       |                                                                [01;31m[K^~~~~~~[m[K
[1.711s] [01m[K/home/garen-lee/jialiang.li/ros2/test/create_pkg_node_ws/src/cpp_pubsub/src/subscriber_member_function.cpp:44:64:[m[K [01;31m[Kerror: [m[Kâ€˜[01m[Ku_int64[m[Kâ€™ is not a member of â€˜[01m[Kstd_msgs::msg[m[Kâ€™
[1.719s] [01m[K/home/garen-lee/jialiang.li/ros2/test/create_pkg_node_ws/src/cpp_pubsub/src/subscriber_member_function.cpp:45:75:[m[K [01;31m[Kerror: [m[Kno matching function for call to â€˜[01m[KTimerSubscriber::create_subscription<<expression error> >(const char [7], int, std::_Bind_helper<false, void (TimerSubscriber::*)(...), TimerSubscriber*, const std::_Placeholder<1>&>::type)[m[Kâ€™
[1.720s]    45 |       "topicB", 100, std::bind(&TimerSubscriber::topic_callback, this, _1)[01;31m[K)[m[K;
[1.720s]       |                                                                           [01;31m[K^[m[K
[1.720s] In file included from [01m[K/opt/ros/foxy/include/rclcpp/executors/single_threaded_executor.hpp:28[m[K,
[1.720s]                  from [01m[K/opt/ros/foxy/include/rclcpp/executors.hpp:22[m[K,
[1.720s]                  from [01m[K/opt/ros/foxy/include/rclcpp/rclcpp.hpp:146[m[K,
[1.721s]                  from [01m[K/home/garen-lee/jialiang.li/ros2/test/create_pkg_node_ws/src/cpp_pubsub/src/subscriber_member_function.cpp:3[m[K:
[1.721s] [01m[K/opt/ros/foxy/include/rclcpp/node.hpp:213:3:[m[K [01;36m[Knote: [m[Kcandidate: â€˜[01m[Ktemplate<class MessageT, class CallbackT, class AllocatorT, class CallbackMessageT, class SubscriptionT, class MessageMemoryStrategyT> std::shared_ptr<SubscriptionT> rclcpp::Node::create_subscription(const string&, const rclcpp::QoS&, CallbackT&&, const rclcpp::SubscriptionOptionsWithAllocator<AllocatorT>&, typename MessageMemoryStrategyT::SharedPtr)[m[Kâ€™
[1.721s]   213 |   [01;36m[Kcreate_subscription[m[K(
[1.722s]       |   [01;36m[K^~~~~~~~~~~~~~~~~~~[m[K
[1.722s] [01m[K/opt/ros/foxy/include/rclcpp/node.hpp:213:3:[m[K [01;36m[Knote: [m[K  template argument deduction/substitution failed:
[1.722s] [01m[K/home/garen-lee/jialiang.li/ros2/test/create_pkg_node_ws/src/cpp_pubsub/src/subscriber_member_function.cpp:45:75:[m[K [01;31m[Kerror: [m[Ktemplate argument 1 is invalid
[1.722s]    45 |       "topicB", 100, std::bind(&TimerSubscriber::topic_callback, this, _1)[01;31m[K)[m[K;
[1.723s]       |                                                                           [01;31m[K^[m[K
[1.723s] [01m[K/home/garen-lee/jialiang.li/ros2/test/create_pkg_node_ws/src/cpp_pubsub/src/publisher_member_function.cpp:14:23:[m[K [01;31m[Kerror: [m[Kâ€˜[01m[Ku_int64[m[Kâ€™ in namespace â€˜[01m[Kstd_msgs::msg[m[Kâ€™ does not name a type
[1.723s]    14 | static std_msgs::msg::[01;31m[Ku_int64[m[K time_last_;
[1.723s]       |                       [01;31m[K^~~~~~~[m[K
[1.724s] [01m[K/home/garen-lee/jialiang.li/ros2/test/create_pkg_node_ws/src/cpp_pubsub/src/publisher_member_function.cpp:16:1:[m[K [01;31m[Kerror: [m[Kâ€˜[01m[Ktime_last_[m[Kâ€™ does not name a type; did you mean â€˜[01m[Ktime_t[m[Kâ€™?
[1.724s]    16 | [01;31m[Ktime_last_[m[K = t1.seconds()*1e9+t1.nanoseconds();
[1.724s]       | [01;31m[K^~~~~~~~~~[m[K
[1.724s]       | [32m[Ktime_t[m[K
[1.725s] [01m[K/home/garen-lee/jialiang.li/ros2/test/create_pkg_node_ws/src/cpp_pubsub/src/publisher_member_function.cpp:39:38:[m[K [01;31m[Kerror: [m[Kâ€˜[01m[Ku_int64[m[Kâ€™ is not a member of â€˜[01m[Kstd_msgs::msg[m[Kâ€™
[1.725s]    39 |     rclcpp::Publisher<std_msgs::msg::[01;31m[Ku_int64[m[K>::SharedPtr publisher_;
[1.725s]       |                                      [01;31m[K^~~~~~~[m[K
[1.725s] [01m[K/home/garen-lee/jialiang.li/ros2/test/create_pkg_node_ws/src/cpp_pubsub/src/publisher_member_function.cpp:39:38:[m[K [01;31m[Kerror: [m[Kâ€˜[01m[Ku_int64[m[Kâ€™ is not a member of â€˜[01m[Kstd_msgs::msg[m[Kâ€™
[1.726s] [01m[K/home/garen-lee/jialiang.li/ros2/test/create_pkg_node_ws/src/cpp_pubsub/src/publisher_member_function.cpp:39:45:[m[K [01;31m[Kerror: [m[Ktemplate argument 1 is invalid
[1.726s]    39 |     rclcpp::Publisher<std_msgs::msg::u_int64[01;31m[K>[m[K::SharedPtr publisher_;
[1.726s]       |                                             [01;31m[K^[m[K
[1.726s] [01m[K/home/garen-lee/jialiang.li/ros2/test/create_pkg_node_ws/src/cpp_pubsub/src/publisher_member_function.cpp:39:48:[m[K [01;31m[Kerror: [m[Kexpected â€˜[01m[K;[m[Kâ€™ at end of member declaration
[1.727s]    39 |     rclcpp::Publisher<std_msgs::msg::u_int64>::[01;31m[KSharedPtr[m[K publisher_;
[1.727s]       |                                                [01;31m[K^~~~~~~~~[m[K
[1.727s]       |                                                         [32m[K;[m[K
[1.727s] [01m[K/home/garen-lee/jialiang.li/ros2/test/create_pkg_node_ws/src/cpp_pubsub/src/publisher_member_function.cpp:39:58:[m[K [01;31m[Kerror: [m[Kâ€˜[01m[Kpublisher_[m[Kâ€™ does not name a type; did you mean â€˜[01m[Krcl_publisher_t[m[Kâ€™?
[1.727s]    39 |     rclcpp::Publisher<std_msgs::msg::u_int64>::SharedPtr [01;31m[Kpublisher_[m[K;
[1.728s]       |                                                          [01;31m[K^~~~~~~~~~[m[K
[1.728s]       |                                                          [32m[Krcl_publisher_t[m[K
[1.730s] [01m[K/home/garen-lee/jialiang.li/ros2/test/create_pkg_node_ws/src/cpp_pubsub/src/publisher_member_function.cpp:[m[K In constructor â€˜[01m[KTimerPublisher::TimerPublisher()[m[Kâ€™:
[1.731s] [01m[K/home/garen-lee/jialiang.li/ros2/test/create_pkg_node_ws/src/cpp_pubsub/src/publisher_member_function.cpp:24:7:[m[K [01;31m[Kerror: [m[Kâ€˜[01m[Kpublisher_[m[Kâ€™ was not declared in this scope; did you mean â€˜[01m[Krcl_publisher_t[m[Kâ€™?
[1.731s]    24 |       [01;31m[Kpublisher_[m[K = this->create_publisher<std_msgs::msg::u_int64>("topicB", 100);
[1.731s]       |       [01;31m[K^~~~~~~~~~[m[K
[1.732s]       |       [32m[Krcl_publisher_t[m[K
[1.732s] [01m[K/home/garen-lee/jialiang.li/ros2/test/create_pkg_node_ws/src/cpp_pubsub/src/publisher_member_function.cpp:24:58:[m[K [01;31m[Kerror: [m[Kâ€˜[01m[Ku_int64[m[Kâ€™ is not a member of â€˜[01m[Kstd_msgs::msg[m[Kâ€™
[1.733s]    24 |       publisher_ = this->create_publisher<std_msgs::msg::[01;31m[Ku_int64[m[K>("topicB", 100);
[1.733s]       |                                                          [01;31m[K^~~~~~~[m[K
[1.733s] [01m[K/home/garen-lee/jialiang.li/ros2/test/create_pkg_node_ws/src/cpp_pubsub/src/publisher_member_function.cpp:24:58:[m[K [01;31m[Kerror: [m[Kâ€˜[01m[Ku_int64[m[Kâ€™ is not a member of â€˜[01m[Kstd_msgs::msg[m[Kâ€™
[1.733s] [01m[K/home/garen-lee/jialiang.li/ros2/test/create_pkg_node_ws/src/cpp_pubsub/src/publisher_member_function.cpp:24:80:[m[K [01;31m[Kerror: [m[Kno matching function for call to â€˜[01m[KTimerPublisher::create_publisher<<expression error> >(const char [7], int)[m[Kâ€™
[1.733s]    24 |       publisher_ = this->create_publisher<std_msgs::msg::u_int64>("topicB", 100[01;31m[K)[m[K;
[1.734s]       |                                                                                [01;31m[K^[m[K
[1.734s] In file included from [01m[K/opt/ros/foxy/include/rclcpp/executors/single_threaded_executor.hpp:28[m[K,
[1.734s]                  from [01m[K/opt/ros/foxy/include/rclcpp/executors.hpp:22[m[K,
[1.734s]                  from [01m[K/opt/ros/foxy/include/rclcpp/rclcpp.hpp:146[m[K,
[1.734s]                  from [01m[K/home/garen-lee/jialiang.li/ros2/test/create_pkg_node_ws/src/cpp_pubsub/src/publisher_member_function.cpp:5[m[K:
[1.735s] [01m[K/opt/ros/foxy/include/rclcpp/node.hpp:184:3:[m[K [01;36m[Knote: [m[Kcandidate: â€˜[01m[Ktemplate<class MessageT, class AllocatorT, class PublisherT> std::shared_ptr<PublisherT> rclcpp::Node::create_publisher(const string&, const rclcpp::QoS&, const rclcpp::PublisherOptionsWithAllocator<AllocatorT>&)[m[Kâ€™
[1.735s]   184 |   [01;36m[Kcreate_publisher[m[K(
[1.735s]       |   [01;36m[K^~~~~~~~~~~~~~~~[m[K
[1.735s] [01m[K/opt/ros/foxy/include/rclcpp/node.hpp:184:3:[m[K [01;36m[Knote: [m[K  template argument deduction/substitution failed:
[1.735s] [01m[K/home/garen-lee/jialiang.li/ros2/test/create_pkg_node_ws/src/cpp_pubsub/src/publisher_member_function.cpp:24:80:[m[K [01;31m[Kerror: [m[Ktemplate argument 1 is invalid
[1.736s]    24 |       publisher_ = this->create_publisher<std_msgs::msg::u_int64>("topicB", 100[01;31m[K)[m[K;
[1.736s]       |                                                                                [01;31m[K^[m[K
[1.749s] [01m[K/home/garen-lee/jialiang.li/ros2/test/create_pkg_node_ws/src/cpp_pubsub/src/publisher_member_function.cpp:[m[K In member function â€˜[01m[Kvoid TimerPublisher::timer_callback()[m[Kâ€™:
[1.749s] [01m[K/home/garen-lee/jialiang.li/ros2/test/create_pkg_node_ws/src/cpp_pubsub/src/publisher_member_function.cpp:32:37:[m[K [01;31m[Kerror: [m[Kâ€˜[01m[Ku_int64[m[Kâ€™ is not a member of â€˜[01m[Kstd_msgs::msg[m[Kâ€™
[1.750s]    32 |       auto message = std_msgs::msg::[01;31m[Ku_int64[m[K;
[1.750s]       |                                     [01;31m[K^~~~~~~[m[K
[1.750s] [01m[K/home/garen-lee/jialiang.li/ros2/test/create_pkg_node_ws/src/cpp_pubsub/src/publisher_member_function.cpp:33:12:[m[K [01;31m[Kerror: [m[Kâ€˜[01m[Kros[m[Kâ€™ has not been declared
[1.750s]    33 |       t1 = [01;31m[Kros[m[K::Time::now();
[1.750s]       |            [01;31m[K^~~[m[K
[1.751s] [01m[K/home/garen-lee/jialiang.li/ros2/test/create_pkg_node_ws/src/cpp_pubsub/src/publisher_member_function.cpp:34:25:[m[K [01;31m[Kerror: [m[Kâ€˜[01m[Kclass rclcpp::Time[m[Kâ€™ has no member named â€˜[01m[KtonSec[m[Kâ€™
[1.751s]    34 |       message.data = t1.[01;31m[KtonSec[m[K();
[1.751s]       |                         [01;31m[K^~~~~~[m[K
[1.753s] In file included from [01m[K/opt/ros/foxy/include/rclcpp/client.hpp:40[m[K,
[1.754s]                  from [01m[K/opt/ros/foxy/include/rclcpp/callback_group.hpp:23[m[K,
[1.754s]                  from [01m[K/opt/ros/foxy/include/rclcpp/any_executable.hpp:20[m[K,
[1.754s]                  from [01m[K/opt/ros/foxy/include/rclcpp/memory_strategy.hpp:24[m[K,
[1.754s]                  from [01m[K/opt/ros/foxy/include/rclcpp/memory_strategies.hpp:18[m[K,
[1.754s]                  from [01m[K/opt/ros/foxy/include/rclcpp/executor_options.hpp:20[m[K,
[1.755s]                  from [01m[K/opt/ros/foxy/include/rclcpp/executor.hpp:33[m[K,
[1.755s]                  from [01m[K/opt/ros/foxy/include/rclcpp/executors/multi_threaded_executor.hpp:26[m[K,
[1.755s]                  from [01m[K/opt/ros/foxy/include/rclcpp/executors.hpp:21[m[K,
[1.755s]                  from [01m[K/opt/ros/foxy/include/rclcpp/rclcpp.hpp:146[m[K,
[1.755s]                  from [01m[K/home/garen-lee/jialiang.li/ros2/test/create_pkg_node_ws/src/cpp_pubsub/src/publisher_member_function.cpp:5[m[K:
[1.755s] [01m[K/home/garen-lee/jialiang.li/ros2/test/create_pkg_node_ws/src/cpp_pubsub/src/publisher_member_function.cpp:35:89:[m[K [01;31m[Kerror: [m[Kâ€˜[01m[Ktime_last_[m[Kâ€™ was not declared in this scope; did you mean â€˜[01m[Ktime_t[m[Kâ€™?
[1.757s]    35 |       RCLCPP_INFO(this->get_logger(), "topicB Publishing: '%d'", message.data.int32() - [01;31m[Ktime_last_[m[K);
[1.757s]       |                                                                                         [01;31m[K^~~~~~~~~~[m[K
[1.758s] [01m[K/home/garen-lee/jialiang.li/ros2/test/create_pkg_node_ws/src/cpp_pubsub/src/publisher_member_function.cpp:36:7:[m[K [01;31m[Kerror: [m[Kâ€˜[01m[Kpublisher_[m[Kâ€™ was not declared in this scope; did you mean â€˜[01m[Krcl_publisher_t[m[Kâ€™?
[1.758s]    36 |       [01;31m[Kpublisher_[m[K->publish(message);
[1.758s]       |       [01;31m[K^~~~~~~~~~[m[K
[1.758s]       |       [32m[Krcl_publisher_t[m[K
[1.759s] [01m[K/home/garen-lee/jialiang.li/ros2/test/create_pkg_node_ws/src/cpp_pubsub/src/publisher_member_function.cpp:[m[K At global scope:
[1.759s] [01m[K/home/garen-lee/jialiang.li/ros2/test/create_pkg_node_ws/src/cpp_pubsub/src/publisher_member_function.cpp:52:46:[m[K [01;31m[Kerror: [m[Kâ€˜[01m[Ku_int64[m[Kâ€™ in namespace â€˜[01m[Kstd_msgs::msg[m[Kâ€™ does not name a type
[1.759s]    52 |     void topic_callback(const std_msgs::msg::[01;31m[Ku_int64[m[K::SharedPtr msg) const
[1.760s]       |                                              [01;31m[K^~~~~~~[m[K
[1.760s] [01m[K/home/garen-lee/jialiang.li/ros2/test/create_pkg_node_ws/src/cpp_pubsub/src/publisher_member_function.cpp:52:65:[m[K [01;31m[Kerror: [m[Kexpected unqualified-id before â€˜[01m[Kmsg[m[Kâ€™
[1.760s]    52 |     void topic_callback(const std_msgs::msg::u_int64::SharedPtr [01;31m[Kmsg[m[K) const
[1.760s]       |                                                                 [01;31m[K^~~[m[K
[1.761s] [01m[K/home/garen-lee/jialiang.li/ros2/test/create_pkg_node_ws/src/cpp_pubsub/src/publisher_member_function.cpp:52:64:[m[K [01;31m[Kerror: [m[Kexpected â€˜[01m[K)[m[Kâ€™ before â€˜[01m[Kmsg[m[Kâ€™
[1.761s]    52 |     void topic_callback[34m[K([m[Kconst std_msgs::msg::u_int64::SharedPtr[01;31m[K [m[K[32m[Kmsg[m[K) const
[1.761s]       |                        [34m[K~[m[K                                       [01;31m[K^[m[K[32m[K~~~[m[K
[1.761s]       |                                                                [32m[K)[m[K
[1.761s] [01m[K/home/garen-lee/jialiang.li/ros2/test/create_pkg_node_ws/src/cpp_pubsub/src/publisher_member_function.cpp:52:55:[m[K [01;31m[Kerror: [m[Kexpected â€˜[01m[K;[m[Kâ€™ at end of member declaration
[1.761s]    52 |     void topic_callback(const std_msgs::msg::u_int64::[01;31m[KSharedPtr[m[K msg) const
[1.762s]       |                                                       [01;31m[K^~~~~~~~~[m[K
[1.762s]       |                                                                [32m[K;[m[K
[1.762s] [01m[K/home/garen-lee/jialiang.li/ros2/test/create_pkg_node_ws/src/cpp_pubsub/src/publisher_member_function.cpp:52:65:[m[K [01;31m[Kerror: [m[Kâ€˜[01m[Kmsg[m[Kâ€™ does not name a type
[1.763s]    52 |     void topic_callback(const std_msgs::msg::u_int64::SharedPtr [01;31m[Kmsg[m[K) const
[1.763s]       |                                                                 [01;31m[K^~~[m[K
[1.763s] [01m[K/home/garen-lee/jialiang.li/ros2/test/create_pkg_node_ws/src/cpp_pubsub/src/publisher_member_function.cpp:57:41:[m[K [01;31m[Kerror: [m[Kâ€˜[01m[Ku_int64[m[Kâ€™ is not a member of â€˜[01m[Kstd_msgs::msg[m[Kâ€™
[1.763s]    57 |     rclcpp::Subscription<std_msgs::msg::[01;31m[Ku_int64[m[K>::SharedPtr subscription_;
[1.764s]       |                                         [01;31m[K^~~~~~~[m[K
[1.764s] [01m[K/home/garen-lee/jialiang.li/ros2/test/create_pkg_node_ws/src/cpp_pubsub/src/publisher_member_function.cpp:57:41:[m[K [01;31m[Kerror: [m[Kâ€˜[01m[Ku_int64[m[Kâ€™ is not a member of â€˜[01m[Kstd_msgs::msg[m[Kâ€™
[1.764s] [01m[K/home/garen-lee/jialiang.li/ros2/test/create_pkg_node_ws/src/cpp_pubsub/src/publisher_member_function.cpp:57:48:[m[K [01;31m[Kerror: [m[Ktemplate argument 1 is invalid
[1.764s]    57 |     rclcpp::Subscription<std_msgs::msg::u_int64[01;31m[K>[m[K::SharedPtr subscription_;
[1.764s]       |                                                [01;31m[K^[m[K
[1.765s] [01m[K/home/garen-lee/jialiang.li/ros2/test/create_pkg_node_ws/src/cpp_pubsub/src/publisher_member_function.cpp:57:48:[m[K [01;31m[Kerror: [m[Ktemplate argument 3 is invalid
[1.765s] [01m[K/home/garen-lee/jialiang.li/ros2/test/create_pkg_node_ws/src/cpp_pubsub/src/publisher_member_function.cpp:57:51:[m[K [01;31m[Kerror: [m[Kexpected â€˜[01m[K;[m[Kâ€™ at end of member declaration
[1.765s]    57 |     rclcpp::Subscription<std_msgs::msg::u_int64>::[01;31m[KSharedPtr[m[K subscription_;
[1.765s]       |                                                   [01;31m[K^~~~~~~~~[m[K
[1.765s]       |                                                            [32m[K;[m[K
[1.766s] [01m[K/home/garen-lee/jialiang.li/ros2/test/create_pkg_node_ws/src/cpp_pubsub/src/publisher_member_function.cpp:57:61:[m[K [01;31m[Kerror: [m[Kâ€˜[01m[Ksubscription_[m[Kâ€™ does not name a type; did you mean â€˜[01m[Krcl_subscription_t[m[Kâ€™?
[1.766s]    57 |     rclcpp::Subscription<std_msgs::msg::u_int64>::SharedPtr [01;31m[Ksubscription_[m[K;
[1.766s]       |                                                             [01;31m[K^~~~~~~~~~~~~[m[K
[1.766s]       |                                                             [32m[Krcl_subscription_t[m[K
[1.767s] [01m[K/home/garen-lee/jialiang.li/ros2/test/create_pkg_node_ws/src/cpp_pubsub/src/publisher_member_function.cpp:[m[K In constructor â€˜[01m[KTimerSubscriber::TimerSubscriber()[m[Kâ€™:
[1.767s] [01m[K/home/garen-lee/jialiang.li/ros2/test/create_pkg_node_ws/src/cpp_pubsub/src/publisher_member_function.cpp:47:7:[m[K [01;31m[Kerror: [m[Kâ€˜[01m[Ksubscription_[m[Kâ€™ was not declared in this scope; did you mean â€˜[01m[Krcl_subscription_t[m[Kâ€™?
[1.767s]    47 |       [01;31m[Ksubscription_[m[K = this->create_subscription<std_msgs::msg::u_int64>(
[1.767s]       |       [01;31m[K^~~~~~~~~~~~~[m[K
[1.768s]       |       [32m[Krcl_subscription_t[m[K
[1.768s] [01m[K/home/garen-lee/jialiang.li/ros2/test/create_pkg_node_ws/src/cpp_pubsub/src/publisher_member_function.cpp:47:64:[m[K [01;31m[Kerror: [m[Kâ€˜[01m[Ku_int64[m[Kâ€™ is not a member of â€˜[01m[Kstd_msgs::msg[m[Kâ€™
[1.768s]    47 |       subscription_ = this->create_subscription<std_msgs::msg::[01;31m[Ku_int64[m[K>(
[1.768s]       |                                                                [01;31m[K^~~~~~~[m[K
[1.769s] [01m[K/home/garen-lee/jialiang.li/ros2/test/create_pkg_node_ws/src/cpp_pubsub/src/publisher_member_function.cpp:47:64:[m[K [01;31m[Kerror: [m[Kâ€˜[01m[Ku_int64[m[Kâ€™ is not a member of â€˜[01m[Kstd_msgs::msg[m[Kâ€™
[1.778s] [01m[K/home/garen-lee/jialiang.li/ros2/test/create_pkg_node_ws/src/cpp_pubsub/src/publisher_member_function.cpp:48:75:[m[K [01;31m[Kerror: [m[Kno matching function for call to â€˜[01m[KTimerSubscriber::create_subscription<<expression error> >(const char [7], int, std::_Bind_helper<false, void (TimerSubscriber::*)(...), TimerSubscriber*, const std::_Placeholder<1>&>::type)[m[Kâ€™
[1.778s]    48 |       "topicA", 100, std::bind(&TimerSubscriber::topic_callback, this, _1)[01;31m[K)[m[K;
[1.779s]       |                                                                           [01;31m[K^[m[K
[1.779s] In file included from [01m[K/opt/ros/foxy/include/rclcpp/executors/single_threaded_executor.hpp:28[m[K,
[1.779s]                  from [01m[K/opt/ros/foxy/include/rclcpp/executors.hpp:22[m[K,
[1.779s]                  from [01m[K/opt/ros/foxy/include/rclcpp/rclcpp.hpp:146[m[K,
[1.779s]                  from [01m[K/home/garen-lee/jialiang.li/ros2/test/create_pkg_node_ws/src/cpp_pubsub/src/publisher_member_function.cpp:5[m[K:
[1.780s] [01m[K/opt/ros/foxy/include/rclcpp/node.hpp:213:3:[m[K [01;36m[Knote: [m[Kcandidate: â€˜[01m[Ktemplate<class MessageT, class CallbackT, class AllocatorT, class CallbackMessageT, class SubscriptionT, class MessageMemoryStrategyT> std::shared_ptr<SubscriptionT> rclcpp::Node::create_subscription(const string&, const rclcpp::QoS&, CallbackT&&, const rclcpp::SubscriptionOptionsWithAllocator<AllocatorT>&, typename MessageMemoryStrategyT::SharedPtr)[m[Kâ€™
[1.780s]   213 |   [01;36m[Kcreate_subscription[m[K(
[1.780s]       |   [01;36m[K^~~~~~~~~~~~~~~~~~~[m[K
[1.780s] [01m[K/opt/ros/foxy/include/rclcpp/node.hpp:213:3:[m[K [01;36m[Knote: [m[K  template argument deduction/substitution failed:
[1.780s] [01m[K/home/garen-lee/jialiang.li/ros2/test/create_pkg_node_ws/src/cpp_pubsub/src/publisher_member_function.cpp:48:75:[m[K [01;31m[Kerror: [m[Ktemplate argument 1 is invalid
[1.781s]    48 |       "topicA", 100, std::bind(&TimerSubscriber::topic_callback, this, _1)[01;31m[K)[m[K;
[1.781s]       |                                                                           [01;31m[K^[m[K
[2.156s] In file included from [01m[K/usr/include/x86_64-linux-gnu/c++/9/bits/c++allocator.h:33[m[K,
[2.156s]                  from [01m[K/usr/include/c++/9/bits/allocator.h:46[m[K,
[2.157s]                  from [01m[K/usr/include/c++/9/memory:63[m[K,
[2.157s]                  from [01m[K/home/garen-lee/jialiang.li/ros2/test/create_pkg_node_ws/src/cpp_pubsub/src/subscriber_member_function.cpp:1[m[K:
[2.157s] /usr/include/c++/9/ext/new_allocator.h: In instantiation of â€˜[01m[Kvoid __gnu_cxx::new_allocator<_Tp>::construct(_Up*, _Args&& ...) [with _Up = TimerSubscriber; _Args = {}; _Tp = TimerSubscriber][m[Kâ€™:
[2.157s] [01m[K/usr/include/c++/9/bits/alloc_traits.h:483:4:[m[K   required from â€˜[01m[Kstatic void std::allocator_traits<std::allocator<_Tp1> >::construct(std::allocator_traits<std::allocator<_Tp1> >::allocator_type&, _Up*, _Args&& ...) [with _Up = TimerSubscriber; _Args = {}; _Tp = TimerSubscriber; std::allocator_traits<std::allocator<_Tp1> >::allocator_type = std::allocator<TimerSubscriber>][m[Kâ€™
[2.157s] [01m[K/usr/include/c++/9/bits/shared_ptr_base.h:548:39:[m[K   required from â€˜[01m[Kstd::_Sp_counted_ptr_inplace<_Tp, _Alloc, _Lp>::_Sp_counted_ptr_inplace(_Alloc, _Args&& ...) [with _Args = {}; _Tp = TimerSubscriber; _Alloc = std::allocator<TimerSubscriber>; __gnu_cxx::_Lock_policy _Lp = __gnu_cxx::_S_atomic][m[Kâ€™
[2.158s] [01m[K/usr/include/c++/9/bits/shared_ptr_base.h:679:16:[m[K   required from â€˜[01m[Kstd::__shared_count<_Lp>::__shared_count(_Tp*&, std::_Sp_alloc_shared_tag<_Alloc>, _Args&& ...) [with _Tp = TimerSubscriber; _Alloc = std::allocator<TimerSubscriber>; _Args = {}; __gnu_cxx::_Lock_policy _Lp = __gnu_cxx::_S_atomic][m[Kâ€™
[2.158s] [01m[K/usr/include/c++/9/bits/shared_ptr_base.h:1344:71:[m[K   required from â€˜[01m[Kstd::__shared_ptr<_Tp, _Lp>::__shared_ptr(std::_Sp_alloc_shared_tag<_Tp>, _Args&& ...) [with _Alloc = std::allocator<TimerSubscriber>; _Args = {}; _Tp = TimerSubscriber; __gnu_cxx::_Lock_policy _Lp = __gnu_cxx::_S_atomic][m[Kâ€™
[2.158s] [01m[K/usr/include/c++/9/bits/shared_ptr.h:359:59:[m[K   required from â€˜[01m[Kstd::shared_ptr<_Tp>::shared_ptr(std::_Sp_alloc_shared_tag<_Tp>, _Args&& ...) [with _Alloc = std::allocator<TimerSubscriber>; _Args = {}; _Tp = TimerSubscriber][m[Kâ€™
[2.159s] [01m[K/usr/include/c++/9/bits/shared_ptr.h:701:14:[m[K   required from â€˜[01m[Kstd::shared_ptr<_Tp> std::allocate_shared(const _Alloc&, _Args&& ...) [with _Tp = TimerSubscriber; _Alloc = std::allocator<TimerSubscriber>; _Args = {}][m[Kâ€™
[2.159s] [01m[K/usr/include/c++/9/bits/shared_ptr.h:717:39:[m[K   required from â€˜[01m[Kstd::shared_ptr<_Tp> std::make_shared(_Args&& ...) [with _Tp = TimerSubscriber; _Args = {}][m[Kâ€™
[2.159s] [01m[K/home/garen-lee/jialiang.li/ros2/test/create_pkg_node_ws/src/cpp_pubsub/src/subscriber_member_function.cpp:61:50:[m[K   required from here
[2.159s] [01m[K/usr/include/c++/9/ext/new_allocator.h:146:4:[m[K [01;31m[Kerror: [m[Kâ€˜[01m[KTimerSubscriber::TimerSubscriber()[m[Kâ€™ is private within this context
[2.159s]   146 |  { [01;31m[K::new((void *)__p) _Up(std::forward<_Args>(__args)...)[m[K; }
[2.159s]       |    [01;31m[K^~~~~~~~~~~~~~~~~~~~~~~~~~~~~~~~~~~~~~~~~~~~~~~~~~~~~~[m[K
[2.160s] [01m[K/home/garen-lee/jialiang.li/ros2/test/create_pkg_node_ws/src/cpp_pubsub/src/subscriber_member_function.cpp:41:3:[m[K [01;36m[Knote: [m[Kdeclared private here
[2.160s]    41 |   [01;36m[KTimerSubscriber[m[K()
[2.160s]       |   [01;36m[K^~~~~~~~~~~~~~~[m[K
[2.214s] In file included from [01m[K/usr/include/x86_64-linux-gnu/c++/9/bits/c++allocator.h:33[m[K,
[2.214s]                  from [01m[K/usr/include/c++/9/bits/allocator.h:46[m[K,
[2.215s]                  from [01m[K/usr/include/c++/9/string:41[m[K,
[2.215s]                  from [01m[K/usr/include/c++/9/stdexcept:39[m[K,
[2.215s]                  from [01m[K/usr/include/c++/9/array:39[m[K,
[2.215s]                  from [01m[K/usr/include/c++/9/tuple:39[m[K,
[2.215s]                  from [01m[K/usr/include/c++/9/functional:54[m[K,
[2.216s]                  from [01m[K/home/garen-lee/jialiang.li/ros2/test/create_pkg_node_ws/src/cpp_pubsub/src/publisher_member_function.cpp:2[m[K:
[2.216s] /usr/include/c++/9/ext/new_allocator.h: In instantiation of â€˜[01m[Kvoid __gnu_cxx::new_allocator<_Tp>::construct(_Up*, _Args&& ...) [with _Up = TimerSubscriber; _Args = {}; _Tp = TimerSubscriber][m[Kâ€™:
[2.216s] [01m[K/usr/include/c++/9/bits/alloc_traits.h:483:4:[m[K   required from â€˜[01m[Kstatic void std::allocator_traits<std::allocator<_CharT> >::construct(std::allocator_traits<std::allocator<_CharT> >::allocator_type&, _Up*, _Args&& ...) [with _Up = TimerSubscriber; _Args = {}; _Tp = TimerSubscriber; std::allocator_traits<std::allocator<_CharT> >::allocator_type = std::allocator<TimerSubscriber>][m[Kâ€™
[2.216s] [01m[K/usr/include/c++/9/bits/shared_ptr_base.h:548:39:[m[K   required from â€˜[01m[Kstd::_Sp_counted_ptr_inplace<_Tp, _Alloc, _Lp>::_Sp_counted_ptr_inplace(_Alloc, _Args&& ...) [with _Args = {}; _Tp = TimerSubscriber; _Alloc = std::allocator<TimerSubscriber>; __gnu_cxx::_Lock_policy _Lp = __gnu_cxx::_S_atomic][m[Kâ€™
[2.216s] [01m[K/usr/include/c++/9/bits/shared_ptr_base.h:679:16:[m[K   required from â€˜[01m[Kstd::__shared_count<_Lp>::__shared_count(_Tp*&, std::_Sp_alloc_shared_tag<_Alloc>, _Args&& ...) [with _Tp = TimerSubscriber; _Alloc = std::allocator<TimerSubscriber>; _Args = {}; __gnu_cxx::_Lock_policy _Lp = __gnu_cxx::_S_atomic][m[Kâ€™
[2.217s] [01m[K/usr/include/c++/9/bits/shared_ptr_base.h:1344:71:[m[K   required from â€˜[01m[Kstd::__shared_ptr<_Tp, _Lp>::__shared_ptr(std::_Sp_alloc_shared_tag<_Tp>, _Args&& ...) [with _Alloc = std::allocator<TimerSubscriber>; _Args = {}; _Tp = TimerSubscriber; __gnu_cxx::_Lock_policy _Lp = __gnu_cxx::_S_atomic][m[Kâ€™
[2.217s] [01m[K/usr/include/c++/9/bits/shared_ptr.h:359:59:[m[K   required from â€˜[01m[Kstd::shared_ptr<_Tp>::shared_ptr(std::_Sp_alloc_shared_tag<_Tp>, _Args&& ...) [with _Alloc = std::allocator<TimerSubscriber>; _Args = {}; _Tp = TimerSubscriber][m[Kâ€™
[2.217s] [01m[K/usr/include/c++/9/bits/shared_ptr.h:701:14:[m[K   required from â€˜[01m[Kstd::shared_ptr<_Tp> std::allocate_shared(const _Alloc&, _Args&& ...) [with _Tp = TimerSubscriber; _Alloc = std::allocator<TimerSubscriber>; _Args = {}][m[Kâ€™
[2.217s] [01m[K/usr/include/c++/9/bits/shared_ptr.h:717:39:[m[K   required from â€˜[01m[Kstd::shared_ptr<_Tp> std::make_shared(_Args&& ...) [with _Tp = TimerSubscriber; _Args = {}][m[Kâ€™
[2.217s] [01m[K/home/garen-lee/jialiang.li/ros2/test/create_pkg_node_ws/src/cpp_pubsub/src/publisher_member_function.cpp:64:50:[m[K   required from here
[2.218s] [01m[K/usr/include/c++/9/ext/new_allocator.h:146:4:[m[K [01;31m[Kerror: [m[Kâ€˜[01m[KTimerSubscriber::TimerSubscriber()[m[Kâ€™ is private within this context
[2.218s]   146 |  { [01;31m[K::new((void *)__p) _Up(std::forward<_Args>(__args)...)[m[K; }
[2.218s]       |    [01;31m[K^~~~~~~~~~~~~~~~~~~~~~~~~~~~~~~~~~~~~~~~~~~~~~~~~~~~~~[m[K
[2.218s] [01m[K/home/garen-lee/jialiang.li/ros2/test/create_pkg_node_ws/src/cpp_pubsub/src/publisher_member_function.cpp:44:3:[m[K [01;36m[Knote: [m[Kdeclared private here
[2.219s]    44 |   [01;36m[KTimerSubscriber[m[K()
[2.219s]       |   [01;36m[K^~~~~~~~~~~~~~~[m[K
[2.273s] make[2]: *** [CMakeFiles/listener.dir/build.make:76: CMakeFiles/listener.dir/src/subscriber_member_function.cpp.o] Error 1
[2.273s] make[1]: *** [CMakeFiles/Makefile2:165: CMakeFiles/listener.dir/all] Error 2
[2.274s] make[1]: *** Waiting for unfinished jobs....
[2.332s] make[2]: *** [CMakeFiles/talker.dir/build.make:76: CMakeFiles/talker.dir/src/publisher_member_function.cpp.o] Error 1
[2.332s] make[1]: *** [CMakeFiles/Makefile2:139: CMakeFiles/talker.dir/all] Error 2
[2.332s] make: *** [Makefile:146: all] Error 2
[2.335s] Invoked command in '/home/garen-lee/jialiang.li/ros2/test/create_pkg_node_ws/src/cpp_pubsub/build/cpp_pubsub' returned '2': CMAKE_PREFIX_PATH=${CMAKE_PREFIX_PATH}:/opt/ros/foxy /usr/bin/cmake --build /home/garen-lee/jialiang.li/ros2/test/create_pkg_node_ws/src/cpp_pubsub/build/cpp_pubsub -- -j4 -l4
