[01m[K/home/garen-lee/jialiang.li/ros2/test/create_pkg_node_ws/src/pkg_node/src/time.cpp:[m[K In function â€˜[01m[Kint main()[m[Kâ€™:
[01m[K/home/garen-lee/jialiang.li/ros2/test/create_pkg_node_ws/src/pkg_node/src/time.cpp:9:17:[m[K [01;31m[Kerror: [m[Kcannot convert â€˜[01m[Krclcpp::Time[m[Kâ€™ to â€˜[01m[Kconst char*[m[Kâ€™
    9 |   printf(wctype([01;31m[Kt[m[K));
      |                 [01;31m[K^[m[K
      |                 [01;31m[K|[m[K
      |                 [01;31m[Krclcpp::Time[m[K
In file included from [01m[K/usr/include/wctype.h:38[m[K,
                 from [01m[K/usr/include/c++/9/cwctype:50[m[K,
                 from [01m[K/usr/include/c++/9/bits/locale_facets.h:39[m[K,
                 from [01m[K/usr/include/c++/9/bits/basic_ios.h:37[m[K,
                 from [01m[K/usr/include/c++/9/ios:44[m[K,
                 from [01m[K/usr/include/c++/9/ostream:38[m[K,
                 from [01m[K/usr/include/c++/9/iostream:39[m[K,
                 from [01m[K/home/garen-lee/jialiang.li/ros2/test/create_pkg_node_ws/src/pkg_node/src/time.cpp:1[m[K:
[01m[K/usr/include/x86_64-linux-gnu/bits/wctype-wchar.h:155:37:[m[K [01;36m[Knote: [m[K  initializing argument 1 of â€˜[01m[Kwctype_t wctype(const char*)[m[Kâ€™
  155 | extern wctype_t wctype ([01;36m[Kconst char *__property[m[K) __THROW;
      |                         [01;36m[K~~~~~~~~~~~~^~~~~~~~~~[m[K
make[2]: *** [CMakeFiles/ttt.dir/build.make:76: CMakeFiles/ttt.dir/src/time.cpp.o] Error 1
make[1]: *** [CMakeFiles/Makefile2:137: CMakeFiles/ttt.dir/all] Error 2
make: *** [Makefile:146: all] Error 2
