[01m[K/home/garen-lee/jialiang.li/ros2/test/create_pkg_node_ws/src/pkg_node/src/time.cpp:[m[K In function â€˜[01m[Kint main()[m[Kâ€™:
[01m[K/home/garen-lee/jialiang.li/ros2/test/create_pkg_node_ws/src/pkg_node/src/time.cpp:10:3:[m[K [01;31m[Kerror: [m[Kâ€˜[01m[Kstd_msgs[m[Kâ€™ has not been declared
   10 |   [01;31m[Kstd_msgs[m[K::msg::Int64 time_last_;
      |   [01;31m[K^~~~~~~~[m[K
[01m[K/home/garen-lee/jialiang.li/ros2/test/create_pkg_node_ws/src/pkg_node/src/time.cpp:11:24:[m[K [01;31m[Kerror: [m[Kâ€˜[01m[Ktime_last_[m[Kâ€™ was not declared in this scope; did you mean â€˜[01m[Ktime_t[m[Kâ€™?
   11 |   std::cout << typeid ([01;31m[Ktime_last_[m[K).name() << std::endl;
      |                        [01;31m[K^~~~~~~~~~[m[K
      |                        [32m[Ktime_t[m[K
make[2]: *** [CMakeFiles/ttt.dir/build.make:76: CMakeFiles/ttt.dir/src/time.cpp.o] Error 1
make[1]: *** [CMakeFiles/Makefile2:137: CMakeFiles/ttt.dir/all] Error 2
make: *** [Makefile:146: all] Error 2
