[0.026s] Invoking command in '/home/garen-lee/jialiang.li/ros2/test/create_pkg_node_ws/src/pkg_node/build/pkg_node': CMAKE_PREFIX_PATH=/opt/ros/foxy /usr/bin/cmake --build /home/garen-lee/jialiang.li/ros2/test/create_pkg_node_ws/src/pkg_node/build/pkg_node -- -j4 -l4
[0.214s] -- The C compiler identification is GNU 9.4.0
[0.303s] -- The CXX compiler identification is GNU 9.4.0
[0.329s] -- Detecting C compiler ABI info
[0.426s] -- Detecting C compiler ABI info - done
[0.436s] -- Check for working C compiler: /usr/bin/cc - skipped
[0.437s] -- Detecting C compile features
[0.438s] -- Detecting C compile features - done
[0.444s] -- Detecting CXX compiler ABI info
[0.549s] -- Detecting CXX compiler ABI info - done
[0.559s] -- Check for working CXX compiler: /usr/bin/c++ - skipped
[0.559s] -- Detecting CXX compile features
[0.560s] -- Detecting CXX compile features - done
[0.561s] -- Found ament_cmake: 0.9.11 (/opt/ros/foxy/share/ament_cmake/cmake)
[0.591s] -- Using PYTHON_EXECUTABLE: /usr/bin/python3
[0.814s] -- Found rclcpp: 2.4.2 (/opt/ros/foxy/share/rclcpp/cmake)
[0.854s] -- Using all available rosidl_typesupport_c: rosidl_typesupport_fastrtps_c;rosidl_typesupport_introspection_c
[0.858s] -- Found rosidl_adapter: 1.3.0 (/opt/ros/foxy/share/rosidl_adapter/cmake)
[1.013s] -- Using all available rosidl_typesupport_cpp: rosidl_typesupport_fastrtps_cpp;rosidl_typesupport_introspection_cpp
[1.064s] -- Found rmw_implementation_cmake: 1.0.3 (/opt/ros/foxy/share/rmw_implementation_cmake/cmake)
[1.066s] -- Using RMW implementation 'rmw_fastrtps_cpp' as default
[1.221s] -- Found ament_lint_auto: 0.9.7 (/opt/ros/foxy/share/ament_lint_auto/cmake)
[1.299s] -- Added test 'copyright' to check source files copyright and LICENSE
[1.319s] -- Added test 'cppcheck' to perform static code analysis on C / C++ code
[1.320s] -- Configured cppcheck include dirs: 
[1.320s] -- Configured cppcheck exclude dirs and/or files: 
[1.339s] -- Added test 'cpplint' to check C / C++ code against the Google style
[1.339s] -- Configured cpplint exclude dirs and/or files: 
[1.342s] -- Added test 'flake8' to check Python code syntax and style conventions
[1.347s] -- Added test 'lint_cmake' to check CMake code style
[1.350s] -- Added test 'pep257' to check Python code against some of the style conventions in PEP 257
[1.370s] -- Added test 'uncrustify' to check C / C++ code style
[1.371s] -- Configured uncrustify additional arguments: 
[1.373s] -- Added test 'xmllint' to check XML markup files
[1.375s] -- Configuring done
[1.393s] -- Generating done
[1.397s] -- Build files have been written to: /home/garen-lee/jialiang.li/ros2/test/create_pkg_node_ws/src/pkg_node/build/pkg_node
[1.418s] [35m[1mConsolidate compiler generated dependencies of target ttt[0m
[1.436s] [ 50%] [32mBuilding CXX object CMakeFiles/ttt.dir/src/time.cpp.o[0m
[3.048s] [01m[K/home/garen-lee/jialiang.li/ros2/test/create_pkg_node_ws/src/pkg_node/src/time.cpp:[m[K In function â€˜[01m[Kint main()[m[Kâ€™:
[3.048s] [01m[K/home/garen-lee/jialiang.li/ros2/test/create_pkg_node_ws/src/pkg_node/src/time.cpp:10:3:[m[K [01;31m[Kerror: [m[Kâ€˜[01m[Kstd_msgs[m[Kâ€™ has not been declared
[3.048s]    10 |   [01;31m[Kstd_msgs[m[K::msg::Int64 time_last_;
[3.048s]       |   [01;31m[K^~~~~~~~[m[K
[3.051s] [01m[K/home/garen-lee/jialiang.li/ros2/test/create_pkg_node_ws/src/pkg_node/src/time.cpp:11:24:[m[K [01;31m[Kerror: [m[Kâ€˜[01m[Ktime_last_[m[Kâ€™ was not declared in this scope; did you mean â€˜[01m[Ktime_t[m[Kâ€™?
[3.052s]    11 |   std::cout << typeid ([01;31m[Ktime_last_[m[K).name() << std::endl;
[3.052s]       |                        [01;31m[K^~~~~~~~~~[m[K
[3.052s]       |                        [32m[Ktime_t[m[K
[3.544s] make[2]: *** [CMakeFiles/ttt.dir/build.make:76: CMakeFiles/ttt.dir/src/time.cpp.o] Error 1
[3.544s] make[1]: *** [CMakeFiles/Makefile2:137: CMakeFiles/ttt.dir/all] Error 2
[3.544s] make: *** [Makefile:146: all] Error 2
[3.547s] Invoked command in '/home/garen-lee/jialiang.li/ros2/test/create_pkg_node_ws/src/pkg_node/build/pkg_node' returned '2': CMAKE_PREFIX_PATH=/opt/ros/foxy /usr/bin/cmake --build /home/garen-lee/jialiang.li/ros2/test/create_pkg_node_ws/src/pkg_node/build/pkg_node -- -j4 -l4
