[0.019s] Invoking command in '/home/garen-lee/jialiang.li/ros2/test/create_pkg_node_ws/src/cpp_pubsub/build/cpp_pubsub': CMAKE_PREFIX_PATH=/opt/ros/foxy /usr/bin/cmake --build /home/garen-lee/jialiang.li/ros2/test/create_pkg_node_ws/src/cpp_pubsub/build/cpp_pubsub -- -j4 -l4
[0.065s] [ 50%] [32mBuilding CXX object CMakeFiles/listener.dir/src/subscriber_member_function.cpp.o[0m
[0.065s] [ 50%] [32mBuilding CXX object CMakeFiles/talker.dir/src/publisher_member_function.cpp.o[0m
[0.213s] [01m[K/home/garen-lee/jialiang.li/ros2/test/create_pkg_node_ws/src/cpp_pubsub/src/publisher_member_function.cpp:9:10:[m[K [01;31m[Kfatal error: [m[Kros/time.h: No such file or directory
[0.213s]     9 | #include [01;31m[K"ros/time.h"[m[K
[0.214s]       |          [01;31m[K^~~~~~~~~~~~[m[K
[0.214s] compilation terminated.
[0.218s] make[2]: *** [CMakeFiles/talker.dir/build.make:76: CMakeFiles/talker.dir/src/publisher_member_function.cpp.o] Error 1
[0.218s] make[1]: *** [CMakeFiles/Makefile2:139: CMakeFiles/talker.dir/all] Error 2
[0.218s] make[1]: *** Waiting for unfinished jobs....
[1.913s] [01m[K/home/garen-lee/jialiang.li/ros2/test/create_pkg_node_ws/src/cpp_pubsub/src/subscriber_member_function.cpp:14:16:[m[K [01;31m[Kerror: [m[Kâ€˜[01m[Kint32[m[Kâ€™ in namespace â€˜[01m[Kstd_msgs::msg[m[Kâ€™ does not name a type; did you mean â€˜[01m[KInt32[m[Kâ€™?
[1.913s]    14 | std_msgs::msg::[01;31m[Kint32[m[K time_last_;
[1.913s]       |                [01;31m[K^~~~~[m[K
[1.913s]       |                [32m[KInt32[m[K
[1.915s] [01m[K/home/garen-lee/jialiang.li/ros2/test/create_pkg_node_ws/src/cpp_pubsub/src/subscriber_member_function.cpp:16:1:[m[K [01;31m[Kerror: [m[Kâ€˜[01m[Ktime_last_[m[Kâ€™ does not name a type; did you mean â€˜[01m[Ktime_t[m[Kâ€™?
[1.915s]    16 | [01;31m[Ktime_last_[m[K= t1.nanoseconds();
[1.915s]       | [01;31m[K^~~~~~~~~~[m[K
[1.915s]       | [32m[Ktime_t[m[K
[1.915s] [01m[K/home/garen-lee/jialiang.li/ros2/test/create_pkg_node_ws/src/cpp_pubsub/src/subscriber_member_function.cpp:39:38:[m[K [01;31m[Kerror: [m[Kâ€˜[01m[Kint32[m[Kâ€™ is not a member of â€˜[01m[Kstd_msgs::msg[m[Kâ€™; did you mean â€˜[01m[KInt32[m[Kâ€™?
[1.915s]    39 |     rclcpp::Publisher<std_msgs::msg::[01;31m[Kint32[m[K>::SharedPtr publisher_;
[1.916s]       |                                      [01;31m[K^~~~~[m[K
[1.916s]       |                                      [32m[KInt32[m[K
[1.916s] [01m[K/home/garen-lee/jialiang.li/ros2/test/create_pkg_node_ws/src/cpp_pubsub/src/subscriber_member_function.cpp:39:38:[m[K [01;31m[Kerror: [m[Kâ€˜[01m[Kint32[m[Kâ€™ is not a member of â€˜[01m[Kstd_msgs::msg[m[Kâ€™; did you mean â€˜[01m[KInt32[m[Kâ€™?
[1.916s]    39 |     rclcpp::Publisher<std_msgs::msg::[01;31m[Kint32[m[K>::SharedPtr publisher_;
[1.916s]       |                                      [01;31m[K^~~~~[m[K
[1.916s]       |                                      [32m[KInt32[m[K
[1.917s] [01m[K/home/garen-lee/jialiang.li/ros2/test/create_pkg_node_ws/src/cpp_pubsub/src/subscriber_member_function.cpp:39:43:[m[K [01;31m[Kerror: [m[Ktemplate argument 1 is invalid
[1.917s]    39 |     rclcpp::Publisher<std_msgs::msg::int32[01;31m[K>[m[K::SharedPtr publisher_;
[1.917s]       |                                           [01;31m[K^[m[K
[1.917s] [01m[K/home/garen-lee/jialiang.li/ros2/test/create_pkg_node_ws/src/cpp_pubsub/src/subscriber_member_function.cpp:39:46:[m[K [01;31m[Kerror: [m[Kexpected â€˜[01m[K;[m[Kâ€™ at end of member declaration
[1.917s]    39 |     rclcpp::Publisher<std_msgs::msg::int32>::[01;31m[KSharedPtr[m[K publisher_;
[1.917s]       |                                              [01;31m[K^~~~~~~~~[m[K
[1.918s]       |                                                       [32m[K;[m[K
[1.918s] [01m[K/home/garen-lee/jialiang.li/ros2/test/create_pkg_node_ws/src/cpp_pubsub/src/subscriber_member_function.cpp:39:56:[m[K [01;31m[Kerror: [m[Kâ€˜[01m[Kpublisher_[m[Kâ€™ does not name a type; did you mean â€˜[01m[Krcl_publisher_t[m[Kâ€™?
[1.918s]    39 |     rclcpp::Publisher<std_msgs::msg::int32>::SharedPtr [01;31m[Kpublisher_[m[K;
[1.918s]       |                                                        [01;31m[K^~~~~~~~~~[m[K
[1.918s]       |                                                        [32m[Krcl_publisher_t[m[K
[1.921s] [01m[K/home/garen-lee/jialiang.li/ros2/test/create_pkg_node_ws/src/cpp_pubsub/src/subscriber_member_function.cpp:[m[K In constructor â€˜[01m[KTimerPublisher::TimerPublisher()[m[Kâ€™:
[1.922s] [01m[K/home/garen-lee/jialiang.li/ros2/test/create_pkg_node_ws/src/cpp_pubsub/src/subscriber_member_function.cpp:24:7:[m[K [01;31m[Kerror: [m[Kâ€˜[01m[Kpublisher_[m[Kâ€™ was not declared in this scope; did you mean â€˜[01m[Krcl_publisher_t[m[Kâ€™?
[1.922s]    24 |       [01;31m[Kpublisher_[m[K = this->create_publisher<std_msgs::msg::int32>("topicB", 100);
[1.922s]       |       [01;31m[K^~~~~~~~~~[m[K
[1.923s]       |       [32m[Krcl_publisher_t[m[K
[1.923s] [01m[K/home/garen-lee/jialiang.li/ros2/test/create_pkg_node_ws/src/cpp_pubsub/src/subscriber_member_function.cpp:24:58:[m[K [01;31m[Kerror: [m[Kâ€˜[01m[Kint32[m[Kâ€™ is not a member of â€˜[01m[Kstd_msgs::msg[m[Kâ€™; did you mean â€˜[01m[KInt32[m[Kâ€™?
[1.923s]    24 |       publisher_ = this->create_publisher<std_msgs::msg::[01;31m[Kint32[m[K>("topicB", 100);
[1.924s]       |                                                          [01;31m[K^~~~~[m[K
[1.924s]       |                                                          [32m[KInt32[m[K
[1.924s] [01m[K/home/garen-lee/jialiang.li/ros2/test/create_pkg_node_ws/src/cpp_pubsub/src/subscriber_member_function.cpp:24:58:[m[K [01;31m[Kerror: [m[Kâ€˜[01m[Kint32[m[Kâ€™ is not a member of â€˜[01m[Kstd_msgs::msg[m[Kâ€™; did you mean â€˜[01m[KInt32[m[Kâ€™?
[1.924s]    24 |       publisher_ = this->create_publisher<std_msgs::msg::[01;31m[Kint32[m[K>("topicB", 100);
[1.924s]       |                                                          [01;31m[K^~~~~[m[K
[1.924s]       |                                                          [32m[KInt32[m[K
[1.925s] [01m[K/home/garen-lee/jialiang.li/ros2/test/create_pkg_node_ws/src/cpp_pubsub/src/subscriber_member_function.cpp:24:78:[m[K [01;31m[Kerror: [m[Kno matching function for call to â€˜[01m[KTimerPublisher::create_publisher<<expression error> >(const char [7], int)[m[Kâ€™
[1.925s]    24 |       publisher_ = this->create_publisher<std_msgs::msg::int32>("topicB", 100[01;31m[K)[m[K;
[1.925s]       |                                                                              [01;31m[K^[m[K
[1.925s] In file included from [01m[K/opt/ros/foxy/include/rclcpp/executors/single_threaded_executor.hpp:28[m[K,
[1.925s]                  from [01m[K/opt/ros/foxy/include/rclcpp/executors.hpp:22[m[K,
[1.925s]                  from [01m[K/opt/ros/foxy/include/rclcpp/rclcpp.hpp:146[m[K,
[1.925s]                  from [01m[K/home/garen-lee/jialiang.li/ros2/test/create_pkg_node_ws/src/cpp_pubsub/src/subscriber_member_function.cpp:5[m[K:
[1.926s] [01m[K/opt/ros/foxy/include/rclcpp/node.hpp:184:3:[m[K [01;36m[Knote: [m[Kcandidate: â€˜[01m[Ktemplate<class MessageT, class AllocatorT, class PublisherT> std::shared_ptr<PublisherT> rclcpp::Node::create_publisher(const string&, const rclcpp::QoS&, const rclcpp::PublisherOptionsWithAllocator<AllocatorT>&)[m[Kâ€™
[1.926s]   184 |   [01;36m[Kcreate_publisher[m[K(
[1.926s]       |   [01;36m[K^~~~~~~~~~~~~~~~[m[K
[1.926s] [01m[K/opt/ros/foxy/include/rclcpp/node.hpp:184:3:[m[K [01;36m[Knote: [m[K  template argument deduction/substitution failed:
[1.926s] [01m[K/home/garen-lee/jialiang.li/ros2/test/create_pkg_node_ws/src/cpp_pubsub/src/subscriber_member_function.cpp:24:78:[m[K [01;31m[Kerror: [m[Ktemplate argument 1 is invalid
[1.926s]    24 |       publisher_ = this->create_publisher<std_msgs::msg::int32>("topicB", 100[01;31m[K)[m[K;
[1.926s]       |                                                                              [01;31m[K^[m[K
[1.937s] [01m[K/home/garen-lee/jialiang.li/ros2/test/create_pkg_node_ws/src/cpp_pubsub/src/subscriber_member_function.cpp:[m[K In member function â€˜[01m[Kvoid TimerPublisher::timer_callback()[m[Kâ€™:
[1.938s] [01m[K/home/garen-lee/jialiang.li/ros2/test/create_pkg_node_ws/src/cpp_pubsub/src/subscriber_member_function.cpp:32:37:[m[K [01;31m[Kerror: [m[Kâ€˜[01m[Kint32[m[Kâ€™ is not a member of â€˜[01m[Kstd_msgs::msg[m[Kâ€™; did you mean â€˜[01m[KInt32[m[Kâ€™?
[1.938s]    32 |       auto message = std_msgs::msg::[01;31m[Kint32[m[K();
[1.938s]       |                                     [01;31m[K^~~~~[m[K
[1.938s]       |                                     [32m[KInt32[m[K
[1.941s] In file included from [01m[K/opt/ros/foxy/include/rclcpp/client.hpp:40[m[K,
[1.941s]                  from [01m[K/opt/ros/foxy/include/rclcpp/callback_group.hpp:23[m[K,
[1.942s]                  from [01m[K/opt/ros/foxy/include/rclcpp/any_executable.hpp:20[m[K,
[1.942s]                  from [01m[K/opt/ros/foxy/include/rclcpp/memory_strategy.hpp:24[m[K,
[1.942s]                  from [01m[K/opt/ros/foxy/include/rclcpp/memory_strategies.hpp:18[m[K,
[1.942s]                  from [01m[K/opt/ros/foxy/include/rclcpp/executor_options.hpp:20[m[K,
[1.942s]                  from [01m[K/opt/ros/foxy/include/rclcpp/executor.hpp:33[m[K,
[1.942s]                  from [01m[K/opt/ros/foxy/include/rclcpp/executors/multi_threaded_executor.hpp:26[m[K,
[1.942s]                  from [01m[K/opt/ros/foxy/include/rclcpp/executors.hpp:21[m[K,
[1.942s]                  from [01m[K/opt/ros/foxy/include/rclcpp/rclcpp.hpp:146[m[K,
[1.943s]                  from [01m[K/home/garen-lee/jialiang.li/ros2/test/create_pkg_node_ws/src/cpp_pubsub/src/subscriber_member_function.cpp:5[m[K:
[1.943s] [01m[K/home/garen-lee/jialiang.li/ros2/test/create_pkg_node_ws/src/cpp_pubsub/src/subscriber_member_function.cpp:35:89:[m[K [01;31m[Kerror: [m[Kâ€˜[01m[Ktime_last_[m[Kâ€™ was not declared in this scope; did you mean â€˜[01m[Ktime_t[m[Kâ€™?
[1.943s]    35 |       RCLCPP_INFO(this->get_logger(), "topicB Publishing: '%f'", message.data.int32() - [01;31m[Ktime_last_[m[K);
[1.943s]       |                                                                                         [01;31m[K^~~~~~~~~~[m[K
[1.944s] [01m[K/home/garen-lee/jialiang.li/ros2/test/create_pkg_node_ws/src/cpp_pubsub/src/subscriber_member_function.cpp:36:7:[m[K [01;31m[Kerror: [m[Kâ€˜[01m[Kpublisher_[m[Kâ€™ was not declared in this scope; did you mean â€˜[01m[Krcl_publisher_t[m[Kâ€™?
[1.945s]    36 |       [01;31m[Kpublisher_[m[K->publish(message);
[1.945s]       |       [01;31m[K^~~~~~~~~~[m[K
[1.945s]       |       [32m[Krcl_publisher_t[m[K
[1.945s] [01m[K/home/garen-lee/jialiang.li/ros2/test/create_pkg_node_ws/src/cpp_pubsub/src/subscriber_member_function.cpp:[m[K At global scope:
[1.945s] [01m[K/home/garen-lee/jialiang.li/ros2/test/create_pkg_node_ws/src/cpp_pubsub/src/subscriber_member_function.cpp:52:46:[m[K [01;31m[Kerror: [m[Kâ€˜[01m[Kint32[m[Kâ€™ in namespace â€˜[01m[Kstd_msgs::msg[m[Kâ€™ does not name a type; did you mean â€˜[01m[KInt32[m[Kâ€™?
[1.945s]    52 |     void topic_callback(const std_msgs::msg::[01;31m[Kint32[m[K::SharedPtr msg) const
[1.945s]       |                                              [01;31m[K^~~~~[m[K
[1.945s]       |                                              [32m[KInt32[m[K
[1.946s] [01m[K/home/garen-lee/jialiang.li/ros2/test/create_pkg_node_ws/src/cpp_pubsub/src/subscriber_member_function.cpp:52:63:[m[K [01;31m[Kerror: [m[Kexpected unqualified-id before â€˜[01m[Kmsg[m[Kâ€™
[1.946s]    52 |     void topic_callback(const std_msgs::msg::int32::SharedPtr [01;31m[Kmsg[m[K) const
[1.946s]       |                                                               [01;31m[K^~~[m[K
[1.946s] [01m[K/home/garen-lee/jialiang.li/ros2/test/create_pkg_node_ws/src/cpp_pubsub/src/subscriber_member_function.cpp:52:62:[m[K [01;31m[Kerror: [m[Kexpected â€˜[01m[K)[m[Kâ€™ before â€˜[01m[Kmsg[m[Kâ€™
[1.946s]    52 |     void topic_callback[34m[K([m[Kconst std_msgs::msg::int32::SharedPtr[01;31m[K [m[K[32m[Kmsg[m[K) const
[1.947s]       |                        [34m[K~[m[K                                     [01;31m[K^[m[K[32m[K~~~[m[K
[1.947s]       |                                                              [32m[K)[m[K
[1.947s] [01m[K/home/garen-lee/jialiang.li/ros2/test/create_pkg_node_ws/src/cpp_pubsub/src/subscriber_member_function.cpp:52:53:[m[K [01;31m[Kerror: [m[Kexpected â€˜[01m[K;[m[Kâ€™ at end of member declaration
[1.947s]    52 |     void topic_callback(const std_msgs::msg::int32::[01;31m[KSharedPtr[m[K msg) const
[1.947s]       |                                                     [01;31m[K^~~~~~~~~[m[K
[1.947s]       |                                                              [32m[K;[m[K
[1.947s] [01m[K/home/garen-lee/jialiang.li/ros2/test/create_pkg_node_ws/src/cpp_pubsub/src/subscriber_member_function.cpp:52:63:[m[K [01;31m[Kerror: [m[Kâ€˜[01m[Kmsg[m[Kâ€™ does not name a type
[1.947s]    52 |     void topic_callback(const std_msgs::msg::int32::SharedPtr [01;31m[Kmsg[m[K) const
[1.948s]       |                                                               [01;31m[K^~~[m[K
[1.948s] [01m[K/home/garen-lee/jialiang.li/ros2/test/create_pkg_node_ws/src/cpp_pubsub/src/subscriber_member_function.cpp:57:41:[m[K [01;31m[Kerror: [m[Kâ€˜[01m[Kint32[m[Kâ€™ is not a member of â€˜[01m[Kstd_msgs::msg[m[Kâ€™; did you mean â€˜[01m[KInt32[m[Kâ€™?
[1.948s]    57 |     rclcpp::Subscription<std_msgs::msg::[01;31m[Kint32[m[K>::SharedPtr subscription_;
[1.948s]       |                                         [01;31m[K^~~~~[m[K
[1.948s]       |                                         [32m[KInt32[m[K
[1.948s] [01m[K/home/garen-lee/jialiang.li/ros2/test/create_pkg_node_ws/src/cpp_pubsub/src/subscriber_member_function.cpp:57:41:[m[K [01;31m[Kerror: [m[Kâ€˜[01m[Kint32[m[Kâ€™ is not a member of â€˜[01m[Kstd_msgs::msg[m[Kâ€™; did you mean â€˜[01m[KInt32[m[Kâ€™?
[1.948s]    57 |     rclcpp::Subscription<std_msgs::msg::[01;31m[Kint32[m[K>::SharedPtr subscription_;
[1.949s]       |                                         [01;31m[K^~~~~[m[K
[1.949s]       |                                         [32m[KInt32[m[K
[1.949s] [01m[K/home/garen-lee/jialiang.li/ros2/test/create_pkg_node_ws/src/cpp_pubsub/src/subscriber_member_function.cpp:57:46:[m[K [01;31m[Kerror: [m[Ktemplate argument 1 is invalid
[1.949s]    57 |     rclcpp::Subscription<std_msgs::msg::int32[01;31m[K>[m[K::SharedPtr subscription_;
[1.950s]       |                                              [01;31m[K^[m[K
[1.950s] [01m[K/home/garen-lee/jialiang.li/ros2/test/create_pkg_node_ws/src/cpp_pubsub/src/subscriber_member_function.cpp:57:46:[m[K [01;31m[Kerror: [m[Ktemplate argument 3 is invalid
[1.950s] [01m[K/home/garen-lee/jialiang.li/ros2/test/create_pkg_node_ws/src/cpp_pubsub/src/subscriber_member_function.cpp:57:49:[m[K [01;31m[Kerror: [m[Kexpected â€˜[01m[K;[m[Kâ€™ at end of member declaration
[1.950s]    57 |     rclcpp::Subscription<std_msgs::msg::int32>::[01;31m[KSharedPtr[m[K subscription_;
[1.950s]       |                                                 [01;31m[K^~~~~~~~~[m[K
[1.950s]       |                                                          [32m[K;[m[K
[1.950s] [01m[K/home/garen-lee/jialiang.li/ros2/test/create_pkg_node_ws/src/cpp_pubsub/src/subscriber_member_function.cpp:57:59:[m[K [01;31m[Kerror: [m[Kâ€˜[01m[Ksubscription_[m[Kâ€™ does not name a type; did you mean â€˜[01m[Krcl_subscription_t[m[Kâ€™?
[1.950s]    57 |     rclcpp::Subscription<std_msgs::msg::int32>::SharedPtr [01;31m[Ksubscription_[m[K;
[1.950s]       |                                                           [01;31m[K^~~~~~~~~~~~~[m[K
[1.951s]       |                                                           [32m[Krcl_subscription_t[m[K
[1.953s] [01m[K/home/garen-lee/jialiang.li/ros2/test/create_pkg_node_ws/src/cpp_pubsub/src/subscriber_member_function.cpp:[m[K In constructor â€˜[01m[KTimerSubscriber::TimerSubscriber()[m[Kâ€™:
[1.954s] [01m[K/home/garen-lee/jialiang.li/ros2/test/create_pkg_node_ws/src/cpp_pubsub/src/subscriber_member_function.cpp:47:7:[m[K [01;31m[Kerror: [m[Kâ€˜[01m[Ksubscription_[m[Kâ€™ was not declared in this scope; did you mean â€˜[01m[Krcl_subscription_t[m[Kâ€™?
[1.954s]    47 |       [01;31m[Ksubscription_[m[K = this->create_subscription<std_msgs::msg::int32>(
[1.954s]       |       [01;31m[K^~~~~~~~~~~~~[m[K
[1.954s]       |       [32m[Krcl_subscription_t[m[K
[1.954s] [01m[K/home/garen-lee/jialiang.li/ros2/test/create_pkg_node_ws/src/cpp_pubsub/src/subscriber_member_function.cpp:47:64:[m[K [01;31m[Kerror: [m[Kâ€˜[01m[Kint32[m[Kâ€™ is not a member of â€˜[01m[Kstd_msgs::msg[m[Kâ€™; did you mean â€˜[01m[KInt32[m[Kâ€™?
[1.954s]    47 |       subscription_ = this->create_subscription<std_msgs::msg::[01;31m[Kint32[m[K>(
[1.955s]       |                                                                [01;31m[K^~~~~[m[K
[1.955s]       |                                                                [32m[KInt32[m[K
[1.956s] [01m[K/home/garen-lee/jialiang.li/ros2/test/create_pkg_node_ws/src/cpp_pubsub/src/subscriber_member_function.cpp:47:64:[m[K [01;31m[Kerror: [m[Kâ€˜[01m[Kint32[m[Kâ€™ is not a member of â€˜[01m[Kstd_msgs::msg[m[Kâ€™; did you mean â€˜[01m[KInt32[m[Kâ€™?
[1.956s]    47 |       subscription_ = this->create_subscription<std_msgs::msg::[01;31m[Kint32[m[K>(
[1.956s]       |                                                                [01;31m[K^~~~~[m[K
[1.956s]       |                                                                [32m[KInt32[m[K
[1.963s] [01m[K/home/garen-lee/jialiang.li/ros2/test/create_pkg_node_ws/src/cpp_pubsub/src/subscriber_member_function.cpp:48:75:[m[K [01;31m[Kerror: [m[Kno matching function for call to â€˜[01m[KTimerSubscriber::create_subscription<<expression error> >(const char [7], int, std::_Bind_helper<false, void (TimerSubscriber::*)(...), TimerSubscriber*, const std::_Placeholder<1>&>::type)[m[Kâ€™
[1.963s]    48 |       "topicA", 100, std::bind(&TimerSubscriber::topic_callback, this, _1)[01;31m[K)[m[K;
[1.963s]       |                                                                           [01;31m[K^[m[K
[1.963s] In file included from [01m[K/opt/ros/foxy/include/rclcpp/executors/single_threaded_executor.hpp:28[m[K,
[1.963s]                  from [01m[K/opt/ros/foxy/include/rclcpp/executors.hpp:22[m[K,
[1.963s]                  from [01m[K/opt/ros/foxy/include/rclcpp/rclcpp.hpp:146[m[K,
[1.963s]                  from [01m[K/home/garen-lee/jialiang.li/ros2/test/create_pkg_node_ws/src/cpp_pubsub/src/subscriber_member_function.cpp:5[m[K:
[1.963s] [01m[K/opt/ros/foxy/include/rclcpp/node.hpp:213:3:[m[K [01;36m[Knote: [m[Kcandidate: â€˜[01m[Ktemplate<class MessageT, class CallbackT, class AllocatorT, class CallbackMessageT, class SubscriptionT, class MessageMemoryStrategyT> std::shared_ptr<SubscriptionT> rclcpp::Node::create_subscription(const string&, const rclcpp::QoS&, CallbackT&&, const rclcpp::SubscriptionOptionsWithAllocator<AllocatorT>&, typename MessageMemoryStrategyT::SharedPtr)[m[Kâ€™
[1.963s]   213 |   [01;36m[Kcreate_subscription[m[K(
[1.964s]       |   [01;36m[K^~~~~~~~~~~~~~~~~~~[m[K
[1.964s] [01m[K/opt/ros/foxy/include/rclcpp/node.hpp:213:3:[m[K [01;36m[Knote: [m[K  template argument deduction/substitution failed:
[1.964s] [01m[K/home/garen-lee/jialiang.li/ros2/test/create_pkg_node_ws/src/cpp_pubsub/src/subscriber_member_function.cpp:48:75:[m[K [01;31m[Kerror: [m[Ktemplate argument 1 is invalid
[1.964s]    48 |       "topicA", 100, std::bind(&TimerSubscriber::topic_callback, this, _1)[01;31m[K)[m[K;
[1.964s]       |                                                                           [01;31m[K^[m[K
[2.377s] In file included from [01m[K/usr/include/x86_64-linux-gnu/c++/9/bits/c++allocator.h:33[m[K,
[2.377s]                  from [01m[K/usr/include/c++/9/bits/allocator.h:46[m[K,
[2.377s]                  from [01m[K/usr/include/c++/9/string:41[m[K,
[2.377s]                  from [01m[K/usr/include/c++/9/stdexcept:39[m[K,
[2.377s]                  from [01m[K/usr/include/c++/9/array:39[m[K,
[2.377s]                  from [01m[K/usr/include/c++/9/tuple:39[m[K,
[2.378s]                  from [01m[K/usr/include/c++/9/functional:54[m[K,
[2.378s]                  from [01m[K/home/garen-lee/jialiang.li/ros2/test/create_pkg_node_ws/src/cpp_pubsub/src/subscriber_member_function.cpp:2[m[K:
[2.378s] /usr/include/c++/9/ext/new_allocator.h: In instantiation of â€˜[01m[Kvoid __gnu_cxx::new_allocator<_Tp>::construct(_Up*, _Args&& ...) [with _Up = TimerSubscriber; _Args = {}; _Tp = TimerSubscriber][m[Kâ€™:
[2.378s] [01m[K/usr/include/c++/9/bits/alloc_traits.h:483:4:[m[K   required from â€˜[01m[Kstatic void std::allocator_traits<std::allocator<_CharT> >::construct(std::allocator_traits<std::allocator<_CharT> >::allocator_type&, _Up*, _Args&& ...) [with _Up = TimerSubscriber; _Args = {}; _Tp = TimerSubscriber; std::allocator_traits<std::allocator<_CharT> >::allocator_type = std::allocator<TimerSubscriber>][m[Kâ€™
[2.378s] [01m[K/usr/include/c++/9/bits/shared_ptr_base.h:548:39:[m[K   required from â€˜[01m[Kstd::_Sp_counted_ptr_inplace<_Tp, _Alloc, _Lp>::_Sp_counted_ptr_inplace(_Alloc, _Args&& ...) [with _Args = {}; _Tp = TimerSubscriber; _Alloc = std::allocator<TimerSubscriber>; __gnu_cxx::_Lock_policy _Lp = __gnu_cxx::_S_atomic][m[Kâ€™
[2.378s] [01m[K/usr/include/c++/9/bits/shared_ptr_base.h:679:16:[m[K   required from â€˜[01m[Kstd::__shared_count<_Lp>::__shared_count(_Tp*&, std::_Sp_alloc_shared_tag<_Alloc>, _Args&& ...) [with _Tp = TimerSubscriber; _Alloc = std::allocator<TimerSubscriber>; _Args = {}; __gnu_cxx::_Lock_policy _Lp = __gnu_cxx::_S_atomic][m[Kâ€™
[2.378s] [01m[K/usr/include/c++/9/bits/shared_ptr_base.h:1344:71:[m[K   required from â€˜[01m[Kstd::__shared_ptr<_Tp, _Lp>::__shared_ptr(std::_Sp_alloc_shared_tag<_Tp>, _Args&& ...) [with _Alloc = std::allocator<TimerSubscriber>; _Args = {}; _Tp = TimerSubscriber; __gnu_cxx::_Lock_policy _Lp = __gnu_cxx::_S_atomic][m[Kâ€™
[2.378s] [01m[K/usr/include/c++/9/bits/shared_ptr.h:359:59:[m[K   required from â€˜[01m[Kstd::shared_ptr<_Tp>::shared_ptr(std::_Sp_alloc_shared_tag<_Tp>, _Args&& ...) [with _Alloc = std::allocator<TimerSubscriber>; _Args = {}; _Tp = TimerSubscriber][m[Kâ€™
[2.379s] [01m[K/usr/include/c++/9/bits/shared_ptr.h:701:14:[m[K   required from â€˜[01m[Kstd::shared_ptr<_Tp> std::allocate_shared(const _Alloc&, _Args&& ...) [with _Tp = TimerSubscriber; _Alloc = std::allocator<TimerSubscriber>; _Args = {}][m[Kâ€™
[2.379s] [01m[K/usr/include/c++/9/bits/shared_ptr.h:717:39:[m[K   required from â€˜[01m[Kstd::shared_ptr<_Tp> std::make_shared(_Args&& ...) [with _Tp = TimerSubscriber; _Args = {}][m[Kâ€™
[2.379s] [01m[K/home/garen-lee/jialiang.li/ros2/test/create_pkg_node_ws/src/cpp_pubsub/src/subscriber_member_function.cpp:64:50:[m[K   required from here
[2.379s] [01m[K/usr/include/c++/9/ext/new_allocator.h:146:4:[m[K [01;31m[Kerror: [m[Kâ€˜[01m[KTimerSubscriber::TimerSubscriber()[m[Kâ€™ is private within this context
[2.379s]   146 |  { [01;31m[K::new((void *)__p) _Up(std::forward<_Args>(__args)...)[m[K; }
[2.379s]       |    [01;31m[K^~~~~~~~~~~~~~~~~~~~~~~~~~~~~~~~~~~~~~~~~~~~~~~~~~~~~~[m[K
[2.379s] [01m[K/home/garen-lee/jialiang.li/ros2/test/create_pkg_node_ws/src/cpp_pubsub/src/subscriber_member_function.cpp:44:3:[m[K [01;36m[Knote: [m[Kdeclared private here
[2.379s]    44 |   [01;36m[KTimerSubscriber[m[K()
[2.380s]       |   [01;36m[K^~~~~~~~~~~~~~~[m[K
[2.486s] make[2]: *** [CMakeFiles/listener.dir/build.make:76: CMakeFiles/listener.dir/src/subscriber_member_function.cpp.o] Error 1
[2.486s] make[1]: *** [CMakeFiles/Makefile2:165: CMakeFiles/listener.dir/all] Error 2
[2.486s] make: *** [Makefile:146: all] Error 2
[2.491s] Invoked command in '/home/garen-lee/jialiang.li/ros2/test/create_pkg_node_ws/src/cpp_pubsub/build/cpp_pubsub' returned '2': CMAKE_PREFIX_PATH=/opt/ros/foxy /usr/bin/cmake --build /home/garen-lee/jialiang.li/ros2/test/create_pkg_node_ws/src/cpp_pubsub/build/cpp_pubsub -- -j4 -l4
