[0.023s] Invoking command in '/home/garen-lee/jialiang.li/ros2/test/create_pkg_node_ws/src/cpp_pubsub/build/cpp_pubsub': CMAKE_PREFIX_PATH=/opt/ros/foxy /usr/bin/cmake --build /home/garen-lee/jialiang.li/ros2/test/create_pkg_node_ws/src/cpp_pubsub/build/cpp_pubsub -- -j4 -l4
[0.052s] [35m[1mConsolidate compiler generated dependencies of target listener[0m
[0.065s] [ 25%] [32mBuilding CXX object CMakeFiles/talker.dir/src/publisher_member_function.cpp.o[0m
[0.076s] [ 50%] [32mBuilding CXX object CMakeFiles/listener.dir/src/subscriber_member_function.cpp.o[0m
[1.797s] [01m[K/home/garen-lee/jialiang.li/ros2/test/create_pkg_node_ws/src/cpp_pubsub/src/publisher_member_function.cpp:14:16:[m[K [01;31m[Kerror: [m[Kâ€˜[01m[Kint32[m[Kâ€™ in namespace â€˜[01m[Kstd_msgs::msg[m[Kâ€™ does not name a type; did you mean â€˜[01m[KInt32[m[Kâ€™?
[1.797s]    14 | std_msgs::msg::[01;31m[Kint32[m[K time_last_;
[1.797s]       |                [01;31m[K^~~~~[m[K
[1.797s]       |                [32m[KInt32[m[K
[1.799s] [01m[K/home/garen-lee/jialiang.li/ros2/test/create_pkg_node_ws/src/cpp_pubsub/src/publisher_member_function.cpp:16:1:[m[K [01;31m[Kerror: [m[Kâ€˜[01m[Ktime_last_[m[Kâ€™ does not name a type; did you mean â€˜[01m[Ktime_t[m[Kâ€™?
[1.799s]    16 | [01;31m[Ktime_last_[m[K = t1.nanoseconds();
[1.799s]       | [01;31m[K^~~~~~~~~~[m[K
[1.799s]       | [32m[Ktime_t[m[K
[1.799s] [01m[K/home/garen-lee/jialiang.li/ros2/test/create_pkg_node_ws/src/cpp_pubsub/src/publisher_member_function.cpp:39:38:[m[K [01;31m[Kerror: [m[Kâ€˜[01m[Kint32[m[Kâ€™ is not a member of â€˜[01m[Kstd_msgs::msg[m[Kâ€™; did you mean â€˜[01m[KInt32[m[Kâ€™?
[1.799s]    39 |     rclcpp::Publisher<std_msgs::msg::[01;31m[Kint32[m[K>::SharedPtr publisher_;
[1.800s]       |                                      [01;31m[K^~~~~[m[K
[1.800s]       |                                      [32m[KInt32[m[K
[1.800s] [01m[K/home/garen-lee/jialiang.li/ros2/test/create_pkg_node_ws/src/cpp_pubsub/src/publisher_member_function.cpp:39:38:[m[K [01;31m[Kerror: [m[Kâ€˜[01m[Kint32[m[Kâ€™ is not a member of â€˜[01m[Kstd_msgs::msg[m[Kâ€™; did you mean â€˜[01m[KInt32[m[Kâ€™?
[1.800s]    39 |     rclcpp::Publisher<std_msgs::msg::[01;31m[Kint32[m[K>::SharedPtr publisher_;
[1.800s]       |                                      [01;31m[K^~~~~[m[K
[1.800s]       |                                      [32m[KInt32[m[K
[1.800s] [01m[K/home/garen-lee/jialiang.li/ros2/test/create_pkg_node_ws/src/cpp_pubsub/src/publisher_member_function.cpp:39:43:[m[K [01;31m[Kerror: [m[Ktemplate argument 1 is invalid
[1.800s]    39 |     rclcpp::Publisher<std_msgs::msg::int32[01;31m[K>[m[K::SharedPtr publisher_;
[1.800s]       |                                           [01;31m[K^[m[K
[1.801s] [01m[K/home/garen-lee/jialiang.li/ros2/test/create_pkg_node_ws/src/cpp_pubsub/src/publisher_member_function.cpp:39:46:[m[K [01;31m[Kerror: [m[Kexpected â€˜[01m[K;[m[Kâ€™ at end of member declaration
[1.801s]    39 |     rclcpp::Publisher<std_msgs::msg::int32>::[01;31m[KSharedPtr[m[K publisher_;
[1.801s]       |                                              [01;31m[K^~~~~~~~~[m[K
[1.801s]       |                                                       [32m[K;[m[K
[1.802s] [01m[K/home/garen-lee/jialiang.li/ros2/test/create_pkg_node_ws/src/cpp_pubsub/src/publisher_member_function.cpp:39:56:[m[K [01;31m[Kerror: [m[Kâ€˜[01m[Kpublisher_[m[Kâ€™ does not name a type; did you mean â€˜[01m[Krcl_publisher_t[m[Kâ€™?
[1.802s]    39 |     rclcpp::Publisher<std_msgs::msg::int32>::SharedPtr [01;31m[Kpublisher_[m[K;
[1.802s]       |                                                        [01;31m[K^~~~~~~~~~[m[K
[1.802s]       |                                                        [32m[Krcl_publisher_t[m[K
[1.806s] [01m[K/home/garen-lee/jialiang.li/ros2/test/create_pkg_node_ws/src/cpp_pubsub/src/publisher_member_function.cpp:[m[K In constructor â€˜[01m[KTimerPublisher::TimerPublisher()[m[Kâ€™:
[1.806s] [01m[K/home/garen-lee/jialiang.li/ros2/test/create_pkg_node_ws/src/cpp_pubsub/src/publisher_member_function.cpp:24:7:[m[K [01;31m[Kerror: [m[Kâ€˜[01m[Kpublisher_[m[Kâ€™ was not declared in this scope; did you mean â€˜[01m[Krcl_publisher_t[m[Kâ€™?
[1.806s]    24 |       [01;31m[Kpublisher_[m[K = this->create_publisher<std_msgs::msg::int32>("topicA", 100);
[1.806s]       |       [01;31m[K^~~~~~~~~~[m[K
[1.806s]       |       [32m[Krcl_publisher_t[m[K
[1.806s] [01m[K/home/garen-lee/jialiang.li/ros2/test/create_pkg_node_ws/src/cpp_pubsub/src/publisher_member_function.cpp:24:58:[m[K [01;31m[Kerror: [m[Kâ€˜[01m[Kint32[m[Kâ€™ is not a member of â€˜[01m[Kstd_msgs::msg[m[Kâ€™; did you mean â€˜[01m[KInt32[m[Kâ€™?
[1.807s]    24 |       publisher_ = this->create_publisher<std_msgs::msg::[01;31m[Kint32[m[K>("topicA", 100);
[1.807s]       |                                                          [01;31m[K^~~~~[m[K
[1.807s]       |                                                          [32m[KInt32[m[K
[1.807s] [01m[K/home/garen-lee/jialiang.li/ros2/test/create_pkg_node_ws/src/cpp_pubsub/src/publisher_member_function.cpp:24:58:[m[K [01;31m[Kerror: [m[Kâ€˜[01m[Kint32[m[Kâ€™ is not a member of â€˜[01m[Kstd_msgs::msg[m[Kâ€™; did you mean â€˜[01m[KInt32[m[Kâ€™?
[1.807s]    24 |       publisher_ = this->create_publisher<std_msgs::msg::[01;31m[Kint32[m[K>("topicA", 100);
[1.807s]       |                                                          [01;31m[K^~~~~[m[K
[1.807s]       |                                                          [32m[KInt32[m[K
[1.807s] [01m[K/home/garen-lee/jialiang.li/ros2/test/create_pkg_node_ws/src/cpp_pubsub/src/publisher_member_function.cpp:24:78:[m[K [01;31m[Kerror: [m[Kno matching function for call to â€˜[01m[KTimerPublisher::create_publisher<<expression error> >(const char [7], int)[m[Kâ€™
[1.807s]    24 |       publisher_ = this->create_publisher<std_msgs::msg::int32>("topicA", 100[01;31m[K)[m[K;
[1.807s]       |                                                                              [01;31m[K^[m[K
[1.807s] In file included from [01m[K/opt/ros/foxy/include/rclcpp/executors/single_threaded_executor.hpp:28[m[K,
[1.807s]                  from [01m[K/opt/ros/foxy/include/rclcpp/executors.hpp:22[m[K,
[1.808s]                  from [01m[K/opt/ros/foxy/include/rclcpp/rclcpp.hpp:146[m[K,
[1.808s]                  from [01m[K/home/garen-lee/jialiang.li/ros2/test/create_pkg_node_ws/src/cpp_pubsub/src/publisher_member_function.cpp:5[m[K:
[1.808s] [01m[K/opt/ros/foxy/include/rclcpp/node.hpp:184:3:[m[K [01;36m[Knote: [m[Kcandidate: â€˜[01m[Ktemplate<class MessageT, class AllocatorT, class PublisherT> std::shared_ptr<PublisherT> rclcpp::Node::create_publisher(const string&, const rclcpp::QoS&, const rclcpp::PublisherOptionsWithAllocator<AllocatorT>&)[m[Kâ€™
[1.808s]   184 |   [01;36m[Kcreate_publisher[m[K(
[1.808s]       |   [01;36m[K^~~~~~~~~~~~~~~~[m[K
[1.808s] [01m[K/opt/ros/foxy/include/rclcpp/node.hpp:184:3:[m[K [01;36m[Knote: [m[K  template argument deduction/substitution failed:
[1.808s] [01m[K/home/garen-lee/jialiang.li/ros2/test/create_pkg_node_ws/src/cpp_pubsub/src/publisher_member_function.cpp:24:78:[m[K [01;31m[Kerror: [m[Ktemplate argument 1 is invalid
[1.808s]    24 |       publisher_ = this->create_publisher<std_msgs::msg::int32>("topicA", 100[01;31m[K)[m[K;
[1.808s]       |                                                                              [01;31m[K^[m[K
[1.825s] [01m[K/home/garen-lee/jialiang.li/ros2/test/create_pkg_node_ws/src/cpp_pubsub/src/publisher_member_function.cpp:[m[K In member function â€˜[01m[Kvoid TimerPublisher::timer_callback()[m[Kâ€™:
[1.826s] [01m[K/home/garen-lee/jialiang.li/ros2/test/create_pkg_node_ws/src/cpp_pubsub/src/publisher_member_function.cpp:32:37:[m[K [01;31m[Kerror: [m[Kâ€˜[01m[Kint32[m[Kâ€™ is not a member of â€˜[01m[Kstd_msgs::msg[m[Kâ€™; did you mean â€˜[01m[KInt32[m[Kâ€™?
[1.826s]    32 |       auto message = std_msgs::msg::[01;31m[Kint32[m[K();
[1.826s]       |                                     [01;31m[K^~~~~[m[K
[1.826s]       |                                     [32m[KInt32[m[K
[1.829s] In file included from [01m[K/opt/ros/foxy/include/rclcpp/client.hpp:40[m[K,
[1.829s]                  from [01m[K/opt/ros/foxy/include/rclcpp/callback_group.hpp:23[m[K,
[1.829s]                  from [01m[K/opt/ros/foxy/include/rclcpp/any_executable.hpp:20[m[K,
[1.830s]                  from [01m[K/opt/ros/foxy/include/rclcpp/memory_strategy.hpp:24[m[K,
[1.830s]                  from [01m[K/opt/ros/foxy/include/rclcpp/memory_strategies.hpp:18[m[K,
[1.830s]                  from [01m[K/opt/ros/foxy/include/rclcpp/executor_options.hpp:20[m[K,
[1.830s]                  from [01m[K/opt/ros/foxy/include/rclcpp/executor.hpp:33[m[K,
[1.830s]                  from [01m[K/opt/ros/foxy/include/rclcpp/executors/multi_threaded_executor.hpp:26[m[K,
[1.831s]                  from [01m[K/opt/ros/foxy/include/rclcpp/executors.hpp:21[m[K,
[1.831s]                  from [01m[K/opt/ros/foxy/include/rclcpp/rclcpp.hpp:146[m[K,
[1.831s]                  from [01m[K/home/garen-lee/jialiang.li/ros2/test/create_pkg_node_ws/src/cpp_pubsub/src/publisher_member_function.cpp:5[m[K:
[1.831s] [01m[K/home/garen-lee/jialiang.li/ros2/test/create_pkg_node_ws/src/cpp_pubsub/src/publisher_member_function.cpp:35:89:[m[K [01;31m[Kerror: [m[Kâ€˜[01m[Ktime_last_[m[Kâ€™ was not declared in this scope; did you mean â€˜[01m[Ktime_t[m[Kâ€™?
[1.832s]    35 |       RCLCPP_INFO(this->get_logger(), "topicA Publishing: '%d'", message.data.int32() - [01;31m[Ktime_last_[m[K);
[1.832s]       |                                                                                         [01;31m[K^~~~~~~~~~[m[K
[1.832s] [01m[K/home/garen-lee/jialiang.li/ros2/test/create_pkg_node_ws/src/cpp_pubsub/src/publisher_member_function.cpp:36:7:[m[K [01;31m[Kerror: [m[Kâ€˜[01m[Kpublisher_[m[Kâ€™ was not declared in this scope; did you mean â€˜[01m[Krcl_publisher_t[m[Kâ€™?
[1.832s]    36 |       [01;31m[Kpublisher_[m[K->publish(message);
[1.833s]       |       [01;31m[K^~~~~~~~~~[m[K
[1.833s]       |       [32m[Krcl_publisher_t[m[K
[1.833s] [01m[K/home/garen-lee/jialiang.li/ros2/test/create_pkg_node_ws/src/cpp_pubsub/src/publisher_member_function.cpp:[m[K At global scope:
[1.833s] [01m[K/home/garen-lee/jialiang.li/ros2/test/create_pkg_node_ws/src/cpp_pubsub/src/publisher_member_function.cpp:52:46:[m[K [01;31m[Kerror: [m[Kâ€˜[01m[Kint32[m[Kâ€™ in namespace â€˜[01m[Kstd_msgs::msg[m[Kâ€™ does not name a type; did you mean â€˜[01m[KInt32[m[Kâ€™?
[1.834s]    52 |     void topic_callback(const std_msgs::msg::[01;31m[Kint32[m[K::SharedPtr msg) const
[1.834s]       |                                              [01;31m[K^~~~~[m[K
[1.834s]       |                                              [32m[KInt32[m[K
[1.834s] [01m[K/home/garen-lee/jialiang.li/ros2/test/create_pkg_node_ws/src/cpp_pubsub/src/publisher_member_function.cpp:52:63:[m[K [01;31m[Kerror: [m[Kexpected unqualified-id before â€˜[01m[Kmsg[m[Kâ€™
[1.835s]    52 |     void topic_callback(const std_msgs::msg::int32::SharedPtr [01;31m[Kmsg[m[K) const
[1.835s]       |                                                               [01;31m[K^~~[m[K
[1.835s] [01m[K/home/garen-lee/jialiang.li/ros2/test/create_pkg_node_ws/src/cpp_pubsub/src/publisher_member_function.cpp:52:62:[m[K [01;31m[Kerror: [m[Kexpected â€˜[01m[K)[m[Kâ€™ before â€˜[01m[Kmsg[m[Kâ€™
[1.835s]    52 |     void topic_callback[34m[K([m[Kconst std_msgs::msg::int32::SharedPtr[01;31m[K [m[K[32m[Kmsg[m[K) const
[1.835s]       |                        [34m[K~[m[K                                     [01;31m[K^[m[K[32m[K~~~[m[K
[1.837s]       |                                                              [32m[K)[m[K
[1.838s] [01m[K/home/garen-lee/jialiang.li/ros2/test/create_pkg_node_ws/src/cpp_pubsub/src/publisher_member_function.cpp:52:53:[m[K [01;31m[Kerror: [m[Kexpected â€˜[01m[K;[m[Kâ€™ at end of member declaration
[1.838s]    52 |     void topic_callback(const std_msgs::msg::int32::[01;31m[KSharedPtr[m[K msg) const
[1.838s]       |                                                     [01;31m[K^~~~~~~~~[m[K
[1.838s]       |                                                              [32m[K;[m[K
[1.838s] [01m[K/home/garen-lee/jialiang.li/ros2/test/create_pkg_node_ws/src/cpp_pubsub/src/publisher_member_function.cpp:52:63:[m[K [01;31m[Kerror: [m[Kâ€˜[01m[Kmsg[m[Kâ€™ does not name a type
[1.839s]    52 |     void topic_callback(const std_msgs::msg::int32::SharedPtr [01;31m[Kmsg[m[K) const
[1.839s]       |                                                               [01;31m[K^~~[m[K
[1.839s] [01m[K/home/garen-lee/jialiang.li/ros2/test/create_pkg_node_ws/src/cpp_pubsub/src/publisher_member_function.cpp:57:41:[m[K [01;31m[Kerror: [m[Kâ€˜[01m[Kint32[m[Kâ€™ is not a member of â€˜[01m[Kstd_msgs::msg[m[Kâ€™; did you mean â€˜[01m[KInt32[m[Kâ€™?
[1.839s]    57 |     rclcpp::Subscription<std_msgs::msg::[01;31m[Kint32[m[K>::SharedPtr subscription_;
[1.839s]       |                                         [01;31m[K^~~~~[m[K
[1.840s]       |                                         [32m[KInt32[m[K
[1.840s] [01m[K/home/garen-lee/jialiang.li/ros2/test/create_pkg_node_ws/src/cpp_pubsub/src/publisher_member_function.cpp:57:41:[m[K [01;31m[Kerror: [m[Kâ€˜[01m[Kint32[m[Kâ€™ is not a member of â€˜[01m[Kstd_msgs::msg[m[Kâ€™; did you mean â€˜[01m[KInt32[m[Kâ€™?
[1.840s]    57 |     rclcpp::Subscription<std_msgs::msg::[01;31m[Kint32[m[K>::SharedPtr subscription_;
[1.840s]       |                                         [01;31m[K^~~~~[m[K
[1.841s]       |                                         [32m[KInt32[m[K
[1.841s] [01m[K/home/garen-lee/jialiang.li/ros2/test/create_pkg_node_ws/src/cpp_pubsub/src/publisher_member_function.cpp:57:46:[m[K [01;31m[Kerror: [m[Ktemplate argument 1 is invalid
[1.841s]    57 |     rclcpp::Subscription<std_msgs::msg::int32[01;31m[K>[m[K::SharedPtr subscription_;
[1.841s]       |                                              [01;31m[K^[m[K
[1.841s] [01m[K/home/garen-lee/jialiang.li/ros2/test/create_pkg_node_ws/src/cpp_pubsub/src/publisher_member_function.cpp:57:46:[m[K [01;31m[Kerror: [m[Ktemplate argument 3 is invalid
[1.842s] [01m[K/home/garen-lee/jialiang.li/ros2/test/create_pkg_node_ws/src/cpp_pubsub/src/publisher_member_function.cpp:57:49:[m[K [01;31m[Kerror: [m[Kexpected â€˜[01m[K;[m[Kâ€™ at end of member declaration
[1.842s]    57 |     rclcpp::Subscription<std_msgs::msg::int32>::[01;31m[KSharedPtr[m[K subscription_;
[1.842s]       |                                                 [01;31m[K^~~~~~~~~[m[K
[1.842s]       |                                                          [32m[K;[m[K
[1.843s] [01m[K/home/garen-lee/jialiang.li/ros2/test/create_pkg_node_ws/src/cpp_pubsub/src/publisher_member_function.cpp:57:59:[m[K [01;31m[Kerror: [m[Kâ€˜[01m[Ksubscription_[m[Kâ€™ does not name a type; did you mean â€˜[01m[Krcl_subscription_t[m[Kâ€™?
[1.843s]    57 |     rclcpp::Subscription<std_msgs::msg::int32>::SharedPtr [01;31m[Ksubscription_[m[K;
[1.843s]       |                                                           [01;31m[K^~~~~~~~~~~~~[m[K
[1.843s]       |                                                           [32m[Krcl_subscription_t[m[K
[1.844s] [01m[K/home/garen-lee/jialiang.li/ros2/test/create_pkg_node_ws/src/cpp_pubsub/src/publisher_member_function.cpp:[m[K In constructor â€˜[01m[KTimerSubscriber::TimerSubscriber()[m[Kâ€™:
[1.844s] [01m[K/home/garen-lee/jialiang.li/ros2/test/create_pkg_node_ws/src/cpp_pubsub/src/publisher_member_function.cpp:47:7:[m[K [01;31m[Kerror: [m[Kâ€˜[01m[Ksubscription_[m[Kâ€™ was not declared in this scope; did you mean â€˜[01m[Krcl_subscription_t[m[Kâ€™?
[1.844s]    47 |       [01;31m[Ksubscription_[m[K = this->create_subscription<std_msgs::msg::int32>(
[1.844s]       |       [01;31m[K^~~~~~~~~~~~~[m[K
[1.845s]       |       [32m[Krcl_subscription_t[m[K
[1.845s] [01m[K/home/garen-lee/jialiang.li/ros2/test/create_pkg_node_ws/src/cpp_pubsub/src/publisher_member_function.cpp:47:64:[m[K [01;31m[Kerror: [m[Kâ€˜[01m[Kint32[m[Kâ€™ is not a member of â€˜[01m[Kstd_msgs::msg[m[Kâ€™; did you mean â€˜[01m[KInt32[m[Kâ€™?
[1.845s]    47 |       subscription_ = this->create_subscription<std_msgs::msg::[01;31m[Kint32[m[K>(
[1.845s]       |                                                                [01;31m[K^~~~~[m[K
[1.845s]       |                                                                [32m[KInt32[m[K
[1.846s] [01m[K/home/garen-lee/jialiang.li/ros2/test/create_pkg_node_ws/src/cpp_pubsub/src/publisher_member_function.cpp:47:64:[m[K [01;31m[Kerror: [m[Kâ€˜[01m[Kint32[m[Kâ€™ is not a member of â€˜[01m[Kstd_msgs::msg[m[Kâ€™; did you mean â€˜[01m[KInt32[m[Kâ€™?
[1.846s]    47 |       subscription_ = this->create_subscription<std_msgs::msg::[01;31m[Kint32[m[K>(
[1.846s]       |                                                                [01;31m[K^~~~~[m[K
[1.846s]       |                                                                [32m[KInt32[m[K
[1.856s] [01m[K/home/garen-lee/jialiang.li/ros2/test/create_pkg_node_ws/src/cpp_pubsub/src/subscriber_member_function.cpp:14:16:[m[K [01;31m[Kerror: [m[Kâ€˜[01m[Kint32[m[Kâ€™ in namespace â€˜[01m[Kstd_msgs::msg[m[Kâ€™ does not name a type; did you mean â€˜[01m[KInt32[m[Kâ€™?
[1.856s]    14 | std_msgs::msg::[01;31m[Kint32[m[K time_last_;
[1.856s]       |                [01;31m[K^~~~~[m[K
[1.857s]       |                [32m[KInt32[m[K
[1.857s] [01m[K/home/garen-lee/jialiang.li/ros2/test/create_pkg_node_ws/src/cpp_pubsub/src/publisher_member_function.cpp:48:75:[m[K [01;31m[Kerror: [m[Kno matching function for call to â€˜[01m[KTimerSubscriber::create_subscription<<expression error> >(const char [7], int, std::_Bind_helper<false, void (TimerSubscriber::*)(...), TimerSubscriber*, const std::_Placeholder<1>&>::type)[m[Kâ€™
[1.857s]    48 |       "topicB", 100, std::bind(&TimerSubscriber::topic_callback, this, _1)[01;31m[K)[m[K;
[1.858s]       |                                                                           [01;31m[K^[m[K
[1.858s] In file included from [01m[K/opt/ros/foxy/include/rclcpp/executors/single_threaded_executor.hpp:28[m[K,
[1.858s]                  from [01m[K/opt/ros/foxy/include/rclcpp/executors.hpp:22[m[K,
[1.858s]                  from [01m[K/opt/ros/foxy/include/rclcpp/rclcpp.hpp:146[m[K,
[1.858s]                  from [01m[K/home/garen-lee/jialiang.li/ros2/test/create_pkg_node_ws/src/cpp_pubsub/src/publisher_member_function.cpp:5[m[K:
[1.859s] [01m[K/opt/ros/foxy/include/rclcpp/node.hpp:213:3:[m[K [01;36m[Knote: [m[Kcandidate: â€˜[01m[Ktemplate<class MessageT, class CallbackT, class AllocatorT, class CallbackMessageT, class SubscriptionT, class MessageMemoryStrategyT> std::shared_ptr<SubscriptionT> rclcpp::Node::create_subscription(const string&, const rclcpp::QoS&, CallbackT&&, const rclcpp::SubscriptionOptionsWithAllocator<AllocatorT>&, typename MessageMemoryStrategyT::SharedPtr)[m[Kâ€™
[1.859s]   213 |   [01;36m[Kcreate_subscription[m[K(
[1.859s]       |   [01;36m[K^~~~~~~~~~~~~~~~~~~[m[K
[1.859s] [01m[K/opt/ros/foxy/include/rclcpp/node.hpp:213:3:[m[K [01;36m[Knote: [m[K  template argument deduction/substitution failed:
[1.860s] [01m[K/home/garen-lee/jialiang.li/ros2/test/create_pkg_node_ws/src/cpp_pubsub/src/publisher_member_function.cpp:48:75:[m[K [01;31m[Kerror: [m[Ktemplate argument 1 is invalid
[1.860s]    48 |       "topicB", 100, std::bind(&TimerSubscriber::topic_callback, this, _1)[01;31m[K)[m[K;
[1.860s]       |                                                                           [01;31m[K^[m[K
[1.860s] [01m[K/home/garen-lee/jialiang.li/ros2/test/create_pkg_node_ws/src/cpp_pubsub/src/subscriber_member_function.cpp:16:1:[m[K [01;31m[Kerror: [m[Kâ€˜[01m[Ktime_last_[m[Kâ€™ does not name a type; did you mean â€˜[01m[Ktime_t[m[Kâ€™?
[1.860s]    16 | [01;31m[Ktime_last_[m[K= t1.nanoseconds();
[1.861s]       | [01;31m[K^~~~~~~~~~[m[K
[1.861s]       | [32m[Ktime_t[m[K
[1.861s] [01m[K/home/garen-lee/jialiang.li/ros2/test/create_pkg_node_ws/src/cpp_pubsub/src/subscriber_member_function.cpp:39:38:[m[K [01;31m[Kerror: [m[Kâ€˜[01m[Kint32[m[Kâ€™ is not a member of â€˜[01m[Kstd_msgs::msg[m[Kâ€™; did you mean â€˜[01m[KInt32[m[Kâ€™?
[1.861s]    39 |     rclcpp::Publisher<std_msgs::msg::[01;31m[Kint32[m[K>::SharedPtr publisher_;
[1.862s]       |                                      [01;31m[K^~~~~[m[K
[1.862s]       |                                      [32m[KInt32[m[K
[1.862s] [01m[K/home/garen-lee/jialiang.li/ros2/test/create_pkg_node_ws/src/cpp_pubsub/src/subscriber_member_function.cpp:39:38:[m[K [01;31m[Kerror: [m[Kâ€˜[01m[Kint32[m[Kâ€™ is not a member of â€˜[01m[Kstd_msgs::msg[m[Kâ€™; did you mean â€˜[01m[KInt32[m[Kâ€™?
[1.862s]    39 |     rclcpp::Publisher<std_msgs::msg::[01;31m[Kint32[m[K>::SharedPtr publisher_;
[1.863s]       |                                      [01;31m[K^~~~~[m[K
[1.863s]       |                                      [32m[KInt32[m[K
[1.863s] [01m[K/home/garen-lee/jialiang.li/ros2/test/create_pkg_node_ws/src/cpp_pubsub/src/subscriber_member_function.cpp:39:43:[m[K [01;31m[Kerror: [m[Ktemplate argument 1 is invalid
[1.863s]    39 |     rclcpp::Publisher<std_msgs::msg::int32[01;31m[K>[m[K::SharedPtr publisher_;
[1.864s]       |                                           [01;31m[K^[m[K
[1.864s] [01m[K/home/garen-lee/jialiang.li/ros2/test/create_pkg_node_ws/src/cpp_pubsub/src/subscriber_member_function.cpp:39:46:[m[K [01;31m[Kerror: [m[Kexpected â€˜[01m[K;[m[Kâ€™ at end of member declaration
[1.864s]    39 |     rclcpp::Publisher<std_msgs::msg::int32>::[01;31m[KSharedPtr[m[K publisher_;
[1.864s]       |                                              [01;31m[K^~~~~~~~~[m[K
[1.864s]       |                                                       [32m[K;[m[K
[1.875s] [01m[K/home/garen-lee/jialiang.li/ros2/test/create_pkg_node_ws/src/cpp_pubsub/src/subscriber_member_function.cpp:39:56:[m[K [01;31m[Kerror: [m[Kâ€˜[01m[Kpublisher_[m[Kâ€™ does not name a type; did you mean â€˜[01m[Krcl_publisher_t[m[Kâ€™?
[1.876s]    39 |     rclcpp::Publisher<std_msgs::msg::int32>::SharedPtr [01;31m[Kpublisher_[m[K;
[1.876s]       |                                                        [01;31m[K^~~~~~~~~~[m[K
[1.877s]       |                                                        [32m[Krcl_publisher_t[m[K
[1.877s] [01m[K/home/garen-lee/jialiang.li/ros2/test/create_pkg_node_ws/src/cpp_pubsub/src/subscriber_member_function.cpp:[m[K In constructor â€˜[01m[KTimerPublisher::TimerPublisher()[m[Kâ€™:
[1.877s] [01m[K/home/garen-lee/jialiang.li/ros2/test/create_pkg_node_ws/src/cpp_pubsub/src/subscriber_member_function.cpp:24:7:[m[K [01;31m[Kerror: [m[Kâ€˜[01m[Kpublisher_[m[Kâ€™ was not declared in this scope; did you mean â€˜[01m[Krcl_publisher_t[m[Kâ€™?
[1.877s]    24 |       [01;31m[Kpublisher_[m[K = this->create_publisher<std_msgs::msg::int32>("topicB", 100);
[1.877s]       |       [01;31m[K^~~~~~~~~~[m[K
[1.878s]       |       [32m[Krcl_publisher_t[m[K
[1.878s] [01m[K/home/garen-lee/jialiang.li/ros2/test/create_pkg_node_ws/src/cpp_pubsub/src/subscriber_member_function.cpp:24:58:[m[K [01;31m[Kerror: [m[Kâ€˜[01m[Kint32[m[Kâ€™ is not a member of â€˜[01m[Kstd_msgs::msg[m[Kâ€™; did you mean â€˜[01m[KInt32[m[Kâ€™?
[1.878s]    24 |       publisher_ = this->create_publisher<std_msgs::msg::[01;31m[Kint32[m[K>("topicB", 100);
[1.878s]       |                                                          [01;31m[K^~~~~[m[K
[1.879s]       |                                                          [32m[KInt32[m[K
[1.879s] [01m[K/home/garen-lee/jialiang.li/ros2/test/create_pkg_node_ws/src/cpp_pubsub/src/subscriber_member_function.cpp:24:58:[m[K [01;31m[Kerror: [m[Kâ€˜[01m[Kint32[m[Kâ€™ is not a member of â€˜[01m[Kstd_msgs::msg[m[Kâ€™; did you mean â€˜[01m[KInt32[m[Kâ€™?
[1.879s]    24 |       publisher_ = this->create_publisher<std_msgs::msg::[01;31m[Kint32[m[K>("topicB", 100);
[1.879s]       |                                                          [01;31m[K^~~~~[m[K
[1.879s]       |                                                          [32m[KInt32[m[K
[1.880s] [01m[K/home/garen-lee/jialiang.li/ros2/test/create_pkg_node_ws/src/cpp_pubsub/src/subscriber_member_function.cpp:24:78:[m[K [01;31m[Kerror: [m[Kno matching function for call to â€˜[01m[KTimerPublisher::create_publisher<<expression error> >(const char [7], int)[m[Kâ€™
[1.880s]    24 |       publisher_ = this->create_publisher<std_msgs::msg::int32>("topicB", 100[01;31m[K)[m[K;
[1.880s]       |                                                                              [01;31m[K^[m[K
[1.880s] In file included from [01m[K/opt/ros/foxy/include/rclcpp/executors/single_threaded_executor.hpp:28[m[K,
[1.880s]                  from [01m[K/opt/ros/foxy/include/rclcpp/executors.hpp:22[m[K,
[1.881s]                  from [01m[K/opt/ros/foxy/include/rclcpp/rclcpp.hpp:146[m[K,
[1.881s]                  from [01m[K/home/garen-lee/jialiang.li/ros2/test/create_pkg_node_ws/src/cpp_pubsub/src/subscriber_member_function.cpp:5[m[K:
[1.881s] [01m[K/opt/ros/foxy/include/rclcpp/node.hpp:184:3:[m[K [01;36m[Knote: [m[Kcandidate: â€˜[01m[Ktemplate<class MessageT, class AllocatorT, class PublisherT> std::shared_ptr<PublisherT> rclcpp::Node::create_publisher(const string&, const rclcpp::QoS&, const rclcpp::PublisherOptionsWithAllocator<AllocatorT>&)[m[Kâ€™
[1.881s]   184 |   [01;36m[Kcreate_publisher[m[K(
[1.882s]       |   [01;36m[K^~~~~~~~~~~~~~~~[m[K
[1.882s] [01m[K/opt/ros/foxy/include/rclcpp/node.hpp:184:3:[m[K [01;36m[Knote: [m[K  template argument deduction/substitution failed:
[1.882s] [01m[K/home/garen-lee/jialiang.li/ros2/test/create_pkg_node_ws/src/cpp_pubsub/src/subscriber_member_function.cpp:24:78:[m[K [01;31m[Kerror: [m[Ktemplate argument 1 is invalid
[1.882s]    24 |       publisher_ = this->create_publisher<std_msgs::msg::int32>("topicB", 100[01;31m[K)[m[K;
[1.883s]       |                                                                              [01;31m[K^[m[K
[1.887s] [01m[K/home/garen-lee/jialiang.li/ros2/test/create_pkg_node_ws/src/cpp_pubsub/src/subscriber_member_function.cpp:[m[K In member function â€˜[01m[Kvoid TimerPublisher::timer_callback()[m[Kâ€™:
[1.887s] [01m[K/home/garen-lee/jialiang.li/ros2/test/create_pkg_node_ws/src/cpp_pubsub/src/subscriber_member_function.cpp:32:37:[m[K [01;31m[Kerror: [m[Kâ€˜[01m[Kint32[m[Kâ€™ is not a member of â€˜[01m[Kstd_msgs::msg[m[Kâ€™; did you mean â€˜[01m[KInt32[m[Kâ€™?
[1.887s]    32 |       auto message = std_msgs::msg::[01;31m[Kint32[m[K();
[1.888s]       |                                     [01;31m[K^~~~~[m[K
[1.888s]       |                                     [32m[KInt32[m[K
[1.890s] In file included from [01m[K/opt/ros/foxy/include/rclcpp/client.hpp:40[m[K,
[1.891s]                  from [01m[K/opt/ros/foxy/include/rclcpp/callback_group.hpp:23[m[K,
[1.891s]                  from [01m[K/opt/ros/foxy/include/rclcpp/any_executable.hpp:20[m[K,
[1.891s]                  from [01m[K/opt/ros/foxy/include/rclcpp/memory_strategy.hpp:24[m[K,
[1.891s]                  from [01m[K/opt/ros/foxy/include/rclcpp/memory_strategies.hpp:18[m[K,
[1.892s]                  from [01m[K/opt/ros/foxy/include/rclcpp/executor_options.hpp:20[m[K,
[1.892s]                  from [01m[K/opt/ros/foxy/include/rclcpp/executor.hpp:33[m[K,
[1.892s]                  from [01m[K/opt/ros/foxy/include/rclcpp/executors/multi_threaded_executor.hpp:26[m[K,
[1.892s]                  from [01m[K/opt/ros/foxy/include/rclcpp/executors.hpp:21[m[K,
[1.893s]                  from [01m[K/opt/ros/foxy/include/rclcpp/rclcpp.hpp:146[m[K,
[1.893s]                  from [01m[K/home/garen-lee/jialiang.li/ros2/test/create_pkg_node_ws/src/cpp_pubsub/src/subscriber_member_function.cpp:5[m[K:
[1.893s] [01m[K/home/garen-lee/jialiang.li/ros2/test/create_pkg_node_ws/src/cpp_pubsub/src/subscriber_member_function.cpp:35:89:[m[K [01;31m[Kerror: [m[Kâ€˜[01m[Ktime_last_[m[Kâ€™ was not declared in this scope; did you mean â€˜[01m[Ktime_t[m[Kâ€™?
[1.893s]    35 |       RCLCPP_INFO(this->get_logger(), "topicB Publishing: '%f'", message.data.int32() - [01;31m[Ktime_last_[m[K);
[1.894s]       |                                                                                         [01;31m[K^~~~~~~~~~[m[K
[1.894s] [01m[K/home/garen-lee/jialiang.li/ros2/test/create_pkg_node_ws/src/cpp_pubsub/src/subscriber_member_function.cpp:36:7:[m[K [01;31m[Kerror: [m[Kâ€˜[01m[Kpublisher_[m[Kâ€™ was not declared in this scope; did you mean â€˜[01m[Krcl_publisher_t[m[Kâ€™?
[1.894s]    36 |       [01;31m[Kpublisher_[m[K->publish(message);
[1.895s]       |       [01;31m[K^~~~~~~~~~[m[K
[1.895s]       |       [32m[Krcl_publisher_t[m[K
[1.895s] [01m[K/home/garen-lee/jialiang.li/ros2/test/create_pkg_node_ws/src/cpp_pubsub/src/subscriber_member_function.cpp:[m[K At global scope:
[1.896s] [01m[K/home/garen-lee/jialiang.li/ros2/test/create_pkg_node_ws/src/cpp_pubsub/src/subscriber_member_function.cpp:52:46:[m[K [01;31m[Kerror: [m[Kâ€˜[01m[Kint32[m[Kâ€™ in namespace â€˜[01m[Kstd_msgs::msg[m[Kâ€™ does not name a type; did you mean â€˜[01m[KInt32[m[Kâ€™?
[1.896s]    52 |     void topic_callback(const std_msgs::msg::[01;31m[Kint32[m[K::SharedPtr msg) const
[1.896s]       |                                              [01;31m[K^~~~~[m[K
[1.896s]       |                                              [32m[KInt32[m[K
[1.896s] [01m[K/home/garen-lee/jialiang.li/ros2/test/create_pkg_node_ws/src/cpp_pubsub/src/subscriber_member_function.cpp:52:63:[m[K [01;31m[Kerror: [m[Kexpected unqualified-id before â€˜[01m[Kmsg[m[Kâ€™
[1.897s]    52 |     void topic_callback(const std_msgs::msg::int32::SharedPtr [01;31m[Kmsg[m[K) const
[1.897s]       |                                                               [01;31m[K^~~[m[K
[1.897s] [01m[K/home/garen-lee/jialiang.li/ros2/test/create_pkg_node_ws/src/cpp_pubsub/src/subscriber_member_function.cpp:52:62:[m[K [01;31m[Kerror: [m[Kexpected â€˜[01m[K)[m[Kâ€™ before â€˜[01m[Kmsg[m[Kâ€™
[1.898s]    52 |     void topic_callback[34m[K([m[Kconst std_msgs::msg::int32::SharedPtr[01;31m[K [m[K[32m[Kmsg[m[K) const
[1.898s]       |                        [34m[K~[m[K                                     [01;31m[K^[m[K[32m[K~~~[m[K
[1.898s]       |                                                              [32m[K)[m[K
[1.898s] [01m[K/home/garen-lee/jialiang.li/ros2/test/create_pkg_node_ws/src/cpp_pubsub/src/subscriber_member_function.cpp:52:53:[m[K [01;31m[Kerror: [m[Kexpected â€˜[01m[K;[m[Kâ€™ at end of member declaration
[1.898s]    52 |     void topic_callback(const std_msgs::msg::int32::[01;31m[KSharedPtr[m[K msg) const
[1.899s]       |                                                     [01;31m[K^~~~~~~~~[m[K
[1.899s]       |                                                              [32m[K;[m[K
[1.899s] [01m[K/home/garen-lee/jialiang.li/ros2/test/create_pkg_node_ws/src/cpp_pubsub/src/subscriber_member_function.cpp:52:63:[m[K [01;31m[Kerror: [m[Kâ€˜[01m[Kmsg[m[Kâ€™ does not name a type
[1.899s]    52 |     void topic_callback(const std_msgs::msg::int32::SharedPtr [01;31m[Kmsg[m[K) const
[1.900s]       |                                                               [01;31m[K^~~[m[K
[1.900s] [01m[K/home/garen-lee/jialiang.li/ros2/test/create_pkg_node_ws/src/cpp_pubsub/src/subscriber_member_function.cpp:57:41:[m[K [01;31m[Kerror: [m[Kâ€˜[01m[Kint32[m[Kâ€™ is not a member of â€˜[01m[Kstd_msgs::msg[m[Kâ€™; did you mean â€˜[01m[KInt32[m[Kâ€™?
[1.900s]    57 |     rclcpp::Subscription<std_msgs::msg::[01;31m[Kint32[m[K>::SharedPtr subscription_;
[1.900s]       |                                         [01;31m[K^~~~~[m[K
[1.900s]       |                                         [32m[KInt32[m[K
[1.901s] [01m[K/home/garen-lee/jialiang.li/ros2/test/create_pkg_node_ws/src/cpp_pubsub/src/subscriber_member_function.cpp:57:41:[m[K [01;31m[Kerror: [m[Kâ€˜[01m[Kint32[m[Kâ€™ is not a member of â€˜[01m[Kstd_msgs::msg[m[Kâ€™; did you mean â€˜[01m[KInt32[m[Kâ€™?
[1.901s]    57 |     rclcpp::Subscription<std_msgs::msg::[01;31m[Kint32[m[K>::SharedPtr subscription_;
[1.901s]       |                                         [01;31m[K^~~~~[m[K
[1.901s]       |                                         [32m[KInt32[m[K
[1.902s] [01m[K/home/garen-lee/jialiang.li/ros2/test/create_pkg_node_ws/src/cpp_pubsub/src/subscriber_member_function.cpp:57:46:[m[K [01;31m[Kerror: [m[Ktemplate argument 1 is invalid
[1.902s]    57 |     rclcpp::Subscription<std_msgs::msg::int32[01;31m[K>[m[K::SharedPtr subscription_;
[1.902s]       |                                              [01;31m[K^[m[K
[1.902s] [01m[K/home/garen-lee/jialiang.li/ros2/test/create_pkg_node_ws/src/cpp_pubsub/src/subscriber_member_function.cpp:57:46:[m[K [01;31m[Kerror: [m[Ktemplate argument 3 is invalid
[1.902s] [01m[K/home/garen-lee/jialiang.li/ros2/test/create_pkg_node_ws/src/cpp_pubsub/src/subscriber_member_function.cpp:57:49:[m[K [01;31m[Kerror: [m[Kexpected â€˜[01m[K;[m[Kâ€™ at end of member declaration
[1.903s]    57 |     rclcpp::Subscription<std_msgs::msg::int32>::[01;31m[KSharedPtr[m[K subscription_;
[1.903s]       |                                                 [01;31m[K^~~~~~~~~[m[K
[1.904s]       |                                                          [32m[K;[m[K
[1.904s] [01m[K/home/garen-lee/jialiang.li/ros2/test/create_pkg_node_ws/src/cpp_pubsub/src/subscriber_member_function.cpp:57:59:[m[K [01;31m[Kerror: [m[Kâ€˜[01m[Ksubscription_[m[Kâ€™ does not name a type; did you mean â€˜[01m[Krcl_subscription_t[m[Kâ€™?
[1.904s]    57 |     rclcpp::Subscription<std_msgs::msg::int32>::SharedPtr [01;31m[Ksubscription_[m[K;
[1.904s]       |                                                           [01;31m[K^~~~~~~~~~~~~[m[K
[1.905s]       |                                                           [32m[Krcl_subscription_t[m[K
[1.905s] [01m[K/home/garen-lee/jialiang.li/ros2/test/create_pkg_node_ws/src/cpp_pubsub/src/subscriber_member_function.cpp:[m[K In constructor â€˜[01m[KTimerSubscriber::TimerSubscriber()[m[Kâ€™:
[1.905s] [01m[K/home/garen-lee/jialiang.li/ros2/test/create_pkg_node_ws/src/cpp_pubsub/src/subscriber_member_function.cpp:47:7:[m[K [01;31m[Kerror: [m[Kâ€˜[01m[Ksubscription_[m[Kâ€™ was not declared in this scope; did you mean â€˜[01m[Krcl_subscription_t[m[Kâ€™?
[1.905s]    47 |       [01;31m[Ksubscription_[m[K = this->create_subscription<std_msgs::msg::int32>(
[1.905s]       |       [01;31m[K^~~~~~~~~~~~~[m[K
[1.906s]       |       [32m[Krcl_subscription_t[m[K
[1.906s] [01m[K/home/garen-lee/jialiang.li/ros2/test/create_pkg_node_ws/src/cpp_pubsub/src/subscriber_member_function.cpp:47:64:[m[K [01;31m[Kerror: [m[Kâ€˜[01m[Kint32[m[Kâ€™ is not a member of â€˜[01m[Kstd_msgs::msg[m[Kâ€™; did you mean â€˜[01m[KInt32[m[Kâ€™?
[1.906s]    47 |       subscription_ = this->create_subscription<std_msgs::msg::[01;31m[Kint32[m[K>(
[1.906s]       |                                                                [01;31m[K^~~~~[m[K
[1.907s]       |                                                                [32m[KInt32[m[K
[1.907s] [01m[K/home/garen-lee/jialiang.li/ros2/test/create_pkg_node_ws/src/cpp_pubsub/src/subscriber_member_function.cpp:47:64:[m[K [01;31m[Kerror: [m[Kâ€˜[01m[Kint32[m[Kâ€™ is not a member of â€˜[01m[Kstd_msgs::msg[m[Kâ€™; did you mean â€˜[01m[KInt32[m[Kâ€™?
[1.907s]    47 |       subscription_ = this->create_subscription<std_msgs::msg::[01;31m[Kint32[m[K>(
[1.908s]       |                                                                [01;31m[K^~~~~[m[K
[1.908s]       |                                                                [32m[KInt32[m[K
[1.913s] [01m[K/home/garen-lee/jialiang.li/ros2/test/create_pkg_node_ws/src/cpp_pubsub/src/subscriber_member_function.cpp:48:75:[m[K [01;31m[Kerror: [m[Kno matching function for call to â€˜[01m[KTimerSubscriber::create_subscription<<expression error> >(const char [7], int, std::_Bind_helper<false, void (TimerSubscriber::*)(...), TimerSubscriber*, const std::_Placeholder<1>&>::type)[m[Kâ€™
[1.913s]    48 |       "topicA", 100, std::bind(&TimerSubscriber::topic_callback, this, _1)[01;31m[K)[m[K;
[1.914s]       |                                                                           [01;31m[K^[m[K
[1.914s] In file included from [01m[K/opt/ros/foxy/include/rclcpp/executors/single_threaded_executor.hpp:28[m[K,
[1.914s]                  from [01m[K/opt/ros/foxy/include/rclcpp/executors.hpp:22[m[K,
[1.914s]                  from [01m[K/opt/ros/foxy/include/rclcpp/rclcpp.hpp:146[m[K,
[1.915s]                  from [01m[K/home/garen-lee/jialiang.li/ros2/test/create_pkg_node_ws/src/cpp_pubsub/src/subscriber_member_function.cpp:5[m[K:
[1.915s] [01m[K/opt/ros/foxy/include/rclcpp/node.hpp:213:3:[m[K [01;36m[Knote: [m[Kcandidate: â€˜[01m[Ktemplate<class MessageT, class CallbackT, class AllocatorT, class CallbackMessageT, class SubscriptionT, class MessageMemoryStrategyT> std::shared_ptr<SubscriptionT> rclcpp::Node::create_subscription(const string&, const rclcpp::QoS&, CallbackT&&, const rclcpp::SubscriptionOptionsWithAllocator<AllocatorT>&, typename MessageMemoryStrategyT::SharedPtr)[m[Kâ€™
[1.915s]   213 |   [01;36m[Kcreate_subscription[m[K(
[1.915s]       |   [01;36m[K^~~~~~~~~~~~~~~~~~~[m[K
[1.915s] [01m[K/opt/ros/foxy/include/rclcpp/node.hpp:213:3:[m[K [01;36m[Knote: [m[K  template argument deduction/substitution failed:
[1.916s] [01m[K/home/garen-lee/jialiang.li/ros2/test/create_pkg_node_ws/src/cpp_pubsub/src/subscriber_member_function.cpp:48:75:[m[K [01;31m[Kerror: [m[Ktemplate argument 1 is invalid
[1.916s]    48 |       "topicA", 100, std::bind(&TimerSubscriber::topic_callback, this, _1)[01;31m[K)[m[K;
[1.916s]       |                                                                           [01;31m[K^[m[K
[2.351s] In file included from [01m[K/usr/include/x86_64-linux-gnu/c++/9/bits/c++allocator.h:33[m[K,
[2.351s]                  from [01m[K/usr/include/c++/9/bits/allocator.h:46[m[K,
[2.351s]                  from [01m[K/usr/include/c++/9/string:41[m[K,
[2.351s]                  from [01m[K/usr/include/c++/9/stdexcept:39[m[K,
[2.351s]                  from [01m[K/usr/include/c++/9/array:39[m[K,
[2.351s]                  from [01m[K/usr/include/c++/9/tuple:39[m[K,
[2.352s]                  from [01m[K/usr/include/c++/9/functional:54[m[K,
[2.352s]                  from [01m[K/home/garen-lee/jialiang.li/ros2/test/create_pkg_node_ws/src/cpp_pubsub/src/publisher_member_function.cpp:2[m[K:
[2.352s] /usr/include/c++/9/ext/new_allocator.h: In instantiation of â€˜[01m[Kvoid __gnu_cxx::new_allocator<_Tp>::construct(_Up*, _Args&& ...) [with _Up = TimerSubscriber; _Args = {}; _Tp = TimerSubscriber][m[Kâ€™:
[2.352s] [01m[K/usr/include/c++/9/bits/alloc_traits.h:483:4:[m[K   required from â€˜[01m[Kstatic void std::allocator_traits<std::allocator<_CharT> >::construct(std::allocator_traits<std::allocator<_CharT> >::allocator_type&, _Up*, _Args&& ...) [with _Up = TimerSubscriber; _Args = {}; _Tp = TimerSubscriber; std::allocator_traits<std::allocator<_CharT> >::allocator_type = std::allocator<TimerSubscriber>][m[Kâ€™
[2.352s] [01m[K/usr/include/c++/9/bits/shared_ptr_base.h:548:39:[m[K   required from â€˜[01m[Kstd::_Sp_counted_ptr_inplace<_Tp, _Alloc, _Lp>::_Sp_counted_ptr_inplace(_Alloc, _Args&& ...) [with _Args = {}; _Tp = TimerSubscriber; _Alloc = std::allocator<TimerSubscriber>; __gnu_cxx::_Lock_policy _Lp = __gnu_cxx::_S_atomic][m[Kâ€™
[2.352s] [01m[K/usr/include/c++/9/bits/shared_ptr_base.h:679:16:[m[K   required from â€˜[01m[Kstd::__shared_count<_Lp>::__shared_count(_Tp*&, std::_Sp_alloc_shared_tag<_Alloc>, _Args&& ...) [with _Tp = TimerSubscriber; _Alloc = std::allocator<TimerSubscriber>; _Args = {}; __gnu_cxx::_Lock_policy _Lp = __gnu_cxx::_S_atomic][m[Kâ€™
[2.352s] [01m[K/usr/include/c++/9/bits/shared_ptr_base.h:1344:71:[m[K   required from â€˜[01m[Kstd::__shared_ptr<_Tp, _Lp>::__shared_ptr(std::_Sp_alloc_shared_tag<_Tp>, _Args&& ...) [with _Alloc = std::allocator<TimerSubscriber>; _Args = {}; _Tp = TimerSubscriber; __gnu_cxx::_Lock_policy _Lp = __gnu_cxx::_S_atomic][m[Kâ€™
[2.352s] [01m[K/usr/include/c++/9/bits/shared_ptr.h:359:59:[m[K   required from â€˜[01m[Kstd::shared_ptr<_Tp>::shared_ptr(std::_Sp_alloc_shared_tag<_Tp>, _Args&& ...) [with _Alloc = std::allocator<TimerSubscriber>; _Args = {}; _Tp = TimerSubscriber][m[Kâ€™
[2.352s] [01m[K/usr/include/c++/9/bits/shared_ptr.h:701:14:[m[K   required from â€˜[01m[Kstd::shared_ptr<_Tp> std::allocate_shared(const _Alloc&, _Args&& ...) [with _Tp = TimerSubscriber; _Alloc = std::allocator<TimerSubscriber>; _Args = {}][m[Kâ€™
[2.352s] [01m[K/usr/include/c++/9/bits/shared_ptr.h:717:39:[m[K   required from â€˜[01m[Kstd::shared_ptr<_Tp> std::make_shared(_Args&& ...) [with _Tp = TimerSubscriber; _Args = {}][m[Kâ€™
[2.352s] [01m[K/home/garen-lee/jialiang.li/ros2/test/create_pkg_node_ws/src/cpp_pubsub/src/publisher_member_function.cpp:64:50:[m[K   required from here
[2.352s] [01m[K/usr/include/c++/9/ext/new_allocator.h:146:4:[m[K [01;31m[Kerror: [m[Kâ€˜[01m[KTimerSubscriber::TimerSubscriber()[m[Kâ€™ is private within this context
[2.353s]   146 |  { [01;31m[K::new((void *)__p) _Up(std::forward<_Args>(__args)...)[m[K; }
[2.353s]       |    [01;31m[K^~~~~~~~~~~~~~~~~~~~~~~~~~~~~~~~~~~~~~~~~~~~~~~~~~~~~~[m[K
[2.353s] [01m[K/home/garen-lee/jialiang.li/ros2/test/create_pkg_node_ws/src/cpp_pubsub/src/publisher_member_function.cpp:44:3:[m[K [01;36m[Knote: [m[Kdeclared private here
[2.353s]    44 |   [01;36m[KTimerSubscriber[m[K()
[2.353s]       |   [01;36m[K^~~~~~~~~~~~~~~[m[K
[2.404s] In file included from [01m[K/usr/include/x86_64-linux-gnu/c++/9/bits/c++allocator.h:33[m[K,
[2.404s]                  from [01m[K/usr/include/c++/9/bits/allocator.h:46[m[K,
[2.404s]                  from [01m[K/usr/include/c++/9/string:41[m[K,
[2.404s]                  from [01m[K/usr/include/c++/9/stdexcept:39[m[K,
[2.405s]                  from [01m[K/usr/include/c++/9/array:39[m[K,
[2.405s]                  from [01m[K/usr/include/c++/9/tuple:39[m[K,
[2.405s]                  from [01m[K/usr/include/c++/9/functional:54[m[K,
[2.405s]                  from [01m[K/home/garen-lee/jialiang.li/ros2/test/create_pkg_node_ws/src/cpp_pubsub/src/subscriber_member_function.cpp:2[m[K:
[2.405s] /usr/include/c++/9/ext/new_allocator.h: In instantiation of â€˜[01m[Kvoid __gnu_cxx::new_allocator<_Tp>::construct(_Up*, _Args&& ...) [with _Up = TimerSubscriber; _Args = {}; _Tp = TimerSubscriber][m[Kâ€™:
[2.405s] [01m[K/usr/include/c++/9/bits/alloc_traits.h:483:4:[m[K   required from â€˜[01m[Kstatic void std::allocator_traits<std::allocator<_CharT> >::construct(std::allocator_traits<std::allocator<_CharT> >::allocator_type&, _Up*, _Args&& ...) [with _Up = TimerSubscriber; _Args = {}; _Tp = TimerSubscriber; std::allocator_traits<std::allocator<_CharT> >::allocator_type = std::allocator<TimerSubscriber>][m[Kâ€™
[2.405s] [01m[K/usr/include/c++/9/bits/shared_ptr_base.h:548:39:[m[K   required from â€˜[01m[Kstd::_Sp_counted_ptr_inplace<_Tp, _Alloc, _Lp>::_Sp_counted_ptr_inplace(_Alloc, _Args&& ...) [with _Args = {}; _Tp = TimerSubscriber; _Alloc = std::allocator<TimerSubscriber>; __gnu_cxx::_Lock_policy _Lp = __gnu_cxx::_S_atomic][m[Kâ€™
[2.405s] [01m[K/usr/include/c++/9/bits/shared_ptr_base.h:679:16:[m[K   required from â€˜[01m[Kstd::__shared_count<_Lp>::__shared_count(_Tp*&, std::_Sp_alloc_shared_tag<_Alloc>, _Args&& ...) [with _Tp = TimerSubscriber; _Alloc = std::allocator<TimerSubscriber>; _Args = {}; __gnu_cxx::_Lock_policy _Lp = __gnu_cxx::_S_atomic][m[Kâ€™
[2.405s] [01m[K/usr/include/c++/9/bits/shared_ptr_base.h:1344:71:[m[K   required from â€˜[01m[Kstd::__shared_ptr<_Tp, _Lp>::__shared_ptr(std::_Sp_alloc_shared_tag<_Tp>, _Args&& ...) [with _Alloc = std::allocator<TimerSubscriber>; _Args = {}; _Tp = TimerSubscriber; __gnu_cxx::_Lock_policy _Lp = __gnu_cxx::_S_atomic][m[Kâ€™
[2.405s] [01m[K/usr/include/c++/9/bits/shared_ptr.h:359:59:[m[K   required from â€˜[01m[Kstd::shared_ptr<_Tp>::shared_ptr(std::_Sp_alloc_shared_tag<_Tp>, _Args&& ...) [with _Alloc = std::allocator<TimerSubscriber>; _Args = {}; _Tp = TimerSubscriber][m[Kâ€™
[2.405s] [01m[K/usr/include/c++/9/bits/shared_ptr.h:701:14:[m[K   required from â€˜[01m[Kstd::shared_ptr<_Tp> std::allocate_shared(const _Alloc&, _Args&& ...) [with _Tp = TimerSubscriber; _Alloc = std::allocator<TimerSubscriber>; _Args = {}][m[Kâ€™
[2.405s] [01m[K/usr/include/c++/9/bits/shared_ptr.h:717:39:[m[K   required from â€˜[01m[Kstd::shared_ptr<_Tp> std::make_shared(_Args&& ...) [with _Tp = TimerSubscriber; _Args = {}][m[Kâ€™
[2.406s] [01m[K/home/garen-lee/jialiang.li/ros2/test/create_pkg_node_ws/src/cpp_pubsub/src/subscriber_member_function.cpp:64:50:[m[K   required from here
[2.406s] [01m[K/usr/include/c++/9/ext/new_allocator.h:146:4:[m[K [01;31m[Kerror: [m[Kâ€˜[01m[KTimerSubscriber::TimerSubscriber()[m[Kâ€™ is private within this context
[2.406s]   146 |  { [01;31m[K::new((void *)__p) _Up(std::forward<_Args>(__args)...)[m[K; }
[2.406s]       |    [01;31m[K^~~~~~~~~~~~~~~~~~~~~~~~~~~~~~~~~~~~~~~~~~~~~~~~~~~~~~[m[K
[2.406s] [01m[K/home/garen-lee/jialiang.li/ros2/test/create_pkg_node_ws/src/cpp_pubsub/src/subscriber_member_function.cpp:44:3:[m[K [01;36m[Knote: [m[Kdeclared private here
[2.406s]    44 |   [01;36m[KTimerSubscriber[m[K()
[2.406s]       |   [01;36m[K^~~~~~~~~~~~~~~[m[K
[2.477s] make[2]: *** [CMakeFiles/talker.dir/build.make:76: CMakeFiles/talker.dir/src/publisher_member_function.cpp.o] Error 1
[2.478s] make[1]: *** [CMakeFiles/Makefile2:139: CMakeFiles/talker.dir/all] Error 2
[2.478s] make[1]: *** Waiting for unfinished jobs....
[2.528s] make[2]: *** [CMakeFiles/listener.dir/build.make:76: CMakeFiles/listener.dir/src/subscriber_member_function.cpp.o] Error 1
[2.528s] make[1]: *** [CMakeFiles/Makefile2:165: CMakeFiles/listener.dir/all] Error 2
[2.529s] make: *** [Makefile:146: all] Error 2
[2.531s] Invoked command in '/home/garen-lee/jialiang.li/ros2/test/create_pkg_node_ws/src/cpp_pubsub/build/cpp_pubsub' returned '2': CMAKE_PREFIX_PATH=/opt/ros/foxy /usr/bin/cmake --build /home/garen-lee/jialiang.li/ros2/test/create_pkg_node_ws/src/cpp_pubsub/build/cpp_pubsub -- -j4 -l4
