[0.028s] Invoking command in '/home/garen-lee/jialiang.li/ros2/test/create_pkg_node_ws/src/cpp_pubsub/build/cpp_pubsub': CMAKE_PREFIX_PATH=${CMAKE_PREFIX_PATH}:/opt/ros/foxy /usr/bin/cmake --build /home/garen-lee/jialiang.li/ros2/test/create_pkg_node_ws/src/cpp_pubsub/build/cpp_pubsub -- -j4 -l4
[0.062s] [35m[1mConsolidate compiler generated dependencies of target listener[0m
[0.063s] [35m[1mConsolidate compiler generated dependencies of target talker[0m
[0.078s] [ 25%] [32mBuilding CXX object CMakeFiles/listener.dir/src/subscriber_member_function.cpp.o[0m
[0.080s] [ 50%] [32mBuilding CXX object CMakeFiles/talker.dir/src/publisher_member_function.cpp.o[0m
[1.856s] [01m[K/home/garen-lee/jialiang.li/ros2/test/create_pkg_node_ws/src/cpp_pubsub/src/publisher_member_function.cpp:13:16:[m[K [01;31m[Kerror: [m[Kâ€˜[01m[KFloat64[m[Kâ€™ in namespace â€˜[01m[Kstd_msgs::msg[m[Kâ€™ does not name a type
[1.857s]    13 | std_msgs::msg::[01;31m[KFloat64[m[K time_last_;
[1.857s]       |                [01;31m[K^~~~~~~[m[K
[1.857s] [01m[K/home/garen-lee/jialiang.li/ros2/test/create_pkg_node_ws/src/cpp_pubsub/src/publisher_member_function.cpp:14:11:[m[K [01;31m[Kerror: [m[Kexpected constructor, destructor, or type conversion before â€˜[01m[K([m[Kâ€™ token
[1.857s]    14 | time_last_[01;31m[K([m[Kros::Time::now());
[1.857s]       |           [01;31m[K^[m[K
[1.857s] [01m[K/home/garen-lee/jialiang.li/ros2/test/create_pkg_node_ws/src/cpp_pubsub/src/publisher_member_function.cpp:35:38:[m[K [01;31m[Kerror: [m[Kâ€˜[01m[KFloat64[m[Kâ€™ is not a member of â€˜[01m[Kstd_msgs::msg[m[Kâ€™
[1.857s]    35 |     rclcpp::Publisher<std_msgs::msg::[01;31m[KFloat64[m[K>::SharedPtr publisher_;
[1.857s]       |                                      [01;31m[K^~~~~~~[m[K
[1.858s] [01m[K/home/garen-lee/jialiang.li/ros2/test/create_pkg_node_ws/src/cpp_pubsub/src/publisher_member_function.cpp:35:38:[m[K [01;31m[Kerror: [m[Kâ€˜[01m[KFloat64[m[Kâ€™ is not a member of â€˜[01m[Kstd_msgs::msg[m[Kâ€™
[1.858s] [01m[K/home/garen-lee/jialiang.li/ros2/test/create_pkg_node_ws/src/cpp_pubsub/src/publisher_member_function.cpp:35:45:[m[K [01;31m[Kerror: [m[Ktemplate argument 1 is invalid
[1.858s]    35 |     rclcpp::Publisher<std_msgs::msg::Float64[01;31m[K>[m[K::SharedPtr publisher_;
[1.858s]       |                                             [01;31m[K^[m[K
[1.858s] [01m[K/home/garen-lee/jialiang.li/ros2/test/create_pkg_node_ws/src/cpp_pubsub/src/publisher_member_function.cpp:35:48:[m[K [01;31m[Kerror: [m[Kexpected â€˜[01m[K;[m[Kâ€™ at end of member declaration
[1.858s]    35 |     rclcpp::Publisher<std_msgs::msg::Float64>::[01;31m[KSharedPtr[m[K publisher_;
[1.858s]       |                                                [01;31m[K^~~~~~~~~[m[K
[1.858s]       |                                                         [32m[K;[m[K
[1.861s] [01m[K/home/garen-lee/jialiang.li/ros2/test/create_pkg_node_ws/src/cpp_pubsub/src/publisher_member_function.cpp:35:58:[m[K [01;31m[Kerror: [m[Kâ€˜[01m[Kpublisher_[m[Kâ€™ does not name a type; did you mean â€˜[01m[Krcl_publisher_t[m[Kâ€™?
[1.861s]    35 |     rclcpp::Publisher<std_msgs::msg::Float64>::SharedPtr [01;31m[Kpublisher_[m[K;
[1.861s]       |                                                          [01;31m[K^~~~~~~~~~[m[K
[1.861s]       |                                                          [32m[Krcl_publisher_t[m[K
[1.865s] [01m[K/home/garen-lee/jialiang.li/ros2/test/create_pkg_node_ws/src/cpp_pubsub/src/publisher_member_function.cpp:[m[K In constructor â€˜[01m[KTimerPublisher::TimerPublisher()[m[Kâ€™:
[1.865s] [01m[K/home/garen-lee/jialiang.li/ros2/test/create_pkg_node_ws/src/cpp_pubsub/src/publisher_member_function.cpp:21:7:[m[K [01;31m[Kerror: [m[Kâ€˜[01m[Kpublisher_[m[Kâ€™ was not declared in this scope; did you mean â€˜[01m[Krcl_publisher_t[m[Kâ€™?
[1.865s]    21 |       [01;31m[Kpublisher_[m[K = this->create_publisher<std_msgs::msg::Float64>("topicB", 100);
[1.865s]       |       [01;31m[K^~~~~~~~~~[m[K
[1.865s]       |       [32m[Krcl_publisher_t[m[K
[1.865s] [01m[K/home/garen-lee/jialiang.li/ros2/test/create_pkg_node_ws/src/cpp_pubsub/src/publisher_member_function.cpp:21:58:[m[K [01;31m[Kerror: [m[Kâ€˜[01m[KFloat64[m[Kâ€™ is not a member of â€˜[01m[Kstd_msgs::msg[m[Kâ€™
[1.865s]    21 |       publisher_ = this->create_publisher<std_msgs::msg::[01;31m[KFloat64[m[K>("topicB", 100);
[1.866s]       |                                                          [01;31m[K^~~~~~~[m[K
[1.866s] [01m[K/home/garen-lee/jialiang.li/ros2/test/create_pkg_node_ws/src/cpp_pubsub/src/publisher_member_function.cpp:21:58:[m[K [01;31m[Kerror: [m[Kâ€˜[01m[KFloat64[m[Kâ€™ is not a member of â€˜[01m[Kstd_msgs::msg[m[Kâ€™
[1.866s] [01m[K/home/garen-lee/jialiang.li/ros2/test/create_pkg_node_ws/src/cpp_pubsub/src/publisher_member_function.cpp:21:80:[m[K [01;31m[Kerror: [m[Kno matching function for call to â€˜[01m[KTimerPublisher::create_publisher<<expression error> >(const char [7], int)[m[Kâ€™
[1.866s]    21 |  this->create_publisher<std_msgs::msg::Float64>("topicB", 100[01;31m[K)[m[K;
[1.866s]       |                                                              [01;31m[K^[m[K
[1.866s] 
[1.866s] In file included from [01m[K/opt/ros/foxy/include/rclcpp/executors/single_threaded_executor.hpp:28[m[K,
[1.867s]                  from [01m[K/opt/ros/foxy/include/rclcpp/executors.hpp:22[m[K,
[1.867s]                  from [01m[K/opt/ros/foxy/include/rclcpp/rclcpp.hpp:146[m[K,
[1.867s]                  from [01m[K/home/garen-lee/jialiang.li/ros2/test/create_pkg_node_ws/src/cpp_pubsub/src/publisher_member_function.cpp:6[m[K:
[1.867s] [01m[K/opt/ros/foxy/include/rclcpp/node.hpp:184:3:[m[K [01;36m[Knote: [m[Kcandidate: â€˜[01m[Ktemplate<class MessageT, class AllocatorT, class PublisherT> std::shared_ptr<PublisherT> rclcpp::Node::create_publisher(const string&, const rclcpp::QoS&, const rclcpp::PublisherOptionsWithAllocator<AllocatorT>&)[m[Kâ€™
[1.867s]   184 |   [01;36m[Kcreate_publisher[m[K(
[1.867s]       |   [01;36m[K^~~~~~~~~~~~~~~~[m[K
[1.868s] [01m[K/opt/ros/foxy/include/rclcpp/node.hpp:184:3:[m[K [01;36m[Knote: [m[K  template argument deduction/substitution failed:
[1.868s] [01m[K/home/garen-lee/jialiang.li/ros2/test/create_pkg_node_ws/src/cpp_pubsub/src/publisher_member_function.cpp:21:80:[m[K [01;31m[Kerror: [m[Ktemplate argument 1 is invalid
[1.868s]    21 |  this->create_publisher<std_msgs::msg::Float64>("topicB", 100[01;31m[K)[m[K;
[1.868s]       |                                                              [01;31m[K^[m[K
[1.868s] 
[1.882s] [01m[K/home/garen-lee/jialiang.li/ros2/test/create_pkg_node_ws/src/cpp_pubsub/src/publisher_member_function.cpp:[m[K In member function â€˜[01m[Kvoid TimerPublisher::timer_callback()[m[Kâ€™:
[1.882s] [01m[K/home/garen-lee/jialiang.li/ros2/test/create_pkg_node_ws/src/cpp_pubsub/src/publisher_member_function.cpp:29:37:[m[K [01;31m[Kerror: [m[Kâ€˜[01m[KFloat64[m[Kâ€™ is not a member of â€˜[01m[Kstd_msgs::msg[m[Kâ€™
[1.882s]    29 |       auto message = std_msgs::msg::[01;31m[KFloat64[m[K();
[1.883s]       |                                     [01;31m[K^~~~~~~[m[K
[1.883s] [01m[K/home/garen-lee/jialiang.li/ros2/test/create_pkg_node_ws/src/cpp_pubsub/src/publisher_member_function.cpp:30:22:[m[K [01;31m[Kerror: [m[Kâ€˜[01m[Kros[m[Kâ€™ has not been declared
[1.883s]    30 |       message.data = [01;31m[Kros[m[K::Time::now();
[1.883s]       |                      [01;31m[K^~~[m[K
[1.886s] In file included from [01m[K/opt/ros/foxy/include/rclcpp/client.hpp:40[m[K,
[1.889s]                  from [01m[K/opt/ros/foxy/include/rclcpp/callback_group.hpp:23[m[K,
[1.891s]                  from [01m[K/opt/ros/foxy/include/rclcpp/any_executable.hpp:20[m[K,
[1.892s]                  from [01m[K/opt/ros/foxy/include/rclcpp/memory_strategy.hpp:24[m[K,
[1.892s]                  from [01m[K/opt/ros/foxy/include/rclcpp/memory_strategies.hpp:18[m[K,
[1.892s]                  from [01m[K/opt/ros/foxy/include/rclcpp/executor_options.hpp:20[m[K,
[1.892s]                  from [01m[K/opt/ros/foxy/include/rclcpp/executor.hpp:33[m[K,
[1.892s]                  from [01m[K/opt/ros/foxy/include/rclcpp/executors/multi_threaded_executor.hpp:26[m[K,
[1.893s]                  from [01m[K/opt/ros/foxy/include/rclcpp/executors.hpp:21[m[K,
[1.893s]                  from [01m[K/opt/ros/foxy/include/rclcpp/rclcpp.hpp:146[m[K,
[1.893s]                  from [01m[K/home/garen-lee/jialiang.li/ros2/test/create_pkg_node_ws/src/cpp_pubsub/src/publisher_member_function.cpp:6[m[K:
[1.893s] [01m[K/home/garen-lee/jialiang.li/ros2/test/create_pkg_node_ws/src/cpp_pubsub/src/publisher_member_function.cpp:31:91:[m[K [01;31m[Kerror: [m[Kâ€˜[01m[Ktime_last_[m[Kâ€™ was not declared in this scope; did you mean â€˜[01m[Ktime_t[m[Kâ€™?
[1.894s]    31 | >get_logger(), "topicB Publishing: '%d'", message.data.Float64() - [01;31m[Ktime_last_[m[K);
[1.894s]       |                                                                    [01;31m[K^~~~~~~~~~[m[K
[1.894s] 
[1.894s] [01m[K/home/garen-lee/jialiang.li/ros2/test/create_pkg_node_ws/src/cpp_pubsub/src/publisher_member_function.cpp:32:7:[m[K [01;31m[Kerror: [m[Kâ€˜[01m[Kpublisher_[m[Kâ€™ was not declared in this scope; did you mean â€˜[01m[Krcl_publisher_t[m[Kâ€™?
[1.895s]    32 |       [01;31m[Kpublisher_[m[K->publish(message);
[1.895s]       |       [01;31m[K^~~~~~~~~~[m[K
[1.895s]       |       [32m[Krcl_publisher_t[m[K
[1.895s] [01m[K/home/garen-lee/jialiang.li/ros2/test/create_pkg_node_ws/src/cpp_pubsub/src/publisher_member_function.cpp:[m[K At global scope:
[1.895s] [01m[K/home/garen-lee/jialiang.li/ros2/test/create_pkg_node_ws/src/cpp_pubsub/src/publisher_member_function.cpp:48:46:[m[K [01;31m[Kerror: [m[Kâ€˜[01m[KFloat64[m[Kâ€™ in namespace â€˜[01m[Kstd_msgs::msg[m[Kâ€™ does not name a type
[1.896s]    48 |     void topic_callback(const std_msgs::msg::[01;31m[KFloat64[m[K::SharedPtr msg) const
[1.896s]       |                                              [01;31m[K^~~~~~~[m[K
[1.896s] [01m[K/home/garen-lee/jialiang.li/ros2/test/create_pkg_node_ws/src/cpp_pubsub/src/publisher_member_function.cpp:48:65:[m[K [01;31m[Kerror: [m[Kexpected unqualified-id before â€˜[01m[Kmsg[m[Kâ€™
[1.896s]    48 |     void topic_callback(const std_msgs::msg::Float64::SharedPtr [01;31m[Kmsg[m[K) const
[1.896s]       |                                                                 [01;31m[K^~~[m[K
[1.897s] [01m[K/home/garen-lee/jialiang.li/ros2/test/create_pkg_node_ws/src/cpp_pubsub/src/publisher_member_function.cpp:48:64:[m[K [01;31m[Kerror: [m[Kexpected â€˜[01m[K)[m[Kâ€™ before â€˜[01m[Kmsg[m[Kâ€™
[1.897s]    48 |     void topic_callback[34m[K([m[Kconst std_msgs::msg::Float64::SharedPtr[01;31m[K [m[K[32m[Kmsg[m[K) const
[1.897s]       |                        [34m[K~[m[K                                       [01;31m[K^[m[K[32m[K~~~[m[K
[1.897s]       |                                                                [32m[K)[m[K
[1.898s] [01m[K/home/garen-lee/jialiang.li/ros2/test/create_pkg_node_ws/src/cpp_pubsub/src/publisher_member_function.cpp:48:55:[m[K [01;31m[Kerror: [m[Kexpected â€˜[01m[K;[m[Kâ€™ at end of member declaration
[1.898s]    48 |     void topic_callback(const std_msgs::msg::Float64::[01;31m[KSharedPtr[m[K msg) const
[1.899s]       |                                                       [01;31m[K^~~~~~~~~[m[K
[1.899s]       |                                                                [32m[K;[m[K
[1.899s] [01m[K/home/garen-lee/jialiang.li/ros2/test/create_pkg_node_ws/src/cpp_pubsub/src/publisher_member_function.cpp:48:65:[m[K [01;31m[Kerror: [m[Kâ€˜[01m[Kmsg[m[Kâ€™ does not name a type
[1.899s]    48 |     void topic_callback(const std_msgs::msg::Float64::SharedPtr [01;31m[Kmsg[m[K) const
[1.899s]       |                                                                 [01;31m[K^~~[m[K
[1.900s] [01m[K/home/garen-lee/jialiang.li/ros2/test/create_pkg_node_ws/src/cpp_pubsub/src/publisher_member_function.cpp:53:41:[m[K [01;31m[Kerror: [m[Kâ€˜[01m[KFloat64[m[Kâ€™ is not a member of â€˜[01m[Kstd_msgs::msg[m[Kâ€™
[1.900s]    53 |     rclcpp::Subscription<std_msgs::msg::[01;31m[KFloat64[m[K>::SharedPtr subscription_;
[1.900s]       |                                         [01;31m[K^~~~~~~[m[K
[1.901s] [01m[K/home/garen-lee/jialiang.li/ros2/test/create_pkg_node_ws/src/cpp_pubsub/src/publisher_member_function.cpp:53:41:[m[K [01;31m[Kerror: [m[Kâ€˜[01m[KFloat64[m[Kâ€™ is not a member of â€˜[01m[Kstd_msgs::msg[m[Kâ€™
[1.901s] [01m[K/home/garen-lee/jialiang.li/ros2/test/create_pkg_node_ws/src/cpp_pubsub/src/publisher_member_function.cpp:53:48:[m[K [01;31m[Kerror: [m[Ktemplate argument 1 is invalid
[1.901s]    53 |     rclcpp::Subscription<std_msgs::msg::Float64[01;31m[K>[m[K::SharedPtr subscription_;
[1.902s]       |                                                [01;31m[K^[m[K
[1.902s] [01m[K/home/garen-lee/jialiang.li/ros2/test/create_pkg_node_ws/src/cpp_pubsub/src/publisher_member_function.cpp:53:48:[m[K [01;31m[Kerror: [m[Ktemplate argument 3 is invalid
[1.902s] [01m[K/home/garen-lee/jialiang.li/ros2/test/create_pkg_node_ws/src/cpp_pubsub/src/publisher_member_function.cpp:53:51:[m[K [01;31m[Kerror: [m[Kexpected â€˜[01m[K;[m[Kâ€™ at end of member declaration
[1.902s]    53 |     rclcpp::Subscription<std_msgs::msg::Float64>::[01;31m[KSharedPtr[m[K subscription_;
[1.903s]       |                                                   [01;31m[K^~~~~~~~~[m[K
[1.903s]       |                                                            [32m[K;[m[K
[1.903s] [01m[K/home/garen-lee/jialiang.li/ros2/test/create_pkg_node_ws/src/cpp_pubsub/src/publisher_member_function.cpp:53:61:[m[K [01;31m[Kerror: [m[Kâ€˜[01m[Ksubscription_[m[Kâ€™ does not name a type; did you mean â€˜[01m[Krcl_subscription_t[m[Kâ€™?
[1.903s]    53 |     rclcpp::Subscription<std_msgs::msg::Float64>::SharedPtr [01;31m[Ksubscription_[m[K;
[1.903s]       |                                                             [01;31m[K^~~~~~~~~~~~~[m[K
[1.904s]       |                                                             [32m[Krcl_subscription_t[m[K
[1.904s] [01m[K/home/garen-lee/jialiang.li/ros2/test/create_pkg_node_ws/src/cpp_pubsub/src/publisher_member_function.cpp:[m[K In constructor â€˜[01m[KTimerSubscriber::TimerSubscriber()[m[Kâ€™:
[1.904s] [01m[K/home/garen-lee/jialiang.li/ros2/test/create_pkg_node_ws/src/cpp_pubsub/src/publisher_member_function.cpp:43:7:[m[K [01;31m[Kerror: [m[Kâ€˜[01m[Ksubscription_[m[Kâ€™ was not declared in this scope; did you mean â€˜[01m[Krcl_subscription_t[m[Kâ€™?
[1.904s]    43 |       [01;31m[Ksubscription_[m[K = this->create_subscription<std_msgs::msg::Float64>(
[1.905s]       |       [01;31m[K^~~~~~~~~~~~~[m[K
[1.905s]       |       [32m[Krcl_subscription_t[m[K
[1.905s] [01m[K/home/garen-lee/jialiang.li/ros2/test/create_pkg_node_ws/src/cpp_pubsub/src/publisher_member_function.cpp:43:64:[m[K [01;31m[Kerror: [m[Kâ€˜[01m[KFloat64[m[Kâ€™ is not a member of â€˜[01m[Kstd_msgs::msg[m[Kâ€™
[1.905s]    43 |       subscription_ = this->create_subscription<std_msgs::msg::[01;31m[KFloat64[m[K>(
[1.906s]       |                                                                [01;31m[K^~~~~~~[m[K
[1.906s] [01m[K/home/garen-lee/jialiang.li/ros2/test/create_pkg_node_ws/src/cpp_pubsub/src/publisher_member_function.cpp:43:64:[m[K [01;31m[Kerror: [m[Kâ€˜[01m[KFloat64[m[Kâ€™ is not a member of â€˜[01m[Kstd_msgs::msg[m[Kâ€™
[1.907s] [01m[K/home/garen-lee/jialiang.li/ros2/test/create_pkg_node_ws/src/cpp_pubsub/src/subscriber_member_function.cpp:9:16:[m[K [01;31m[Kerror: [m[Kâ€˜[01m[KFloat64[m[Kâ€™ in namespace â€˜[01m[Kstd_msgs::msg[m[Kâ€™ does not name a type
[1.907s]     9 | std_msgs::msg::[01;31m[KFloat64[m[K time_last_;
[1.907s]       |                [01;31m[K^~~~~~~[m[K
[1.908s] [01m[K/home/garen-lee/jialiang.li/ros2/test/create_pkg_node_ws/src/cpp_pubsub/src/subscriber_member_function.cpp:10:11:[m[K [01;31m[Kerror: [m[Kexpected constructor, destructor, or type conversion before â€˜[01m[K([m[Kâ€™ token
[1.908s]    10 | time_last_[01;31m[K([m[Kros::Time::now());
[1.908s]       |           [01;31m[K^[m[K
[1.908s] [01m[K/home/garen-lee/jialiang.li/ros2/test/create_pkg_node_ws/src/cpp_pubsub/src/subscriber_member_function.cpp:31:38:[m[K [01;31m[Kerror: [m[Kâ€˜[01m[KFloat64[m[Kâ€™ is not a member of â€˜[01m[Kstd_msgs::msg[m[Kâ€™
[1.908s]    31 |     rclcpp::Publisher<std_msgs::msg::[01;31m[KFloat64[m[K>::SharedPtr publisher_;
[1.909s]       |                                      [01;31m[K^~~~~~~[m[K
[1.909s] [01m[K/home/garen-lee/jialiang.li/ros2/test/create_pkg_node_ws/src/cpp_pubsub/src/subscriber_member_function.cpp:31:38:[m[K [01;31m[Kerror: [m[Kâ€˜[01m[KFloat64[m[Kâ€™ is not a member of â€˜[01m[Kstd_msgs::msg[m[Kâ€™
[1.909s] [01m[K/home/garen-lee/jialiang.li/ros2/test/create_pkg_node_ws/src/cpp_pubsub/src/subscriber_member_function.cpp:31:45:[m[K [01;31m[Kerror: [m[Ktemplate argument 1 is invalid
[1.909s]    31 |     rclcpp::Publisher<std_msgs::msg::Float64[01;31m[K>[m[K::SharedPtr publisher_;
[1.910s]       |                                             [01;31m[K^[m[K
[1.910s] [01m[K/home/garen-lee/jialiang.li/ros2/test/create_pkg_node_ws/src/cpp_pubsub/src/subscriber_member_function.cpp:31:48:[m[K [01;31m[Kerror: [m[Kexpected â€˜[01m[K;[m[Kâ€™ at end of member declaration
[1.910s]    31 |     rclcpp::Publisher<std_msgs::msg::Float64>::[01;31m[KSharedPtr[m[K publisher_;
[1.911s]       |                                                [01;31m[K^~~~~~~~~[m[K
[1.911s]       |                                                         [32m[K;[m[K
[1.911s] [01m[K/home/garen-lee/jialiang.li/ros2/test/create_pkg_node_ws/src/cpp_pubsub/src/subscriber_member_function.cpp:31:58:[m[K [01;31m[Kerror: [m[Kâ€˜[01m[Kpublisher_[m[Kâ€™ does not name a type; did you mean â€˜[01m[Krcl_publisher_t[m[Kâ€™?
[1.912s]    31 |     rclcpp::Publisher<std_msgs::msg::Float64>::SharedPtr [01;31m[Kpublisher_[m[K;
[1.912s]       |                                                          [01;31m[K^~~~~~~~~~[m[K
[1.912s]       |                                                          [32m[Krcl_publisher_t[m[K
[1.914s] [01m[K/home/garen-lee/jialiang.li/ros2/test/create_pkg_node_ws/src/cpp_pubsub/src/publisher_member_function.cpp:44:75:[m[K [01;31m[Kerror: [m[Kno matching function for call to â€˜[01m[KTimerSubscriber::create_subscription<<expression error> >(const char [7], int, std::_Bind_helper<false, void (TimerSubscriber::*)(...), TimerSubscriber*, const std::_Placeholder<1>&>::type)[m[Kâ€™
[1.914s]    44 |       "topicA", 100, std::bind(&TimerSubscriber::topic_callback, this, _1)[01;31m[K)[m[K;
[1.914s]       |                                                                           [01;31m[K^[m[K
[1.914s] In file included from [01m[K/opt/ros/foxy/include/rclcpp/executors/single_threaded_executor.hpp:28[m[K,
[1.915s]                  from [01m[K/opt/ros/foxy/include/rclcpp/executors.hpp:22[m[K,
[1.915s]                  from [01m[K/opt/ros/foxy/include/rclcpp/rclcpp.hpp:146[m[K,
[1.915s]                  from [01m[K/home/garen-lee/jialiang.li/ros2/test/create_pkg_node_ws/src/cpp_pubsub/src/publisher_member_function.cpp:6[m[K:
[1.916s] [01m[K/opt/ros/foxy/include/rclcpp/node.hpp:213:3:[m[K [01;36m[Knote: [m[Kcandidate: â€˜[01m[Ktemplate<class MessageT, class CallbackT, class AllocatorT, class CallbackMessageT, class SubscriptionT, class MessageMemoryStrategyT> std::shared_ptr<SubscriptionT> rclcpp::Node::create_subscription(const string&, const rclcpp::QoS&, CallbackT&&, const rclcpp::SubscriptionOptionsWithAllocator<AllocatorT>&, typename MessageMemoryStrategyT::SharedPtr)[m[Kâ€™
[1.916s]   213 |   [01;36m[Kcreate_subscription[m[K(
[1.916s]       |   [01;36m[K^~~~~~~~~~~~~~~~~~~[m[K
[1.916s] [01m[K/opt/ros/foxy/include/rclcpp/node.hpp:213:3:[m[K [01;36m[Knote: [m[K  template argument deduction/substitution failed:
[1.917s] [01m[K/home/garen-lee/jialiang.li/ros2/test/create_pkg_node_ws/src/cpp_pubsub/src/publisher_member_function.cpp:44:75:[m[K [01;31m[Kerror: [m[Ktemplate argument 1 is invalid
[1.917s]    44 |       "topicA", 100, std::bind(&TimerSubscriber::topic_callback, this, _1)[01;31m[K)[m[K;
[1.917s]       |                                                                           [01;31m[K^[m[K
[1.917s] [01m[K/home/garen-lee/jialiang.li/ros2/test/create_pkg_node_ws/src/cpp_pubsub/src/subscriber_member_function.cpp:[m[K In constructor â€˜[01m[KTimerPublisher::TimerPublisher()[m[Kâ€™:
[1.918s] [01m[K/home/garen-lee/jialiang.li/ros2/test/create_pkg_node_ws/src/cpp_pubsub/src/subscriber_member_function.cpp:17:7:[m[K [01;31m[Kerror: [m[Kâ€˜[01m[Kpublisher_[m[Kâ€™ was not declared in this scope; did you mean â€˜[01m[Krcl_publisher_t[m[Kâ€™?
[1.918s]    17 |       [01;31m[Kpublisher_[m[K = this->create_publisher<std_msgs::msg::Float64>("topicA", 100);
[1.918s]       |       [01;31m[K^~~~~~~~~~[m[K
[1.918s]       |       [32m[Krcl_publisher_t[m[K
[1.918s] [01m[K/home/garen-lee/jialiang.li/ros2/test/create_pkg_node_ws/src/cpp_pubsub/src/subscriber_member_function.cpp:17:58:[m[K [01;31m[Kerror: [m[Kâ€˜[01m[KFloat64[m[Kâ€™ is not a member of â€˜[01m[Kstd_msgs::msg[m[Kâ€™
[1.922s]    17 |       publisher_ = this->create_publisher<std_msgs::msg::[01;31m[KFloat64[m[K>("topicA", 100);
[1.922s]       |                                                          [01;31m[K^~~~~~~[m[K
[1.922s] [01m[K/home/garen-lee/jialiang.li/ros2/test/create_pkg_node_ws/src/cpp_pubsub/src/subscriber_member_function.cpp:17:58:[m[K [01;31m[Kerror: [m[Kâ€˜[01m[KFloat64[m[Kâ€™ is not a member of â€˜[01m[Kstd_msgs::msg[m[Kâ€™
[1.922s] [01m[K/home/garen-lee/jialiang.li/ros2/test/create_pkg_node_ws/src/cpp_pubsub/src/subscriber_member_function.cpp:17:80:[m[K [01;31m[Kerror: [m[Kno matching function for call to â€˜[01m[KTimerPublisher::create_publisher<<expression error> >(const char [7], int)[m[Kâ€™
[1.922s]    17 |       publisher_ = this->create_publisher<std_msgs::msg::Float64>("topicA", 100[01;31m[K)[m[K;
[1.923s]       |                                                                                [01;31m[K^[m[K
[1.923s] In file included from [01m[K/opt/ros/foxy/include/rclcpp/executors/single_threaded_executor.hpp:28[m[K,
[1.923s]                  from [01m[K/opt/ros/foxy/include/rclcpp/executors.hpp:22[m[K,
[1.923s]                  from [01m[K/opt/ros/foxy/include/rclcpp/rclcpp.hpp:146[m[K,
[1.924s]                  from [01m[K/home/garen-lee/jialiang.li/ros2/test/create_pkg_node_ws/src/cpp_pubsub/src/subscriber_member_function.cpp:3[m[K:
[1.924s] [01m[K/opt/ros/foxy/include/rclcpp/node.hpp:184:3:[m[K [01;36m[Knote: [m[Kcandidate: â€˜[01m[Ktemplate<class MessageT, class AllocatorT, class PublisherT> std::shared_ptr<PublisherT> rclcpp::Node::create_publisher(const string&, const rclcpp::QoS&, const rclcpp::PublisherOptionsWithAllocator<AllocatorT>&)[m[Kâ€™
[1.924s]   184 |   [01;36m[Kcreate_publisher[m[K(
[1.924s]       |   [01;36m[K^~~~~~~~~~~~~~~~[m[K
[1.925s] [01m[K/opt/ros/foxy/include/rclcpp/node.hpp:184:3:[m[K [01;36m[Knote: [m[K  template argument deduction/substitution failed:
[1.925s] [01m[K/home/garen-lee/jialiang.li/ros2/test/create_pkg_node_ws/src/cpp_pubsub/src/subscriber_member_function.cpp:17:80:[m[K [01;31m[Kerror: [m[Ktemplate argument 1 is invalid
[1.925s]    17 |       publisher_ = this->create_publisher<std_msgs::msg::Float64>("topicA", 100[01;31m[K)[m[K;
[1.925s]       |                                                                                [01;31m[K^[m[K
[1.933s] [01m[K/home/garen-lee/jialiang.li/ros2/test/create_pkg_node_ws/src/cpp_pubsub/src/subscriber_member_function.cpp:[m[K In member function â€˜[01m[Kvoid TimerPublisher::timer_callback()[m[Kâ€™:
[1.933s] [01m[K/home/garen-lee/jialiang.li/ros2/test/create_pkg_node_ws/src/cpp_pubsub/src/subscriber_member_function.cpp:25:37:[m[K [01;31m[Kerror: [m[Kâ€˜[01m[KFloat64[m[Kâ€™ is not a member of â€˜[01m[Kstd_msgs::msg[m[Kâ€™
[1.933s]    25 |       auto message = std_msgs::msg::[01;31m[KFloat64[m[K();
[1.934s]       |                                     [01;31m[K^~~~~~~[m[K
[1.934s] [01m[K/home/garen-lee/jialiang.li/ros2/test/create_pkg_node_ws/src/cpp_pubsub/src/subscriber_member_function.cpp:26:22:[m[K [01;31m[Kerror: [m[Kâ€˜[01m[Kros[m[Kâ€™ has not been declared
[1.935s]    26 |       message.data = [01;31m[Kros[m[K::Time::now();
[1.935s]       |                      [01;31m[K^~~[m[K
[1.937s] In file included from [01m[K/opt/ros/foxy/include/rclcpp/client.hpp:40[m[K,
[1.937s]                  from [01m[K/opt/ros/foxy/include/rclcpp/callback_group.hpp:23[m[K,
[1.938s]                  from [01m[K/opt/ros/foxy/include/rclcpp/any_executable.hpp:20[m[K,
[1.938s]                  from [01m[K/opt/ros/foxy/include/rclcpp/memory_strategy.hpp:24[m[K,
[1.938s]                  from [01m[K/opt/ros/foxy/include/rclcpp/memory_strategies.hpp:18[m[K,
[1.938s]                  from [01m[K/opt/ros/foxy/include/rclcpp/executor_options.hpp:20[m[K,
[1.938s]                  from [01m[K/opt/ros/foxy/include/rclcpp/executor.hpp:33[m[K,
[1.939s]                  from [01m[K/opt/ros/foxy/include/rclcpp/executors/multi_threaded_executor.hpp:26[m[K,
[1.939s]                  from [01m[K/opt/ros/foxy/include/rclcpp/executors.hpp:21[m[K,
[1.939s]                  from [01m[K/opt/ros/foxy/include/rclcpp/rclcpp.hpp:146[m[K,
[1.939s]                  from [01m[K/home/garen-lee/jialiang.li/ros2/test/create_pkg_node_ws/src/cpp_pubsub/src/subscriber_member_function.cpp:3[m[K:
[1.939s] [01m[K/home/garen-lee/jialiang.li/ros2/test/create_pkg_node_ws/src/cpp_pubsub/src/subscriber_member_function.cpp:27:91:[m[K [01;31m[Kerror: [m[Kâ€˜[01m[Ktime_last_[m[Kâ€™ was not declared in this scope; did you mean â€˜[01m[Ktime_t[m[Kâ€™?
[1.940s]    27 |       RCLCPP_INFO(this->get_logger(), "topicA Publishing: '%d'", message.data.Float64() - [01;31m[Ktime_last_[m[K);
[1.940s]       |                                                                                           [01;31m[K^~~~~~~~~~[m[K
[1.940s] [01m[K/home/garen-lee/jialiang.li/ros2/test/create_pkg_node_ws/src/cpp_pubsub/src/subscriber_member_function.cpp:28:7:[m[K [01;31m[Kerror: [m[Kâ€˜[01m[Kpublisher_[m[Kâ€™ was not declared in this scope; did you mean â€˜[01m[Krcl_publisher_t[m[Kâ€™?
[1.941s]    28 |       [01;31m[Kpublisher_[m[K->publish(message);
[1.941s]       |       [01;31m[K^~~~~~~~~~[m[K
[1.942s]       |       [32m[Krcl_publisher_t[m[K
[1.942s] [01m[K/home/garen-lee/jialiang.li/ros2/test/create_pkg_node_ws/src/cpp_pubsub/src/subscriber_member_function.cpp:[m[K At global scope:
[1.942s] [01m[K/home/garen-lee/jialiang.li/ros2/test/create_pkg_node_ws/src/cpp_pubsub/src/subscriber_member_function.cpp:44:46:[m[K [01;31m[Kerror: [m[Kâ€˜[01m[KFloat64[m[Kâ€™ in namespace â€˜[01m[Kstd_msgs::msg[m[Kâ€™ does not name a type
[1.942s]    44 |     void topic_callback(const std_msgs::msg::[01;31m[KFloat64[m[K::SharedPtr msg) const
[1.943s]       |                                              [01;31m[K^~~~~~~[m[K
[1.943s] [01m[K/home/garen-lee/jialiang.li/ros2/test/create_pkg_node_ws/src/cpp_pubsub/src/subscriber_member_function.cpp:44:65:[m[K [01;31m[Kerror: [m[Kexpected unqualified-id before â€˜[01m[Kmsg[m[Kâ€™
[1.943s]    44 |     void topic_callback(const std_msgs::msg::Float64::SharedPtr [01;31m[Kmsg[m[K) const
[1.943s]       |                                                                 [01;31m[K^~~[m[K
[1.944s] [01m[K/home/garen-lee/jialiang.li/ros2/test/create_pkg_node_ws/src/cpp_pubsub/src/subscriber_member_function.cpp:44:64:[m[K [01;31m[Kerror: [m[Kexpected â€˜[01m[K)[m[Kâ€™ before â€˜[01m[Kmsg[m[Kâ€™
[1.944s]    44 |     void topic_callback[34m[K([m[Kconst std_msgs::msg::Float64::SharedPtr[01;31m[K [m[K[32m[Kmsg[m[K) const
[1.944s]       |                        [34m[K~[m[K                                       [01;31m[K^[m[K[32m[K~~~[m[K
[1.944s]       |                                                                [32m[K)[m[K
[1.945s] [01m[K/home/garen-lee/jialiang.li/ros2/test/create_pkg_node_ws/src/cpp_pubsub/src/subscriber_member_function.cpp:44:55:[m[K [01;31m[Kerror: [m[Kexpected â€˜[01m[K;[m[Kâ€™ at end of member declaration
[1.945s]    44 |     void topic_callback(const std_msgs::msg::Float64::[01;31m[KSharedPtr[m[K msg) const
[1.945s]       |                                                       [01;31m[K^~~~~~~~~[m[K
[1.945s]       |                                                                [32m[K;[m[K
[1.947s] [01m[K/home/garen-lee/jialiang.li/ros2/test/create_pkg_node_ws/src/cpp_pubsub/src/subscriber_member_function.cpp:44:65:[m[K [01;31m[Kerror: [m[Kâ€˜[01m[Kmsg[m[Kâ€™ does not name a type
[1.947s]    44 |     void topic_callback(const std_msgs::msg::Float64::SharedPtr [01;31m[Kmsg[m[K) const
[1.948s]       |                                                                 [01;31m[K^~~[m[K
[1.948s] [01m[K/home/garen-lee/jialiang.li/ros2/test/create_pkg_node_ws/src/cpp_pubsub/src/subscriber_member_function.cpp:49:41:[m[K [01;31m[Kerror: [m[Kâ€˜[01m[KFloat64[m[Kâ€™ is not a member of â€˜[01m[Kstd_msgs::msg[m[Kâ€™
[1.948s]    49 |     rclcpp::Subscription<std_msgs::msg::[01;31m[KFloat64[m[K>::SharedPtr subscription_;
[1.949s]       |                                         [01;31m[K^~~~~~~[m[K
[1.949s] [01m[K/home/garen-lee/jialiang.li/ros2/test/create_pkg_node_ws/src/cpp_pubsub/src/subscriber_member_function.cpp:49:41:[m[K [01;31m[Kerror: [m[Kâ€˜[01m[KFloat64[m[Kâ€™ is not a member of â€˜[01m[Kstd_msgs::msg[m[Kâ€™
[1.950s] [01m[K/home/garen-lee/jialiang.li/ros2/test/create_pkg_node_ws/src/cpp_pubsub/src/subscriber_member_function.cpp:49:48:[m[K [01;31m[Kerror: [m[Ktemplate argument 1 is invalid
[1.950s]    49 |     rclcpp::Subscription<std_msgs::msg::Float64[01;31m[K>[m[K::SharedPtr subscription_;
[1.950s]       |                                                [01;31m[K^[m[K
[1.950s] [01m[K/home/garen-lee/jialiang.li/ros2/test/create_pkg_node_ws/src/cpp_pubsub/src/subscriber_member_function.cpp:49:48:[m[K [01;31m[Kerror: [m[Ktemplate argument 3 is invalid
[1.950s] [01m[K/home/garen-lee/jialiang.li/ros2/test/create_pkg_node_ws/src/cpp_pubsub/src/subscriber_member_function.cpp:49:51:[m[K [01;31m[Kerror: [m[Kexpected â€˜[01m[K;[m[Kâ€™ at end of member declaration
[1.951s]    49 |     rclcpp::Subscription<std_msgs::msg::Float64>::[01;31m[KSharedPtr[m[K subscription_;
[1.951s]       |                                                   [01;31m[K^~~~~~~~~[m[K
[1.951s]       |                                                            [32m[K;[m[K
[1.953s] [01m[K/home/garen-lee/jialiang.li/ros2/test/create_pkg_node_ws/src/cpp_pubsub/src/subscriber_member_function.cpp:49:61:[m[K [01;31m[Kerror: [m[Kâ€˜[01m[Ksubscription_[m[Kâ€™ does not name a type; did you mean â€˜[01m[Krcl_subscription_t[m[Kâ€™?
[1.953s]    49 |     rclcpp::Subscription<std_msgs::msg::Float64>::SharedPtr [01;31m[Ksubscription_[m[K;
[1.954s]       |                                                             [01;31m[K^~~~~~~~~~~~~[m[K
[1.954s]       |                                                             [32m[Krcl_subscription_t[m[K
[1.957s] [01m[K/home/garen-lee/jialiang.li/ros2/test/create_pkg_node_ws/src/cpp_pubsub/src/subscriber_member_function.cpp:[m[K In constructor â€˜[01m[KTimerSubscriber::TimerSubscriber()[m[Kâ€™:
[1.957s] [01m[K/home/garen-lee/jialiang.li/ros2/test/create_pkg_node_ws/src/cpp_pubsub/src/subscriber_member_function.cpp:39:7:[m[K [01;31m[Kerror: [m[Kâ€˜[01m[Ksubscription_[m[Kâ€™ was not declared in this scope; did you mean â€˜[01m[Krcl_subscription_t[m[Kâ€™?
[1.957s]    39 |       [01;31m[Ksubscription_[m[K = this->create_subscription<std_msgs::msg::Float64>(
[1.958s]       |       [01;31m[K^~~~~~~~~~~~~[m[K
[1.958s]       |       [32m[Krcl_subscription_t[m[K
[1.958s] [01m[K/home/garen-lee/jialiang.li/ros2/test/create_pkg_node_ws/src/cpp_pubsub/src/subscriber_member_function.cpp:39:64:[m[K [01;31m[Kerror: [m[Kâ€˜[01m[KFloat64[m[Kâ€™ is not a member of â€˜[01m[Kstd_msgs::msg[m[Kâ€™
[1.958s]    39 |       subscription_ = this->create_subscription<std_msgs::msg::[01;31m[KFloat64[m[K>(
[1.959s]       |                                                                [01;31m[K^~~~~~~[m[K
[1.959s] [01m[K/home/garen-lee/jialiang.li/ros2/test/create_pkg_node_ws/src/cpp_pubsub/src/subscriber_member_function.cpp:39:64:[m[K [01;31m[Kerror: [m[Kâ€˜[01m[KFloat64[m[Kâ€™ is not a member of â€˜[01m[Kstd_msgs::msg[m[Kâ€™
[1.966s] [01m[K/home/garen-lee/jialiang.li/ros2/test/create_pkg_node_ws/src/cpp_pubsub/src/subscriber_member_function.cpp:40:75:[m[K [01;31m[Kerror: [m[Kno matching function for call to â€˜[01m[KTimerSubscriber::create_subscription<<expression error> >(const char [7], int, std::_Bind_helper<false, void (TimerSubscriber::*)(...), TimerSubscriber*, const std::_Placeholder<1>&>::type)[m[Kâ€™
[1.967s]    40 |       "topicB", 100, std::bind(&TimerSubscriber::topic_callback, this, _1)[01;31m[K)[m[K;
[1.967s]       |                                                                           [01;31m[K^[m[K
[1.967s] In file included from [01m[K/opt/ros/foxy/include/rclcpp/executors/single_threaded_executor.hpp:28[m[K,
[1.967s]                  from [01m[K/opt/ros/foxy/include/rclcpp/executors.hpp:22[m[K,
[1.967s]                  from [01m[K/opt/ros/foxy/include/rclcpp/rclcpp.hpp:146[m[K,
[1.968s]                  from [01m[K/home/garen-lee/jialiang.li/ros2/test/create_pkg_node_ws/src/cpp_pubsub/src/subscriber_member_function.cpp:3[m[K:
[1.968s] [01m[K/opt/ros/foxy/include/rclcpp/node.hpp:213:3:[m[K [01;36m[Knote: [m[Kcandidate: â€˜[01m[Ktemplate<class MessageT, class CallbackT, class AllocatorT, class CallbackMessageT, class SubscriptionT, class MessageMemoryStrategyT> std::shared_ptr<SubscriptionT> rclcpp::Node::create_subscription(const string&, const rclcpp::QoS&, CallbackT&&, const rclcpp::SubscriptionOptionsWithAllocator<AllocatorT>&, typename MessageMemoryStrategyT::SharedPtr)[m[Kâ€™
[1.968s]   213 |   [01;36m[Kcreate_subscription[m[K(
[1.968s]       |   [01;36m[K^~~~~~~~~~~~~~~~~~~[m[K
[1.971s] [01m[K/opt/ros/foxy/include/rclcpp/node.hpp:213:3:[m[K [01;36m[Knote: [m[K  template argument deduction/substitution failed:
[1.972s] [01m[K/home/garen-lee/jialiang.li/ros2/test/create_pkg_node_ws/src/cpp_pubsub/src/subscriber_member_function.cpp:40:75:[m[K [01;31m[Kerror: [m[Ktemplate argument 1 is invalid
[1.972s]    40 |       "topicB", 100, std::bind(&TimerSubscriber::topic_callback, this, _1)[01;31m[K)[m[K;
[1.972s]       |                                                                           [01;31m[K^[m[K
[2.389s] In file included from [01m[K/usr/include/x86_64-linux-gnu/c++/9/bits/c++allocator.h:33[m[K,
[2.389s]                  from [01m[K/usr/include/c++/9/bits/allocator.h:46[m[K,
[2.389s]                  from [01m[K/usr/include/c++/9/string:41[m[K,
[2.389s]                  from [01m[K/usr/include/c++/9/stdexcept:39[m[K,
[2.390s]                  from [01m[K/usr/include/c++/9/array:39[m[K,
[2.390s]                  from [01m[K/usr/include/c++/9/tuple:39[m[K,
[2.390s]                  from [01m[K/usr/include/c++/9/functional:54[m[K,
[2.390s]                  from [01m[K/home/garen-lee/jialiang.li/ros2/test/create_pkg_node_ws/src/cpp_pubsub/src/publisher_member_function.cpp:2[m[K:
[2.390s] /usr/include/c++/9/ext/new_allocator.h: In instantiation of â€˜[01m[Kvoid __gnu_cxx::new_allocator<_Tp>::construct(_Up*, _Args&& ...) [with _Up = TimerSubscriber; _Args = {}; _Tp = TimerSubscriber][m[Kâ€™:
[2.390s] [01m[K/usr/include/c++/9/bits/alloc_traits.h:483:4:[m[K   required from â€˜[01m[Kstatic void std::allocator_traits<std::allocator<_CharT> >::construct(std::allocator_traits<std::allocator<_CharT> >::allocator_type&, _Up*, _Args&& ...) [with _Up = TimerSubscriber; _Args = {}; _Tp = TimerSubscriber; std::allocator_traits<std::allocator<_CharT> >::allocator_type = std::allocator<TimerSubscriber>][m[Kâ€™
[2.390s] [01m[K/usr/include/c++/9/bits/shared_ptr_base.h:548:39:[m[K   required from â€˜[01m[Kstd::_Sp_counted_ptr_inplace<_Tp, _Alloc, _Lp>::_Sp_counted_ptr_inplace(_Alloc, _Args&& ...) [with _Args = {}; _Tp = TimerSubscriber; _Alloc = std::allocator<TimerSubscriber>; __gnu_cxx::_Lock_policy _Lp = __gnu_cxx::_S_atomic][m[Kâ€™
[2.390s] [01m[K/usr/include/c++/9/bits/shared_ptr_base.h:679:16:[m[K   required from â€˜[01m[Kstd::__shared_count<_Lp>::__shared_count(_Tp*&, std::_Sp_alloc_shared_tag<_Alloc>, _Args&& ...) [with _Tp = TimerSubscriber; _Alloc = std::allocator<TimerSubscriber>; _Args = {}; __gnu_cxx::_Lock_policy _Lp = __gnu_cxx::_S_atomic][m[Kâ€™
[2.390s] [01m[K/usr/include/c++/9/bits/shared_ptr_base.h:1344:71:[m[K   required from â€˜[01m[Kstd::__shared_ptr<_Tp, _Lp>::__shared_ptr(std::_Sp_alloc_shared_tag<_Tp>, _Args&& ...) [with _Alloc = std::allocator<TimerSubscriber>; _Args = {}; _Tp = TimerSubscriber; __gnu_cxx::_Lock_policy _Lp = __gnu_cxx::_S_atomic][m[Kâ€™
[2.391s] [01m[K/usr/include/c++/9/bits/shared_ptr.h:359:59:[m[K   required from â€˜[01m[Kstd::shared_ptr<_Tp>::shared_ptr(std::_Sp_alloc_shared_tag<_Tp>, _Args&& ...) [with _Alloc = std::allocator<TimerSubscriber>; _Args = {}; _Tp = TimerSubscriber][m[Kâ€™
[2.391s] [01m[K/usr/include/c++/9/bits/shared_ptr.h:701:14:[m[K   required from â€˜[01m[Kstd::shared_ptr<_Tp> std::allocate_shared(const _Alloc&, _Args&& ...) [with _Tp = TimerSubscriber; _Alloc = std::allocator<TimerSubscriber>; _Args = {}][m[Kâ€™
[2.391s] [01m[K/usr/include/c++/9/bits/shared_ptr.h:717:39:[m[K   required from â€˜[01m[Kstd::shared_ptr<_Tp> std::make_shared(_Args&& ...) [with _Tp = TimerSubscriber; _Args = {}][m[Kâ€™
[2.391s] [01m[K/home/garen-lee/jialiang.li/ros2/test/create_pkg_node_ws/src/cpp_pubsub/src/publisher_member_function.cpp:60:50:[m[K   required from here
[2.391s] [01m[K/usr/include/c++/9/ext/new_allocator.h:146:4:[m[K [01;31m[Kerror: [m[Kâ€˜[01m[KTimerSubscriber::TimerSubscriber()[m[Kâ€™ is private within this context
[2.391s]   146 |  { [01;31m[K::new((void *)__p) _Up(std::forward<_Args>(__args)...)[m[K; }
[2.391s]       |    [01;31m[K^~~~~~~~~~~~~~~~~~~~~~~~~~~~~~~~~~~~~~~~~~~~~~~~~~~~~~[m[K
[2.391s] [01m[K/home/garen-lee/jialiang.li/ros2/test/create_pkg_node_ws/src/cpp_pubsub/src/publisher_member_function.cpp:40:3:[m[K [01;36m[Knote: [m[Kdeclared private here
[2.391s]    40 |   [01;36m[KTimerSubscriber[m[K()
[2.391s]       |   [01;36m[K^~~~~~~~~~~~~~~[m[K
[2.436s] In file included from [01m[K/usr/include/x86_64-linux-gnu/c++/9/bits/c++allocator.h:33[m[K,
[2.436s]                  from [01m[K/usr/include/c++/9/bits/allocator.h:46[m[K,
[2.436s]                  from [01m[K/usr/include/c++/9/memory:63[m[K,
[2.436s]                  from [01m[K/home/garen-lee/jialiang.li/ros2/test/create_pkg_node_ws/src/cpp_pubsub/src/subscriber_member_function.cpp:1[m[K:
[2.436s] /usr/include/c++/9/ext/new_allocator.h: In instantiation of â€˜[01m[Kvoid __gnu_cxx::new_allocator<_Tp>::construct(_Up*, _Args&& ...) [with _Up = TimerSubscriber; _Args = {}; _Tp = TimerSubscriber][m[Kâ€™:
[2.436s] [01m[K/usr/include/c++/9/bits/alloc_traits.h:483:4:[m[K   required from â€˜[01m[Kstatic void std::allocator_traits<std::allocator<_Tp1> >::construct(std::allocator_traits<std::allocator<_Tp1> >::allocator_type&, _Up*, _Args&& ...) [with _Up = TimerSubscriber; _Args = {}; _Tp = TimerSubscriber; std::allocator_traits<std::allocator<_Tp1> >::allocator_type = std::allocator<TimerSubscriber>][m[Kâ€™
[2.436s] [01m[K/usr/include/c++/9/bits/shared_ptr_base.h:548:39:[m[K   required from â€˜[01m[Kstd::_Sp_counted_ptr_inplace<_Tp, _Alloc, _Lp>::_Sp_counted_ptr_inplace(_Alloc, _Args&& ...) [with _Args = {}; _Tp = TimerSubscriber; _Alloc = std::allocator<TimerSubscriber>; __gnu_cxx::_Lock_policy _Lp = __gnu_cxx::_S_atomic][m[Kâ€™
[2.436s] [01m[K/usr/include/c++/9/bits/shared_ptr_base.h:679:16:[m[K   required from â€˜[01m[Kstd::__shared_count<_Lp>::__shared_count(_Tp*&, std::_Sp_alloc_shared_tag<_Alloc>, _Args&& ...) [with _Tp = TimerSubscriber; _Alloc = std::allocator<TimerSubscriber>; _Args = {}; __gnu_cxx::_Lock_policy _Lp = __gnu_cxx::_S_atomic][m[Kâ€™
[2.437s] [01m[K/usr/include/c++/9/bits/shared_ptr_base.h:1344:71:[m[K   required from â€˜[01m[Kstd::__shared_ptr<_Tp, _Lp>::__shared_ptr(std::_Sp_alloc_shared_tag<_Tp>, _Args&& ...) [with _Alloc = std::allocator<TimerSubscriber>; _Args = {}; _Tp = TimerSubscriber; __gnu_cxx::_Lock_policy _Lp = __gnu_cxx::_S_atomic][m[Kâ€™
[2.437s] [01m[K/usr/include/c++/9/bits/shared_ptr.h:359:59:[m[K   required from â€˜[01m[Kstd::shared_ptr<_Tp>::shared_ptr(std::_Sp_alloc_shared_tag<_Tp>, _Args&& ...) [with _Alloc = std::allocator<TimerSubscriber>; _Args = {}; _Tp = TimerSubscriber][m[Kâ€™
[2.437s] [01m[K/usr/include/c++/9/bits/shared_ptr.h:701:14:[m[K   required from â€˜[01m[Kstd::shared_ptr<_Tp> std::allocate_shared(const _Alloc&, _Args&& ...) [with _Tp = TimerSubscriber; _Alloc = std::allocator<TimerSubscriber>; _Args = {}][m[Kâ€™
[2.437s] [01m[K/usr/include/c++/9/bits/shared_ptr.h:717:39:[m[K   required from â€˜[01m[Kstd::shared_ptr<_Tp> std::make_shared(_Args&& ...) [with _Tp = TimerSubscriber; _Args = {}][m[Kâ€™
[2.437s] [01m[K/home/garen-lee/jialiang.li/ros2/test/create_pkg_node_ws/src/cpp_pubsub/src/subscriber_member_function.cpp:56:50:[m[K   required from here
[2.437s] [01m[K/usr/include/c++/9/ext/new_allocator.h:146:4:[m[K [01;31m[Kerror: [m[Kâ€˜[01m[KTimerSubscriber::TimerSubscriber()[m[Kâ€™ is private within this context
[2.437s]   146 |  { [01;31m[K::new((void *)__p) _Up(std::forward<_Args>(__args)...)[m[K; }
[2.437s]       |    [01;31m[K^~~~~~~~~~~~~~~~~~~~~~~~~~~~~~~~~~~~~~~~~~~~~~~~~~~~~~[m[K
[2.437s] [01m[K/home/garen-lee/jialiang.li/ros2/test/create_pkg_node_ws/src/cpp_pubsub/src/subscriber_member_function.cpp:36:3:[m[K [01;36m[Knote: [m[Kdeclared private here
[2.437s]    36 |   [01;36m[KTimerSubscriber[m[K()
[2.437s]       |   [01;36m[K^~~~~~~~~~~~~~~[m[K
[2.562s] make[2]: *** [CMakeFiles/talker.dir/build.make:76: CMakeFiles/talker.dir/src/publisher_member_function.cpp.o] Error 1
[2.562s] make[1]: *** [CMakeFiles/Makefile2:139: CMakeFiles/talker.dir/all] Error 2
[2.563s] make[1]: *** Waiting for unfinished jobs....
[2.615s] make[2]: *** [CMakeFiles/listener.dir/build.make:76: CMakeFiles/listener.dir/src/subscriber_member_function.cpp.o] Error 1
[2.615s] make[1]: *** [CMakeFiles/Makefile2:165: CMakeFiles/listener.dir/all] Error 2
[2.615s] make: *** [Makefile:146: all] Error 2
[2.618s] Invoked command in '/home/garen-lee/jialiang.li/ros2/test/create_pkg_node_ws/src/cpp_pubsub/build/cpp_pubsub' returned '2': CMAKE_PREFIX_PATH=${CMAKE_PREFIX_PATH}:/opt/ros/foxy /usr/bin/cmake --build /home/garen-lee/jialiang.li/ros2/test/create_pkg_node_ws/src/cpp_pubsub/build/cpp_pubsub -- -j4 -l4
