[0.025s] Invoking command in '/home/garen-lee/jialiang.li/ros2/test/create_pkg_node_ws/src/pkg_node/build/pkg_node': CMAKE_PREFIX_PATH=/opt/ros/foxy /usr/bin/cmake --build /home/garen-lee/jialiang.li/ros2/test/create_pkg_node_ws/src/pkg_node/build/pkg_node -- -j4 -l4
[0.049s] [35m[1mConsolidate compiler generated dependencies of target ttt[0m
[0.064s] [ 50%] [32mBuilding CXX object CMakeFiles/ttt.dir/src/time.cpp.o[0m
[0.308s] [01m[K/home/garen-lee/jialiang.li/ros2/test/create_pkg_node_ws/src/pkg_node/src/time.cpp:[m[K In function â€˜[01m[Kint main()[m[Kâ€™:
[0.309s] [01m[K/home/garen-lee/jialiang.li/ros2/test/create_pkg_node_ws/src/pkg_node/src/time.cpp:8:12:[m[K [01;31m[Kerror: [m[Kâ€˜[01m[Krclcpp[m[Kâ€™ has not been declared
[0.309s]     8 |   auto t = [01;31m[Krclcpp[m[K::Clock().now();
[0.309s]       |            [01;31m[K^~~~~~[m[K
[0.309s] [01m[K/home/garen-lee/jialiang.li/ros2/test/create_pkg_node_ws/src/pkg_node/src/time.cpp:9:15:[m[K [01;31m[Kerror: [m[Kinvalid use of â€˜[01m[Kthis[m[Kâ€™ in non-member function
[0.309s]     9 |   RCLCPP_INFO([01;31m[Kthis[m[K->get_logger(), "[rclcpp::Clock().now()] sec:%lf nano:%ld", t.seconds(), t.nanoseconds());
[0.310s]       |               [01;31m[K^~~~[m[K
[0.311s] [01m[K/home/garen-lee/jialiang.li/ros2/test/create_pkg_node_ws/src/pkg_node/src/time.cpp:9:3:[m[K [01;31m[Kerror: [m[Kâ€˜[01m[KRCLCPP_INFO[m[Kâ€™ was not declared in this scope
[0.311s]     9 |   [01;31m[KRCLCPP_INFO[m[K(this->get_logger(), "[rclcpp::Clock().now()] sec:%lf nano:%ld", t.seconds(), t.nanoseconds());
[0.311s]       |   [01;31m[K^~~~~~~~~~~[m[K
[0.312s] [01m[K/home/garen-lee/jialiang.li/ros2/test/create_pkg_node_ws/src/pkg_node/src/time.cpp:13:15:[m[K [01;31m[Kerror: [m[Kinvalid use of â€˜[01m[Kthis[m[Kâ€™ in non-member function
[0.312s]    13 |   RCLCPP_INFO([01;31m[Kthis[m[K->get_logger(), "[std::chrono::system_clock::now()] sec:%ld", tt);
[0.312s]       |               [01;31m[K^~~~[m[K
[0.313s] [01m[K/home/garen-lee/jialiang.li/ros2/test/create_pkg_node_ws/src/pkg_node/src/time.cpp:18:15:[m[K [01;31m[Kerror: [m[Kinvalid use of â€˜[01m[Kthis[m[Kâ€™ in non-member function
[0.313s]    18 |   RCLCPP_INFO([01;31m[Kthis[m[K->get_logger(), "[std::chrono::steady_clock::now()] sec:%lf", secs);
[0.314s]       |               [01;31m[K^~~~[m[K
[0.314s] [01m[K/home/garen-lee/jialiang.li/ros2/test/create_pkg_node_ws/src/pkg_node/src/time.cpp:20:13:[m[K [01;31m[Kerror: [m[Kinvalid use of â€˜[01m[Kthis[m[Kâ€™ in non-member function
[0.314s]    20 |   auto t2 = [01;31m[Kthis[m[K->get_clock()->now();
[0.314s]       |             [01;31m[K^~~~[m[K
[0.314s] [01m[K/home/garen-lee/jialiang.li/ros2/test/create_pkg_node_ws/src/pkg_node/src/time.cpp:21:15:[m[K [01;31m[Kerror: [m[Kinvalid use of â€˜[01m[Kthis[m[Kâ€™ in non-member function
[0.314s]    21 |   RCLCPP_INFO([01;31m[Kthis[m[K->get_logger(), "[get_clock()->now()] sec:%lf nano:%ld", t2.seconds(), t2.nanoseconds());
[0.315s]       |               [01;31m[K^~~~[m[K
[0.315s] [01m[K/home/garen-lee/jialiang.li/ros2/test/create_pkg_node_ws/src/pkg_node/src/time.cpp:23:13:[m[K [01;31m[Kerror: [m[Kinvalid use of â€˜[01m[Kthis[m[Kâ€™ in non-member function
[0.315s]    23 |   auto t3 = [01;31m[Kthis[m[K->now();
[0.315s]       |             [01;31m[K^~~~[m[K
[0.315s] [01m[K/home/garen-lee/jialiang.li/ros2/test/create_pkg_node_ws/src/pkg_node/src/time.cpp:24:15:[m[K [01;31m[Kerror: [m[Kinvalid use of â€˜[01m[Kthis[m[Kâ€™ in non-member function
[0.315s]    24 |   RCLCPP_INFO([01;31m[Kthis[m[K->get_logger(), "[this->now()] sec:%lf nano:%ld", t3.seconds(), t3.nanoseconds());
[0.316s]       |               [01;31m[K^~~~[m[K
[0.354s] make[2]: *** [CMakeFiles/ttt.dir/build.make:76: CMakeFiles/ttt.dir/src/time.cpp.o] Error 1
[0.355s] make[1]: *** [CMakeFiles/Makefile2:137: CMakeFiles/ttt.dir/all] Error 2
[0.356s] make: *** [Makefile:146: all] Error 2
[0.357s] Invoked command in '/home/garen-lee/jialiang.li/ros2/test/create_pkg_node_ws/src/pkg_node/build/pkg_node' returned '2': CMAKE_PREFIX_PATH=/opt/ros/foxy /usr/bin/cmake --build /home/garen-lee/jialiang.li/ros2/test/create_pkg_node_ws/src/pkg_node/build/pkg_node -- -j4 -l4
