[0.026s] Invoking command in '/home/garen-lee/jialiang.li/ros2/test/create_pkg_node_ws/src/pkg_node/build/pkg_node': CMAKE_PREFIX_PATH=/opt/ros/foxy /usr/bin/cmake --build /home/garen-lee/jialiang.li/ros2/test/create_pkg_node_ws/src/pkg_node/build/pkg_node -- -j4 -l4
[0.056s] [35m[1mConsolidate compiler generated dependencies of target ttt[0m
[0.080s] [ 50%] [32mBuilding CXX object CMakeFiles/ttt.dir/src/time.cpp.o[0m
[1.712s] [01m[K/home/garen-lee/jialiang.li/ros2/test/create_pkg_node_ws/src/pkg_node/src/time.cpp:[m[K In function â€˜[01m[Kint main()[m[Kâ€™:
[1.713s] [01m[K/home/garen-lee/jialiang.li/ros2/test/create_pkg_node_ws/src/pkg_node/src/time.cpp:13:30:[m[K [01;31m[Kerror: [m[Kno match for â€˜[01m[Koperator=[m[Kâ€™ (operand types are â€˜[01m[Kstd_msgs::msg::Int64[m[Kâ€™ {aka â€˜[01m[Kstd_msgs::msg::Int64_<std::allocator<void> >[m[Kâ€™} and â€˜[01m[Krcl_time_point_value_t[m[Kâ€™ {aka â€˜[01m[Klong int[m[Kâ€™})
[1.713s]    13 |   time_last_ = t.nanoseconds([01;31m[K)[m[K;
[1.713s]       |                              [01;31m[K^[m[K
[1.713s] In file included from [01m[K/opt/ros/foxy/include/std_msgs/msg/int64.hpp:7[m[K,
[1.713s]                  from [01m[K/home/garen-lee/jialiang.li/ros2/test/create_pkg_node_ws/src/pkg_node/src/time.cpp:6[m[K:
[1.713s] [01m[K/opt/ros/foxy/include/std_msgs/msg/detail/int64__struct.hpp:31:8:[m[K [01;36m[Knote: [m[Kcandidate: â€˜[01m[Kconstexpr std_msgs::msg::Int64_<std::allocator<void> >& std_msgs::msg::Int64_<std::allocator<void> >::operator=(const std_msgs::msg::Int64_<std::allocator<void> >&)[m[Kâ€™
[1.713s]    31 | struct [01;36m[KInt64_[m[K
[1.713s]       |        [01;36m[K^~~~~~[m[K
[1.713s] [01m[K/opt/ros/foxy/include/std_msgs/msg/detail/int64__struct.hpp:31:8:[m[K [01;36m[Knote: [m[K  no known conversion for argument 1 from â€˜[01m[Krcl_time_point_value_t[m[Kâ€™ {aka â€˜[01m[Klong int[m[Kâ€™} to â€˜[01m[Kconst std_msgs::msg::Int64_<std::allocator<void> >&[m[Kâ€™
[1.714s] [01m[K/opt/ros/foxy/include/std_msgs/msg/detail/int64__struct.hpp:31:8:[m[K [01;36m[Knote: [m[Kcandidate: â€˜[01m[Kconstexpr std_msgs::msg::Int64_<std::allocator<void> >& std_msgs::msg::Int64_<std::allocator<void> >::operator=(std_msgs::msg::Int64_<std::allocator<void> >&&)[m[Kâ€™
[1.714s] [01m[K/opt/ros/foxy/include/std_msgs/msg/detail/int64__struct.hpp:31:8:[m[K [01;36m[Knote: [m[K  no known conversion for argument 1 from â€˜[01m[Krcl_time_point_value_t[m[Kâ€™ {aka â€˜[01m[Klong int[m[Kâ€™} to â€˜[01m[Kstd_msgs::msg::Int64_<std::allocator<void> >&&[m[Kâ€™
[2.145s] make[2]: *** [CMakeFiles/ttt.dir/build.make:76: CMakeFiles/ttt.dir/src/time.cpp.o] Error 1
[2.145s] make[1]: *** [CMakeFiles/Makefile2:137: CMakeFiles/ttt.dir/all] Error 2
[2.145s] make: *** [Makefile:146: all] Error 2
[2.148s] Invoked command in '/home/garen-lee/jialiang.li/ros2/test/create_pkg_node_ws/src/pkg_node/build/pkg_node' returned '2': CMAKE_PREFIX_PATH=/opt/ros/foxy /usr/bin/cmake --build /home/garen-lee/jialiang.li/ros2/test/create_pkg_node_ws/src/pkg_node/build/pkg_node -- -j4 -l4
