[0.023s] Invoking command in '/home/garen-lee/jialiang.li/ros2/test/create_pkg_node_ws/src/cpp_pubsub/build/cpp_pubsub': CMAKE_PREFIX_PATH=/opt/ros/foxy /usr/bin/cmake --build /home/garen-lee/jialiang.li/ros2/test/create_pkg_node_ws/src/cpp_pubsub/build/cpp_pubsub -- -j4 -l4
[0.063s] [35m[1mConsolidate compiler generated dependencies of target talker[0m
[0.072s] [35m[1mConsolidate compiler generated dependencies of target listener[0m
[0.088s] [ 25%] [32mBuilding CXX object CMakeFiles/talker.dir/src/publisher_member_function.cpp.o[0m
[0.095s] [ 50%] [32mBuilding CXX object CMakeFiles/listener.dir/src/subscriber_member_function.cpp.o[0m
[1.893s] [01m[K/home/garen-lee/jialiang.li/ros2/test/create_pkg_node_ws/src/cpp_pubsub/src/publisher_member_function.cpp:[m[K In constructor â€˜[01m[KTopicAComponent::TopicAComponent()[m[Kâ€™:
[1.893s] [01m[K/home/garen-lee/jialiang.li/ros2/test/create_pkg_node_ws/src/cpp_pubsub/src/publisher_member_function.cpp:27:51:[m[K [01;31m[Kerror: [m[Kâ€˜[01m[KTopicBComponent[m[Kâ€™ has not been declared
[1.893s]    27 |                         "topicB", 100, std::bind(&[01;31m[KTopicBComponent[m[K::topic_callback, this, _1));
[1.893s]       |                                                   [01;31m[K^~~~~~~~~~~~~~~[m[K
[1.893s] [01m[K/home/garen-lee/jialiang.li/ros2/test/create_pkg_node_ws/src/cpp_pubsub/src/publisher_member_function.cpp:29:43:[m[K [01;31m[Kerror: [m[Kâ€˜[01m[KTopicBComponent[m[Kâ€™ has not been declared
[1.893s]    29 |                         500ms, std::bind(&[01;31m[KTopicBComponent[m[K::timer_callback, this));
[1.893s]       |                                           [01;31m[K^~~~~~~~~~~~~~~[m[K
[3.100s] make[2]: *** [CMakeFiles/talker.dir/build.make:76: CMakeFiles/talker.dir/src/publisher_member_function.cpp.o] Error 1
[3.100s] make[1]: *** [CMakeFiles/Makefile2:139: CMakeFiles/talker.dir/all] Error 2
[3.100s] make[1]: *** Waiting for unfinished jobs....
[6.740s] [ 75%] [32m[1mLinking CXX executable listener[0m
[7.071s] [ 75%] Built target listener
[7.072s] make: *** [Makefile:146: all] Error 2
[7.074s] Invoked command in '/home/garen-lee/jialiang.li/ros2/test/create_pkg_node_ws/src/cpp_pubsub/build/cpp_pubsub' returned '2': CMAKE_PREFIX_PATH=/opt/ros/foxy /usr/bin/cmake --build /home/garen-lee/jialiang.li/ros2/test/create_pkg_node_ws/src/cpp_pubsub/build/cpp_pubsub -- -j4 -l4
