[0.027s] Invoking command in '/home/garen-lee/jialiang.li/ros2/test/create_pkg_node_ws/src/pkg_node/build/pkg_node': CMAKE_PREFIX_PATH=/opt/ros/foxy /usr/bin/cmake --build /home/garen-lee/jialiang.li/ros2/test/create_pkg_node_ws/src/pkg_node/build/pkg_node -- -j4 -l4
[0.054s] [35m[1mConsolidate compiler generated dependencies of target ttt[0m
[0.071s] [ 50%] [32mBuilding CXX object CMakeFiles/ttt.dir/src/time.cpp.o[0m
[1.696s] [01m[K/home/garen-lee/jialiang.li/ros2/test/create_pkg_node_ws/src/pkg_node/src/time.cpp:[m[K In function â€˜[01m[Kint main()[m[Kâ€™:
[1.696s] [01m[K/home/garen-lee/jialiang.li/ros2/test/create_pkg_node_ws/src/pkg_node/src/time.cpp:9:10:[m[K [01;31m[Kerror: [m[Kâ€˜[01m[Ktype[m[Kâ€™ was not declared in this scope; did you mean â€˜[01m[Kwctype[m[Kâ€™?
[1.696s]     9 |   printf([01;31m[Ktype[m[K(t));
[1.696s]       |          [01;31m[K^~~~[m[K
[1.697s]       |          [32m[Kwctype[m[K
[2.102s] make[2]: *** [CMakeFiles/ttt.dir/build.make:76: CMakeFiles/ttt.dir/src/time.cpp.o] Error 1
[2.103s] make[1]: *** [CMakeFiles/Makefile2:137: CMakeFiles/ttt.dir/all] Error 2
[2.103s] make: *** [Makefile:146: all] Error 2
[2.105s] Invoked command in '/home/garen-lee/jialiang.li/ros2/test/create_pkg_node_ws/src/pkg_node/build/pkg_node' returned '2': CMAKE_PREFIX_PATH=/opt/ros/foxy /usr/bin/cmake --build /home/garen-lee/jialiang.li/ros2/test/create_pkg_node_ws/src/pkg_node/build/pkg_node -- -j4 -l4
