[01m[K/home/garen-lee/jialiang.li/ros2/test/create_pkg_node_ws/src/cpp_pubsub/src/publisher_member_function.cpp:[m[K In constructor â€˜[01m[KTopicAComponent::TopicAComponent()[m[Kâ€™:
[01m[K/home/garen-lee/jialiang.li/ros2/test/create_pkg_node_ws/src/cpp_pubsub/src/publisher_member_function.cpp:27:51:[m[K [01;31m[Kerror: [m[Kâ€˜[01m[KTopicBComponent[m[Kâ€™ has not been declared
   27 |                         "topicB", 100, std::bind(&[01;31m[KTopicBComponent[m[K::topic_callback, this, _1));
      |                                                   [01;31m[K^~~~~~~~~~~~~~~[m[K
[01m[K/home/garen-lee/jialiang.li/ros2/test/create_pkg_node_ws/src/cpp_pubsub/src/publisher_member_function.cpp:28:7:[m[K [01;31m[Kerror: [m[Kâ€˜[01m[Ktimer_[m[Kâ€™ was not declared in this scope; did you mean â€˜[01m[Ktimer_t[m[Kâ€™?
   28 |       [01;31m[Ktimer_[m[K = this->create_wall_timer(
      |       [01;31m[K^~~~~~[m[K
      |       [32m[Ktimer_t[m[K
[01m[K/home/garen-lee/jialiang.li/ros2/test/create_pkg_node_ws/src/cpp_pubsub/src/publisher_member_function.cpp:29:43:[m[K [01;31m[Kerror: [m[Kâ€˜[01m[KTimerPublisher[m[Kâ€™ has not been declared
   29 |                         500ms, std::bind(&[01;31m[KTimerPublisher[m[K::timer_callback, this));
      |                                           [01;31m[K^~~~~~~~~~~~~~[m[K
[01m[K/home/garen-lee/jialiang.li/ros2/test/create_pkg_node_ws/src/cpp_pubsub/src/subscriber_member_function.cpp:[m[K In constructor â€˜[01m[KTopicBComponent::TopicBComponent()[m[Kâ€™:
[01m[K/home/garen-lee/jialiang.li/ros2/test/create_pkg_node_ws/src/cpp_pubsub/src/subscriber_member_function.cpp:28:7:[m[K [01;31m[Kerror: [m[Kâ€˜[01m[Ktimer_[m[Kâ€™ was not declared in this scope; did you mean â€˜[01m[Ktimer_t[m[Kâ€™?
   28 |       [01;31m[Ktimer_[m[K = this->create_wall_timer(
      |       [01;31m[K^~~~~~[m[K
      |       [32m[Ktimer_t[m[K
[01m[K/home/garen-lee/jialiang.li/ros2/test/create_pkg_node_ws/src/cpp_pubsub/src/subscriber_member_function.cpp:29:43:[m[K [01;31m[Kerror: [m[Kâ€˜[01m[KTimerPublisher[m[Kâ€™ has not been declared
   29 |                         500ms, std::bind(&[01;31m[KTimerPublisher[m[K::timer_callback, this));
      |                                           [01;31m[K^~~~~~~~~~~~~~[m[K
[01m[K/home/garen-lee/jialiang.li/ros2/test/create_pkg_node_ws/src/cpp_pubsub/src/subscriber_member_function.cpp:[m[K In function â€˜[01m[Kint main(int, char**)[m[Kâ€™:
[01m[K/home/garen-lee/jialiang.li/ros2/test/create_pkg_node_ws/src/cpp_pubsub/src/subscriber_member_function.cpp:55:33:[m[K [01;31m[Kerror: [m[Kâ€˜[01m[KTimerSubscriber[m[Kâ€™ was not declared in this scope
   55 |   rclcpp::spin(std::make_shared<[01;31m[KTimerSubscriber[m[K>());
      |                                 [01;31m[K^~~~~~~~~~~~~~~[m[K
[01m[K/home/garen-lee/jialiang.li/ros2/test/create_pkg_node_ws/src/cpp_pubsub/src/subscriber_member_function.cpp:55:50:[m[K [01;31m[Kerror: [m[Kno matching function for call to â€˜[01m[Kmake_shared<<expression error> >()[m[Kâ€™
   55 |   rclcpp::spin(std::make_shared<TimerSubscriber>([01;31m[K)[m[K);
      |                                                  [01;31m[K^[m[K
In file included from [01m[K/usr/include/c++/9/memory:81[m[K,
                 from [01m[K/home/garen-lee/jialiang.li/ros2/test/create_pkg_node_ws/src/cpp_pubsub/src/subscriber_member_function.cpp:3[m[K:
[01m[K/usr/include/c++/9/bits/shared_ptr.h:714:5:[m[K [01;36m[Knote: [m[Kcandidate: â€˜[01m[Ktemplate<class _Tp, class ... _Args> std::shared_ptr<_Tp> std::make_shared(_Args&& ...)[m[Kâ€™
  714 |     [01;36m[Kmake_shared[m[K(_Args&&... __args)
      |     [01;36m[K^~~~~~~~~~~[m[K
[01m[K/usr/include/c++/9/bits/shared_ptr.h:714:5:[m[K [01;36m[Knote: [m[K  template argument deduction/substitution failed:
[01m[K/home/garen-lee/jialiang.li/ros2/test/create_pkg_node_ws/src/cpp_pubsub/src/subscriber_member_function.cpp:55:50:[m[K [01;31m[Kerror: [m[Ktemplate argument 1 is invalid
   55 |   rclcpp::spin(std::make_shared<TimerSubscriber>([01;31m[K)[m[K);
      |                                                  [01;31m[K^[m[K
[01m[K/home/garen-lee/jialiang.li/ros2/test/create_pkg_node_ws/src/cpp_pubsub/src/subscriber_member_function.cpp:56:33:[m[K [01;31m[Kerror: [m[Kâ€˜[01m[KTimerPublisher[m[Kâ€™ was not declared in this scope
   56 |   rclcpp::spin(std::make_shared<[01;31m[KTimerPublisher[m[K>());
      |                                 [01;31m[K^~~~~~~~~~~~~~[m[K
[01m[K/home/garen-lee/jialiang.li/ros2/test/create_pkg_node_ws/src/cpp_pubsub/src/subscriber_member_function.cpp:56:49:[m[K [01;31m[Kerror: [m[Kno matching function for call to â€˜[01m[Kmake_shared<<expression error> >()[m[Kâ€™
   56 |   rclcpp::spin(std::make_shared<TimerPublisher>([01;31m[K)[m[K);
      |                                                 [01;31m[K^[m[K
In file included from [01m[K/usr/include/c++/9/memory:81[m[K,
                 from [01m[K/home/garen-lee/jialiang.li/ros2/test/create_pkg_node_ws/src/cpp_pubsub/src/subscriber_member_function.cpp:3[m[K:
[01m[K/usr/include/c++/9/bits/shared_ptr.h:714:5:[m[K [01;36m[Knote: [m[Kcandidate: â€˜[01m[Ktemplate<class _Tp, class ... _Args> std::shared_ptr<_Tp> std::make_shared(_Args&& ...)[m[Kâ€™
  714 |     [01;36m[Kmake_shared[m[K(_Args&&... __args)
      |     [01;36m[K^~~~~~~~~~~[m[K
[01m[K/usr/include/c++/9/bits/shared_ptr.h:714:5:[m[K [01;36m[Knote: [m[K  template argument deduction/substitution failed:
[01m[K/home/garen-lee/jialiang.li/ros2/test/create_pkg_node_ws/src/cpp_pubsub/src/subscriber_member_function.cpp:56:49:[m[K [01;31m[Kerror: [m[Ktemplate argument 1 is invalid
   56 |   rclcpp::spin(std::make_shared<TimerPublisher>([01;31m[K)[m[K);
      |                                                 [01;31m[K^[m[K
make[2]: *** [CMakeFiles/talker.dir/build.make:76: CMakeFiles/talker.dir/src/publisher_member_function.cpp.o] Error 1
make[1]: *** [CMakeFiles/Makefile2:139: CMakeFiles/talker.dir/all] Error 2
make[1]: *** Waiting for unfinished jobs....
make[2]: *** [CMakeFiles/listener.dir/build.make:76: CMakeFiles/listener.dir/src/subscriber_member_function.cpp.o] Error 1
make[1]: *** [CMakeFiles/Makefile2:165: CMakeFiles/listener.dir/all] Error 2
make: *** [Makefile:146: all] Error 2
