[0.023s] Invoking command in '/home/garen-lee/jialiang.li/ros2/test/create_pkg_node_ws/src/cpp_pubsub/build/cpp_pubsub': CMAKE_PREFIX_PATH=${CMAKE_PREFIX_PATH}:/opt/ros/foxy /usr/bin/cmake --build /home/garen-lee/jialiang.li/ros2/test/create_pkg_node_ws/src/cpp_pubsub/build/cpp_pubsub -- -j4 -l4
[0.055s] [35m[1mConsolidate compiler generated dependencies of target talker[0m
[0.058s] [35m[1mConsolidate compiler generated dependencies of target listener[0m
[0.080s] [ 25%] [32mBuilding CXX object CMakeFiles/listener.dir/src/subscriber_member_function.cpp.o[0m
[0.081s] [ 50%] [32mBuilding CXX object CMakeFiles/talker.dir/src/publisher_member_function.cpp.o[0m
[1.678s] [01m[K/home/garen-lee/jialiang.li/ros2/test/create_pkg_node_ws/src/cpp_pubsub/src/subscriber_member_function.cpp:11:16:[m[K [01;31m[Kerror: [m[Kâ€˜[01m[Kint32[m[Kâ€™ in namespace â€˜[01m[Kstd_msgs::msg[m[Kâ€™ does not name a type; did you mean â€˜[01m[KInt32[m[Kâ€™?
[1.678s]    11 | std_msgs::msg::[01;31m[Kint32[m[K time_last_;
[1.678s]       |                [01;31m[K^~~~~[m[K
[1.678s]       |                [32m[KInt32[m[K
[1.678s] [01m[K/home/garen-lee/jialiang.li/ros2/test/create_pkg_node_ws/src/cpp_pubsub/src/subscriber_member_function.cpp:12:1:[m[K [01;31m[Kerror: [m[Kâ€˜[01m[Kros[m[Kâ€™ does not name a type; did you mean â€˜[01m[Kcos[m[Kâ€™?
[1.679s]    12 | [01;31m[Kros[m[K::time t1 = ros::Time::now();
[1.679s]       | [01;31m[K^~~[m[K
[1.679s]       | [32m[Kcos[m[K
[1.680s] [01m[K/home/garen-lee/jialiang.li/ros2/test/create_pkg_node_ws/src/cpp_pubsub/src/subscriber_member_function.cpp:13:1:[m[K [01;31m[Kerror: [m[Kâ€˜[01m[Ktime_last_[m[Kâ€™ does not name a type; did you mean â€˜[01m[Ktime_t[m[Kâ€™?
[1.680s]    13 | [01;31m[Ktime_last_[m[K = t1.tonSec();
[1.680s]       | [01;31m[K^~~~~~~~~~[m[K
[1.681s]       | [32m[Ktime_t[m[K
[1.681s] [01m[K/home/garen-lee/jialiang.li/ros2/test/create_pkg_node_ws/src/cpp_pubsub/src/subscriber_member_function.cpp:36:38:[m[K [01;31m[Kerror: [m[Kâ€˜[01m[Kint32[m[Kâ€™ is not a member of â€˜[01m[Kstd_msgs::msg[m[Kâ€™; did you mean â€˜[01m[KInt32[m[Kâ€™?
[1.681s]    36 |     rclcpp::Publisher<std_msgs::msg::[01;31m[Kint32[m[K>::SharedPtr publisher_;
[1.681s]       |                                      [01;31m[K^~~~~[m[K
[1.681s]       |                                      [32m[KInt32[m[K
[1.682s] [01m[K/home/garen-lee/jialiang.li/ros2/test/create_pkg_node_ws/src/cpp_pubsub/src/subscriber_member_function.cpp:36:38:[m[K [01;31m[Kerror: [m[Kâ€˜[01m[Kint32[m[Kâ€™ is not a member of â€˜[01m[Kstd_msgs::msg[m[Kâ€™; did you mean â€˜[01m[KInt32[m[Kâ€™?
[1.682s]    36 |     rclcpp::Publisher<std_msgs::msg::[01;31m[Kint32[m[K>::SharedPtr publisher_;
[1.682s]       |                                      [01;31m[K^~~~~[m[K
[1.682s]       |                                      [32m[KInt32[m[K
[1.682s] [01m[K/home/garen-lee/jialiang.li/ros2/test/create_pkg_node_ws/src/cpp_pubsub/src/subscriber_member_function.cpp:36:43:[m[K [01;31m[Kerror: [m[Ktemplate argument 1 is invalid
[1.682s]    36 |     rclcpp::Publisher<std_msgs::msg::int32[01;31m[K>[m[K::SharedPtr publisher_;
[1.682s]       |                                           [01;31m[K^[m[K
[1.682s] [01m[K/home/garen-lee/jialiang.li/ros2/test/create_pkg_node_ws/src/cpp_pubsub/src/subscriber_member_function.cpp:36:46:[m[K [01;31m[Kerror: [m[Kexpected â€˜[01m[K;[m[Kâ€™ at end of member declaration
[1.683s]    36 |     rclcpp::Publisher<std_msgs::msg::int32>::[01;31m[KSharedPtr[m[K publisher_;
[1.683s]       |                                              [01;31m[K^~~~~~~~~[m[K
[1.683s]       |                                                       [32m[K;[m[K
[1.684s] [01m[K/home/garen-lee/jialiang.li/ros2/test/create_pkg_node_ws/src/cpp_pubsub/src/subscriber_member_function.cpp:36:56:[m[K [01;31m[Kerror: [m[Kâ€˜[01m[Kpublisher_[m[Kâ€™ does not name a type; did you mean â€˜[01m[Krcl_publisher_t[m[Kâ€™?
[1.684s]    36 |     rclcpp::Publisher<std_msgs::msg::int32>::SharedPtr [01;31m[Kpublisher_[m[K;
[1.684s]       |                                                        [01;31m[K^~~~~~~~~~[m[K
[1.684s]       |                                                        [32m[Krcl_publisher_t[m[K
[1.687s] [01m[K/home/garen-lee/jialiang.li/ros2/test/create_pkg_node_ws/src/cpp_pubsub/src/subscriber_member_function.cpp:[m[K In constructor â€˜[01m[KTimerPublisher::TimerPublisher()[m[Kâ€™:
[1.687s] [01m[K/home/garen-lee/jialiang.li/ros2/test/create_pkg_node_ws/src/cpp_pubsub/src/subscriber_member_function.cpp:21:7:[m[K [01;31m[Kerror: [m[Kâ€˜[01m[Kpublisher_[m[Kâ€™ was not declared in this scope; did you mean â€˜[01m[Krcl_publisher_t[m[Kâ€™?
[1.688s]    21 |       [01;31m[Kpublisher_[m[K = this->create_publisher<std_msgs::msg::int32>("topicA", 100);
[1.688s]       |       [01;31m[K^~~~~~~~~~[m[K
[1.688s]       |       [32m[Krcl_publisher_t[m[K
[1.688s] [01m[K/home/garen-lee/jialiang.li/ros2/test/create_pkg_node_ws/src/cpp_pubsub/src/subscriber_member_function.cpp:21:58:[m[K [01;31m[Kerror: [m[Kâ€˜[01m[Kint32[m[Kâ€™ is not a member of â€˜[01m[Kstd_msgs::msg[m[Kâ€™; did you mean â€˜[01m[KInt32[m[Kâ€™?
[1.688s]    21 |       publisher_ = this->create_publisher<std_msgs::msg::[01;31m[Kint32[m[K>("topicA", 100);
[1.689s]       |                                                          [01;31m[K^~~~~[m[K
[1.689s]       |                                                          [32m[KInt32[m[K
[1.689s] [01m[K/home/garen-lee/jialiang.li/ros2/test/create_pkg_node_ws/src/cpp_pubsub/src/subscriber_member_function.cpp:21:58:[m[K [01;31m[Kerror: [m[Kâ€˜[01m[Kint32[m[Kâ€™ is not a member of â€˜[01m[Kstd_msgs::msg[m[Kâ€™; did you mean â€˜[01m[KInt32[m[Kâ€™?
[1.689s]    21 |       publisher_ = this->create_publisher<std_msgs::msg::[01;31m[Kint32[m[K>("topicA", 100);
[1.689s]       |                                                          [01;31m[K^~~~~[m[K
[1.689s]       |                                                          [32m[KInt32[m[K
[1.689s] [01m[K/home/garen-lee/jialiang.li/ros2/test/create_pkg_node_ws/src/cpp_pubsub/src/subscriber_member_function.cpp:21:78:[m[K [01;31m[Kerror: [m[Kno matching function for call to â€˜[01m[KTimerPublisher::create_publisher<<expression error> >(const char [7], int)[m[Kâ€™
[1.690s]    21 |       publisher_ = this->create_publisher<std_msgs::msg::int32>("topicA", 100[01;31m[K)[m[K;
[1.690s]       |                                                                              [01;31m[K^[m[K
[1.690s] In file included from [01m[K/opt/ros/foxy/include/rclcpp/executors/single_threaded_executor.hpp:28[m[K,
[1.690s]                  from [01m[K/opt/ros/foxy/include/rclcpp/executors.hpp:22[m[K,
[1.690s]                  from [01m[K/opt/ros/foxy/include/rclcpp/rclcpp.hpp:146[m[K,
[1.690s]                  from [01m[K/home/garen-lee/jialiang.li/ros2/test/create_pkg_node_ws/src/cpp_pubsub/src/subscriber_member_function.cpp:3[m[K:
[1.690s] [01m[K/opt/ros/foxy/include/rclcpp/node.hpp:184:3:[m[K [01;36m[Knote: [m[Kcandidate: â€˜[01m[Ktemplate<class MessageT, class AllocatorT, class PublisherT> std::shared_ptr<PublisherT> rclcpp::Node::create_publisher(const string&, const rclcpp::QoS&, const rclcpp::PublisherOptionsWithAllocator<AllocatorT>&)[m[Kâ€™
[1.691s]   184 |   [01;36m[Kcreate_publisher[m[K(
[1.691s]       |   [01;36m[K^~~~~~~~~~~~~~~~[m[K
[1.691s] [01m[K/opt/ros/foxy/include/rclcpp/node.hpp:184:3:[m[K [01;36m[Knote: [m[K  template argument deduction/substitution failed:
[1.691s] [01m[K/home/garen-lee/jialiang.li/ros2/test/create_pkg_node_ws/src/cpp_pubsub/src/subscriber_member_function.cpp:21:78:[m[K [01;31m[Kerror: [m[Ktemplate argument 1 is invalid
[1.692s]    21 |       publisher_ = this->create_publisher<std_msgs::msg::int32>("topicA", 100[01;31m[K)[m[K;
[1.692s]       |                                                                              [01;31m[K^[m[K
[1.703s] [01m[K/home/garen-lee/jialiang.li/ros2/test/create_pkg_node_ws/src/cpp_pubsub/src/subscriber_member_function.cpp:[m[K In member function â€˜[01m[Kvoid TimerPublisher::timer_callback()[m[Kâ€™:
[1.703s] [01m[K/home/garen-lee/jialiang.li/ros2/test/create_pkg_node_ws/src/cpp_pubsub/src/subscriber_member_function.cpp:29:37:[m[K [01;31m[Kerror: [m[Kâ€˜[01m[Kint32[m[Kâ€™ is not a member of â€˜[01m[Kstd_msgs::msg[m[Kâ€™; did you mean â€˜[01m[KInt32[m[Kâ€™?
[1.703s]    29 |       auto message = std_msgs::msg::[01;31m[Kint32[m[K();
[1.703s]       |                                     [01;31m[K^~~~~[m[K
[1.703s]       |                                     [32m[KInt32[m[K
[1.705s] [01m[K/home/garen-lee/jialiang.li/ros2/test/create_pkg_node_ws/src/cpp_pubsub/src/subscriber_member_function.cpp:30:7:[m[K [01;31m[Kerror: [m[Kâ€˜[01m[Kt1[m[Kâ€™ was not declared in this scope; did you mean â€˜[01m[Ktm[m[Kâ€™?
[1.705s]    30 |       [01;31m[Kt1[m[K = ros::Time::now();
[1.705s]       |       [01;31m[K^~[m[K
[1.706s]       |       [32m[Ktm[m[K
[1.706s] [01m[K/home/garen-lee/jialiang.li/ros2/test/create_pkg_node_ws/src/cpp_pubsub/src/subscriber_member_function.cpp:30:12:[m[K [01;31m[Kerror: [m[Kâ€˜[01m[Kros[m[Kâ€™ has not been declared
[1.706s]    30 |       t1 = [01;31m[Kros[m[K::Time::now();
[1.706s]       |            [01;31m[K^~~[m[K
[1.709s] In file included from [01m[K/opt/ros/foxy/include/rclcpp/client.hpp:40[m[K,
[1.709s]                  from [01m[K/opt/ros/foxy/include/rclcpp/callback_group.hpp:23[m[K,
[1.709s]                  from [01m[K/opt/ros/foxy/include/rclcpp/any_executable.hpp:20[m[K,
[1.710s]                  from [01m[K/opt/ros/foxy/include/rclcpp/memory_strategy.hpp:24[m[K,
[1.710s]                  from [01m[K/opt/ros/foxy/include/rclcpp/memory_strategies.hpp:18[m[K,
[1.710s]                  from [01m[K/opt/ros/foxy/include/rclcpp/executor_options.hpp:20[m[K,
[1.710s]                  from [01m[K/opt/ros/foxy/include/rclcpp/executor.hpp:33[m[K,
[1.710s]                  from [01m[K/opt/ros/foxy/include/rclcpp/executors/multi_threaded_executor.hpp:26[m[K,
[1.710s]                  from [01m[K/opt/ros/foxy/include/rclcpp/executors.hpp:21[m[K,
[1.710s]                  from [01m[K/opt/ros/foxy/include/rclcpp/rclcpp.hpp:146[m[K,
[1.710s]                  from [01m[K/home/garen-lee/jialiang.li/ros2/test/create_pkg_node_ws/src/cpp_pubsub/src/subscriber_member_function.cpp:3[m[K:
[1.710s] [01m[K/home/garen-lee/jialiang.li/ros2/test/create_pkg_node_ws/src/cpp_pubsub/src/subscriber_member_function.cpp:32:90:[m[K [01;31m[Kerror: [m[Kâ€˜[01m[Ktime_last_[m[Kâ€™ was not declared in this scope; did you mean â€˜[01m[Ktime_t[m[Kâ€™?
[1.710s]    32 |       RCLCPP_INFO(this->get_logger(), "topicA Publishing: '%df'", message.data.int32() - [01;31m[Ktime_last_[m[K);
[1.711s]       |                                                                                          [01;31m[K^~~~~~~~~~[m[K
[1.712s] [01m[K/home/garen-lee/jialiang.li/ros2/test/create_pkg_node_ws/src/cpp_pubsub/src/subscriber_member_function.cpp:33:7:[m[K [01;31m[Kerror: [m[Kâ€˜[01m[Kpublisher_[m[Kâ€™ was not declared in this scope; did you mean â€˜[01m[Krcl_publisher_t[m[Kâ€™?
[1.713s]    33 |       [01;31m[Kpublisher_[m[K->publish(message);
[1.713s]       |       [01;31m[K^~~~~~~~~~[m[K
[1.713s]       |       [32m[Krcl_publisher_t[m[K
[1.713s] [01m[K/home/garen-lee/jialiang.li/ros2/test/create_pkg_node_ws/src/cpp_pubsub/src/subscriber_member_function.cpp:[m[K At global scope:
[1.713s] [01m[K/home/garen-lee/jialiang.li/ros2/test/create_pkg_node_ws/src/cpp_pubsub/src/subscriber_member_function.cpp:49:46:[m[K [01;31m[Kerror: [m[Kâ€˜[01m[Kint32[m[Kâ€™ in namespace â€˜[01m[Kstd_msgs::msg[m[Kâ€™ does not name a type; did you mean â€˜[01m[KInt32[m[Kâ€™?
[1.714s]    49 |     void topic_callback(const std_msgs::msg::[01;31m[Kint32[m[K::SharedPtr msg) const
[1.714s]       |                                              [01;31m[K^~~~~[m[K
[1.714s]       |                                              [32m[KInt32[m[K
[1.714s] [01m[K/home/garen-lee/jialiang.li/ros2/test/create_pkg_node_ws/src/cpp_pubsub/src/subscriber_member_function.cpp:49:63:[m[K [01;31m[Kerror: [m[Kexpected unqualified-id before â€˜[01m[Kmsg[m[Kâ€™
[1.714s]    49 |     void topic_callback(const std_msgs::msg::int32::SharedPtr [01;31m[Kmsg[m[K) const
[1.715s]       |                                                               [01;31m[K^~~[m[K
[1.715s] [01m[K/home/garen-lee/jialiang.li/ros2/test/create_pkg_node_ws/src/cpp_pubsub/src/subscriber_member_function.cpp:49:62:[m[K [01;31m[Kerror: [m[Kexpected â€˜[01m[K)[m[Kâ€™ before â€˜[01m[Kmsg[m[Kâ€™
[1.715s]    49 |     void topic_callback[34m[K([m[Kconst std_msgs::msg::int32::SharedPtr[01;31m[K [m[K[32m[Kmsg[m[K) const
[1.715s]       |                        [34m[K~[m[K                                     [01;31m[K^[m[K[32m[K~~~[m[K
[1.715s]       |                                                              [32m[K)[m[K
[1.715s] [01m[K/home/garen-lee/jialiang.li/ros2/test/create_pkg_node_ws/src/cpp_pubsub/src/subscriber_member_function.cpp:49:53:[m[K [01;31m[Kerror: [m[Kexpected â€˜[01m[K;[m[Kâ€™ at end of member declaration
[1.715s]    49 |     void topic_callback(const std_msgs::msg::int32::[01;31m[KSharedPtr[m[K msg) const
[1.716s]       |                                                     [01;31m[K^~~~~~~~~[m[K
[1.716s]       |                                                              [32m[K;[m[K
[1.716s] [01m[K/home/garen-lee/jialiang.li/ros2/test/create_pkg_node_ws/src/cpp_pubsub/src/subscriber_member_function.cpp:49:63:[m[K [01;31m[Kerror: [m[Kâ€˜[01m[Kmsg[m[Kâ€™ does not name a type
[1.716s]    49 |     void topic_callback(const std_msgs::msg::int32::SharedPtr [01;31m[Kmsg[m[K) const
[1.716s]       |                                                               [01;31m[K^~~[m[K
[1.716s] [01m[K/home/garen-lee/jialiang.li/ros2/test/create_pkg_node_ws/src/cpp_pubsub/src/subscriber_member_function.cpp:54:41:[m[K [01;31m[Kerror: [m[Kâ€˜[01m[Kint32[m[Kâ€™ is not a member of â€˜[01m[Kstd_msgs::msg[m[Kâ€™; did you mean â€˜[01m[KInt32[m[Kâ€™?
[1.716s]    54 |     rclcpp::Subscription<std_msgs::msg::[01;31m[Kint32[m[K>::SharedPtr subscription_;
[1.717s]       |                                         [01;31m[K^~~~~[m[K
[1.717s]       |                                         [32m[KInt32[m[K
[1.717s] [01m[K/home/garen-lee/jialiang.li/ros2/test/create_pkg_node_ws/src/cpp_pubsub/src/subscriber_member_function.cpp:54:41:[m[K [01;31m[Kerror: [m[Kâ€˜[01m[Kint32[m[Kâ€™ is not a member of â€˜[01m[Kstd_msgs::msg[m[Kâ€™; did you mean â€˜[01m[KInt32[m[Kâ€™?
[1.717s]    54 |     rclcpp::Subscription<std_msgs::msg::[01;31m[Kint32[m[K>::SharedPtr subscription_;
[1.717s]       |                                         [01;31m[K^~~~~[m[K
[1.717s]       |                                         [32m[KInt32[m[K
[1.717s] [01m[K/home/garen-lee/jialiang.li/ros2/test/create_pkg_node_ws/src/cpp_pubsub/src/subscriber_member_function.cpp:54:46:[m[K [01;31m[Kerror: [m[Ktemplate argument 1 is invalid
[1.718s]    54 |     rclcpp::Subscription<std_msgs::msg::int32[01;31m[K>[m[K::SharedPtr subscription_;
[1.718s]       |                                              [01;31m[K^[m[K
[1.718s] [01m[K/home/garen-lee/jialiang.li/ros2/test/create_pkg_node_ws/src/cpp_pubsub/src/subscriber_member_function.cpp:54:46:[m[K [01;31m[Kerror: [m[Ktemplate argument 3 is invalid
[1.718s] [01m[K/home/garen-lee/jialiang.li/ros2/test/create_pkg_node_ws/src/cpp_pubsub/src/subscriber_member_function.cpp:54:49:[m[K [01;31m[Kerror: [m[Kexpected â€˜[01m[K;[m[Kâ€™ at end of member declaration
[1.718s]    54 |     rclcpp::Subscription<std_msgs::msg::int32>::[01;31m[KSharedPtr[m[K subscription_;
[1.718s]       |                                                 [01;31m[K^~~~~~~~~[m[K
[1.718s]       |                                                          [32m[K;[m[K
[1.718s] [01m[K/home/garen-lee/jialiang.li/ros2/test/create_pkg_node_ws/src/cpp_pubsub/src/subscriber_member_function.cpp:54:59:[m[K [01;31m[Kerror: [m[Kâ€˜[01m[Ksubscription_[m[Kâ€™ does not name a type; did you mean â€˜[01m[Krcl_subscription_t[m[Kâ€™?
[1.718s]    54 |     rclcpp::Subscription<std_msgs::msg::int32>::SharedPtr [01;31m[Ksubscription_[m[K;
[1.718s]       |                                                           [01;31m[K^~~~~~~~~~~~~[m[K
[1.719s]       |                                                           [32m[Krcl_subscription_t[m[K
[1.721s] [01m[K/home/garen-lee/jialiang.li/ros2/test/create_pkg_node_ws/src/cpp_pubsub/src/subscriber_member_function.cpp:[m[K In constructor â€˜[01m[KTimerSubscriber::TimerSubscriber()[m[Kâ€™:
[1.721s] [01m[K/home/garen-lee/jialiang.li/ros2/test/create_pkg_node_ws/src/cpp_pubsub/src/subscriber_member_function.cpp:44:7:[m[K [01;31m[Kerror: [m[Kâ€˜[01m[Ksubscription_[m[Kâ€™ was not declared in this scope; did you mean â€˜[01m[Krcl_subscription_t[m[Kâ€™?
[1.721s]    44 |       [01;31m[Ksubscription_[m[K = this->create_subscription<std_msgs::msg::int32>(
[1.721s]       |       [01;31m[K^~~~~~~~~~~~~[m[K
[1.721s]       |       [32m[Krcl_subscription_t[m[K
[1.721s] [01m[K/home/garen-lee/jialiang.li/ros2/test/create_pkg_node_ws/src/cpp_pubsub/src/subscriber_member_function.cpp:44:64:[m[K [01;31m[Kerror: [m[Kâ€˜[01m[Kint32[m[Kâ€™ is not a member of â€˜[01m[Kstd_msgs::msg[m[Kâ€™; did you mean â€˜[01m[KInt32[m[Kâ€™?
[1.722s]    44 |       subscription_ = this->create_subscription<std_msgs::msg::[01;31m[Kint32[m[K>(
[1.722s]       |                                                                [01;31m[K^~~~~[m[K
[1.722s]       |                                                                [32m[KInt32[m[K
[1.722s] [01m[K/home/garen-lee/jialiang.li/ros2/test/create_pkg_node_ws/src/cpp_pubsub/src/subscriber_member_function.cpp:44:64:[m[K [01;31m[Kerror: [m[Kâ€˜[01m[Kint32[m[Kâ€™ is not a member of â€˜[01m[Kstd_msgs::msg[m[Kâ€™; did you mean â€˜[01m[KInt32[m[Kâ€™?
[1.722s]    44 |       subscription_ = this->create_subscription<std_msgs::msg::[01;31m[Kint32[m[K>(
[1.722s]       |                                                                [01;31m[K^~~~~[m[K
[1.722s]       |                                                                [32m[KInt32[m[K
[1.730s] [01m[K/home/garen-lee/jialiang.li/ros2/test/create_pkg_node_ws/src/cpp_pubsub/src/subscriber_member_function.cpp:45:75:[m[K [01;31m[Kerror: [m[Kno matching function for call to â€˜[01m[KTimerSubscriber::create_subscription<<expression error> >(const char [7], int, std::_Bind_helper<false, void (TimerSubscriber::*)(...), TimerSubscriber*, const std::_Placeholder<1>&>::type)[m[Kâ€™
[1.730s]    45 |       "topicB", 100, std::bind(&TimerSubscriber::topic_callback, this, _1)[01;31m[K)[m[K;
[1.730s]       |                                                                           [01;31m[K^[m[K
[1.730s] In file included from [01m[K/opt/ros/foxy/include/rclcpp/executors/single_threaded_executor.hpp:28[m[K,
[1.730s]                  from [01m[K/opt/ros/foxy/include/rclcpp/executors.hpp:22[m[K,
[1.731s]                  from [01m[K/opt/ros/foxy/include/rclcpp/rclcpp.hpp:146[m[K,
[1.731s]                  from [01m[K/home/garen-lee/jialiang.li/ros2/test/create_pkg_node_ws/src/cpp_pubsub/src/subscriber_member_function.cpp:3[m[K:
[1.731s] [01m[K/opt/ros/foxy/include/rclcpp/node.hpp:213:3:[m[K [01;36m[Knote: [m[Kcandidate: â€˜[01m[Ktemplate<class MessageT, class CallbackT, class AllocatorT, class CallbackMessageT, class SubscriptionT, class MessageMemoryStrategyT> std::shared_ptr<SubscriptionT> rclcpp::Node::create_subscription(const string&, const rclcpp::QoS&, CallbackT&&, const rclcpp::SubscriptionOptionsWithAllocator<AllocatorT>&, typename MessageMemoryStrategyT::SharedPtr)[m[Kâ€™
[1.731s]   213 |   [01;36m[Kcreate_subscription[m[K(
[1.731s]       |   [01;36m[K^~~~~~~~~~~~~~~~~~~[m[K
[1.731s] [01m[K/opt/ros/foxy/include/rclcpp/node.hpp:213:3:[m[K [01;36m[Knote: [m[K  template argument deduction/substitution failed:
[1.732s] [01m[K/home/garen-lee/jialiang.li/ros2/test/create_pkg_node_ws/src/cpp_pubsub/src/subscriber_member_function.cpp:45:75:[m[K [01;31m[Kerror: [m[Ktemplate argument 1 is invalid
[1.732s]    45 |       "topicB", 100, std::bind(&TimerSubscriber::topic_callback, this, _1)[01;31m[K)[m[K;
[1.732s]       |                                                                           [01;31m[K^[m[K
[1.737s] [01m[K/home/garen-lee/jialiang.li/ros2/test/create_pkg_node_ws/src/cpp_pubsub/src/publisher_member_function.cpp:14:16:[m[K [01;31m[Kerror: [m[Kâ€˜[01m[Kint32[m[Kâ€™ in namespace â€˜[01m[Kstd_msgs::msg[m[Kâ€™ does not name a type; did you mean â€˜[01m[KInt32[m[Kâ€™?
[1.737s]    14 | std_msgs::msg::[01;31m[Kint32[m[K time_last_;
[1.737s]       |                [01;31m[K^~~~~[m[K
[1.737s]       |                [32m[KInt32[m[K
[1.738s] [01m[K/home/garen-lee/jialiang.li/ros2/test/create_pkg_node_ws/src/cpp_pubsub/src/publisher_member_function.cpp:15:1:[m[K [01;31m[Kerror: [m[Kâ€˜[01m[Kros[m[Kâ€™ does not name a type; did you mean â€˜[01m[Kcos[m[Kâ€™?
[1.738s]    15 | [01;31m[Kros[m[K::Time t1 = ros::Time::now();
[1.738s]       | [01;31m[K^~~[m[K
[1.739s]       | [32m[Kcos[m[K
[1.742s] [01m[K/home/garen-lee/jialiang.li/ros2/test/create_pkg_node_ws/src/cpp_pubsub/src/publisher_member_function.cpp:16:1:[m[K [01;31m[Kerror: [m[Kâ€˜[01m[Ktime_last_[m[Kâ€™ does not name a type; did you mean â€˜[01m[Ktime_t[m[Kâ€™?
[1.743s]    16 | [01;31m[Ktime_last_[m[K = t1.tonSec();
[1.743s]       | [01;31m[K^~~~~~~~~~[m[K
[1.743s]       | [32m[Ktime_t[m[K
[1.743s] [01m[K/home/garen-lee/jialiang.li/ros2/test/create_pkg_node_ws/src/cpp_pubsub/src/publisher_member_function.cpp:38:38:[m[K [01;31m[Kerror: [m[Kâ€˜[01m[Kint32[m[Kâ€™ is not a member of â€˜[01m[Kstd_msgs::msg[m[Kâ€™; did you mean â€˜[01m[KInt32[m[Kâ€™?
[1.744s]    38 |     rclcpp::Publisher<std_msgs::msg::[01;31m[Kint32[m[K>::SharedPtr publisher_;
[1.744s]       |                                      [01;31m[K^~~~~[m[K
[1.745s]       |                                      [32m[KInt32[m[K
[1.745s] [01m[K/home/garen-lee/jialiang.li/ros2/test/create_pkg_node_ws/src/cpp_pubsub/src/publisher_member_function.cpp:38:38:[m[K [01;31m[Kerror: [m[Kâ€˜[01m[Kint32[m[Kâ€™ is not a member of â€˜[01m[Kstd_msgs::msg[m[Kâ€™; did you mean â€˜[01m[KInt32[m[Kâ€™?
[1.745s]    38 |     rclcpp::Publisher<std_msgs::msg::[01;31m[Kint32[m[K>::SharedPtr publisher_;
[1.745s]       |                                      [01;31m[K^~~~~[m[K
[1.745s]       |                                      [32m[KInt32[m[K
[1.745s] [01m[K/home/garen-lee/jialiang.li/ros2/test/create_pkg_node_ws/src/cpp_pubsub/src/publisher_member_function.cpp:38:43:[m[K [01;31m[Kerror: [m[Ktemplate argument 1 is invalid
[1.746s]    38 |     rclcpp::Publisher<std_msgs::msg::int32[01;31m[K>[m[K::SharedPtr publisher_;
[1.746s]       |                                           [01;31m[K^[m[K
[1.746s] [01m[K/home/garen-lee/jialiang.li/ros2/test/create_pkg_node_ws/src/cpp_pubsub/src/publisher_member_function.cpp:38:46:[m[K [01;31m[Kerror: [m[Kexpected â€˜[01m[K;[m[Kâ€™ at end of member declaration
[1.746s]    38 |     rclcpp::Publisher<std_msgs::msg::int32>::[01;31m[KSharedPtr[m[K publisher_;
[1.746s]       |                                              [01;31m[K^~~~~~~~~[m[K
[1.746s]       |                                                       [32m[K;[m[K
[1.747s] [01m[K/home/garen-lee/jialiang.li/ros2/test/create_pkg_node_ws/src/cpp_pubsub/src/publisher_member_function.cpp:38:56:[m[K [01;31m[Kerror: [m[Kâ€˜[01m[Kpublisher_[m[Kâ€™ does not name a type; did you mean â€˜[01m[Krcl_publisher_t[m[Kâ€™?
[1.747s]    38 |     rclcpp::Publisher<std_msgs::msg::int32>::SharedPtr [01;31m[Kpublisher_[m[K;
[1.747s]       |                                                        [01;31m[K^~~~~~~~~~[m[K
[1.747s]       |                                                        [32m[Krcl_publisher_t[m[K
[1.751s] [01m[K/home/garen-lee/jialiang.li/ros2/test/create_pkg_node_ws/src/cpp_pubsub/src/publisher_member_function.cpp:[m[K In constructor â€˜[01m[KTimerPublisher::TimerPublisher()[m[Kâ€™:
[1.752s] [01m[K/home/garen-lee/jialiang.li/ros2/test/create_pkg_node_ws/src/cpp_pubsub/src/publisher_member_function.cpp:23:7:[m[K [01;31m[Kerror: [m[Kâ€˜[01m[Kpublisher_[m[Kâ€™ was not declared in this scope; did you mean â€˜[01m[Krcl_publisher_t[m[Kâ€™?
[1.752s]    23 |       [01;31m[Kpublisher_[m[K = this->create_publisher<std_msgs::msg::int32>("topicB", 100);
[1.752s]       |       [01;31m[K^~~~~~~~~~[m[K
[1.752s]       |       [32m[Krcl_publisher_t[m[K
[1.753s] [01m[K/home/garen-lee/jialiang.li/ros2/test/create_pkg_node_ws/src/cpp_pubsub/src/publisher_member_function.cpp:23:58:[m[K [01;31m[Kerror: [m[Kâ€˜[01m[Kint32[m[Kâ€™ is not a member of â€˜[01m[Kstd_msgs::msg[m[Kâ€™; did you mean â€˜[01m[KInt32[m[Kâ€™?
[1.753s]    23 |       publisher_ = this->create_publisher<std_msgs::msg::[01;31m[Kint32[m[K>("topicB", 100);
[1.753s]       |                                                          [01;31m[K^~~~~[m[K
[1.753s]       |                                                          [32m[KInt32[m[K
[1.753s] [01m[K/home/garen-lee/jialiang.li/ros2/test/create_pkg_node_ws/src/cpp_pubsub/src/publisher_member_function.cpp:23:58:[m[K [01;31m[Kerror: [m[Kâ€˜[01m[Kint32[m[Kâ€™ is not a member of â€˜[01m[Kstd_msgs::msg[m[Kâ€™; did you mean â€˜[01m[KInt32[m[Kâ€™?
[1.753s]    23 |       publisher_ = this->create_publisher<std_msgs::msg::[01;31m[Kint32[m[K>("topicB", 100);
[1.753s]       |                                                          [01;31m[K^~~~~[m[K
[1.754s]       |                                                          [32m[KInt32[m[K
[1.754s] [01m[K/home/garen-lee/jialiang.li/ros2/test/create_pkg_node_ws/src/cpp_pubsub/src/publisher_member_function.cpp:23:78:[m[K [01;31m[Kerror: [m[Kno matching function for call to â€˜[01m[KTimerPublisher::create_publisher<<expression error> >(const char [7], int)[m[Kâ€™
[1.754s]    23 |       publisher_ = this->create_publisher<std_msgs::msg::int32>("topicB", 100[01;31m[K)[m[K;
[1.754s]       |                                                                              [01;31m[K^[m[K
[1.754s] In file included from [01m[K/opt/ros/foxy/include/rclcpp/executors/single_threaded_executor.hpp:28[m[K,
[1.754s]                  from [01m[K/opt/ros/foxy/include/rclcpp/executors.hpp:22[m[K,
[1.755s]                  from [01m[K/opt/ros/foxy/include/rclcpp/rclcpp.hpp:146[m[K,
[1.755s]                  from [01m[K/home/garen-lee/jialiang.li/ros2/test/create_pkg_node_ws/src/cpp_pubsub/src/publisher_member_function.cpp:6[m[K:
[1.755s] [01m[K/opt/ros/foxy/include/rclcpp/node.hpp:184:3:[m[K [01;36m[Knote: [m[Kcandidate: â€˜[01m[Ktemplate<class MessageT, class AllocatorT, class PublisherT> std::shared_ptr<PublisherT> rclcpp::Node::create_publisher(const string&, const rclcpp::QoS&, const rclcpp::PublisherOptionsWithAllocator<AllocatorT>&)[m[Kâ€™
[1.755s]   184 |   [01;36m[Kcreate_publisher[m[K(
[1.755s]       |   [01;36m[K^~~~~~~~~~~~~~~~[m[K
[1.755s] [01m[K/opt/ros/foxy/include/rclcpp/node.hpp:184:3:[m[K [01;36m[Knote: [m[K  template argument deduction/substitution failed:
[1.755s] [01m[K/home/garen-lee/jialiang.li/ros2/test/create_pkg_node_ws/src/cpp_pubsub/src/publisher_member_function.cpp:23:78:[m[K [01;31m[Kerror: [m[Ktemplate argument 1 is invalid
[1.756s]    23 |       publisher_ = this->create_publisher<std_msgs::msg::int32>("topicB", 100[01;31m[K)[m[K;
[1.756s]       |                                                                              [01;31m[K^[m[K
[1.767s] [01m[K/home/garen-lee/jialiang.li/ros2/test/create_pkg_node_ws/src/cpp_pubsub/src/publisher_member_function.cpp:[m[K In member function â€˜[01m[Kvoid TimerPublisher::timer_callback()[m[Kâ€™:
[1.769s] [01m[K/home/garen-lee/jialiang.li/ros2/test/create_pkg_node_ws/src/cpp_pubsub/src/publisher_member_function.cpp:31:37:[m[K [01;31m[Kerror: [m[Kâ€˜[01m[Kint32[m[Kâ€™ is not a member of â€˜[01m[Kstd_msgs::msg[m[Kâ€™; did you mean â€˜[01m[KInt32[m[Kâ€™?
[1.769s]    31 |       auto message = std_msgs::msg::[01;31m[Kint32[m[K();
[1.769s]       |                                     [01;31m[K^~~~~[m[K
[1.769s]       |                                     [32m[KInt32[m[K
[1.770s] [01m[K/home/garen-lee/jialiang.li/ros2/test/create_pkg_node_ws/src/cpp_pubsub/src/publisher_member_function.cpp:32:7:[m[K [01;31m[Kerror: [m[Kâ€˜[01m[Kt1[m[Kâ€™ was not declared in this scope; did you mean â€˜[01m[Ktm[m[Kâ€™?
[1.770s]    32 |       [01;31m[Kt1[m[K = ros::Time::now();
[1.771s]       |       [01;31m[K^~[m[K
[1.771s]       |       [32m[Ktm[m[K
[1.771s] [01m[K/home/garen-lee/jialiang.li/ros2/test/create_pkg_node_ws/src/cpp_pubsub/src/publisher_member_function.cpp:32:12:[m[K [01;31m[Kerror: [m[Kâ€˜[01m[Kros[m[Kâ€™ has not been declared
[1.771s]    32 |       t1 = [01;31m[Kros[m[K::Time::now();
[1.771s]       |            [01;31m[K^~~[m[K
[1.774s] In file included from [01m[K/opt/ros/foxy/include/rclcpp/client.hpp:40[m[K,
[1.775s]                  from [01m[K/opt/ros/foxy/include/rclcpp/callback_group.hpp:23[m[K,
[1.775s]                  from [01m[K/opt/ros/foxy/include/rclcpp/any_executable.hpp:20[m[K,
[1.775s]                  from [01m[K/opt/ros/foxy/include/rclcpp/memory_strategy.hpp:24[m[K,
[1.775s]                  from [01m[K/opt/ros/foxy/include/rclcpp/memory_strategies.hpp:18[m[K,
[1.775s]                  from [01m[K/opt/ros/foxy/include/rclcpp/executor_options.hpp:20[m[K,
[1.775s]                  from [01m[K/opt/ros/foxy/include/rclcpp/executor.hpp:33[m[K,
[1.776s]                  from [01m[K/opt/ros/foxy/include/rclcpp/executors/multi_threaded_executor.hpp:26[m[K,
[1.776s]                  from [01m[K/opt/ros/foxy/include/rclcpp/executors.hpp:21[m[K,
[1.776s]                  from [01m[K/opt/ros/foxy/include/rclcpp/rclcpp.hpp:146[m[K,
[1.776s]                  from [01m[K/home/garen-lee/jialiang.li/ros2/test/create_pkg_node_ws/src/cpp_pubsub/src/publisher_member_function.cpp:6[m[K:
[1.776s] [01m[K/home/garen-lee/jialiang.li/ros2/test/create_pkg_node_ws/src/cpp_pubsub/src/publisher_member_function.cpp:34:89:[m[K [01;31m[Kerror: [m[Kâ€˜[01m[Ktime_last_[m[Kâ€™ was not declared in this scope; did you mean â€˜[01m[Ktime_t[m[Kâ€™?
[1.776s]    34 |       RCLCPP_INFO(this->get_logger(), "topicB Publishing: '%d'", message.data.int32() - [01;31m[Ktime_last_[m[K);
[1.776s]       |                                                                                         [01;31m[K^~~~~~~~~~[m[K
[1.778s] [01m[K/home/garen-lee/jialiang.li/ros2/test/create_pkg_node_ws/src/cpp_pubsub/src/publisher_member_function.cpp:35:7:[m[K [01;31m[Kerror: [m[Kâ€˜[01m[Kpublisher_[m[Kâ€™ was not declared in this scope; did you mean â€˜[01m[Krcl_publisher_t[m[Kâ€™?
[1.778s]    35 |       [01;31m[Kpublisher_[m[K->publish(message);
[1.779s]       |       [01;31m[K^~~~~~~~~~[m[K
[1.779s]       |       [32m[Krcl_publisher_t[m[K
[1.779s] [01m[K/home/garen-lee/jialiang.li/ros2/test/create_pkg_node_ws/src/cpp_pubsub/src/publisher_member_function.cpp:[m[K At global scope:
[1.779s] [01m[K/home/garen-lee/jialiang.li/ros2/test/create_pkg_node_ws/src/cpp_pubsub/src/publisher_member_function.cpp:51:46:[m[K [01;31m[Kerror: [m[Kâ€˜[01m[Kint32[m[Kâ€™ in namespace â€˜[01m[Kstd_msgs::msg[m[Kâ€™ does not name a type; did you mean â€˜[01m[KInt32[m[Kâ€™?
[1.780s]    51 |     void topic_callback(const std_msgs::msg::[01;31m[Kint32[m[K::SharedPtr msg) const
[1.780s]       |                                              [01;31m[K^~~~~[m[K
[1.780s]       |                                              [32m[KInt32[m[K
[1.780s] [01m[K/home/garen-lee/jialiang.li/ros2/test/create_pkg_node_ws/src/cpp_pubsub/src/publisher_member_function.cpp:51:63:[m[K [01;31m[Kerror: [m[Kexpected unqualified-id before â€˜[01m[Kmsg[m[Kâ€™
[1.780s]    51 |     void topic_callback(const std_msgs::msg::int32::SharedPtr [01;31m[Kmsg[m[K) const
[1.781s]       |                                                               [01;31m[K^~~[m[K
[1.781s] [01m[K/home/garen-lee/jialiang.li/ros2/test/create_pkg_node_ws/src/cpp_pubsub/src/publisher_member_function.cpp:51:62:[m[K [01;31m[Kerror: [m[Kexpected â€˜[01m[K)[m[Kâ€™ before â€˜[01m[Kmsg[m[Kâ€™
[1.781s]    51 |     void topic_callback[34m[K([m[Kconst std_msgs::msg::int32::SharedPtr[01;31m[K [m[K[32m[Kmsg[m[K) const
[1.782s]       |                        [34m[K~[m[K                                     [01;31m[K^[m[K[32m[K~~~[m[K
[1.782s]       |                                                              [32m[K)[m[K
[1.782s] [01m[K/home/garen-lee/jialiang.li/ros2/test/create_pkg_node_ws/src/cpp_pubsub/src/publisher_member_function.cpp:51:53:[m[K [01;31m[Kerror: [m[Kexpected â€˜[01m[K;[m[Kâ€™ at end of member declaration
[1.782s]    51 |     void topic_callback(const std_msgs::msg::int32::[01;31m[KSharedPtr[m[K msg) const
[1.782s]       |                                                     [01;31m[K^~~~~~~~~[m[K
[1.782s]       |                                                              [32m[K;[m[K
[1.782s] [01m[K/home/garen-lee/jialiang.li/ros2/test/create_pkg_node_ws/src/cpp_pubsub/src/publisher_member_function.cpp:51:63:[m[K [01;31m[Kerror: [m[Kâ€˜[01m[Kmsg[m[Kâ€™ does not name a type
[1.782s]    51 |     void topic_callback(const std_msgs::msg::int32::SharedPtr [01;31m[Kmsg[m[K) const
[1.783s]       |                                                               [01;31m[K^~~[m[K
[1.783s] [01m[K/home/garen-lee/jialiang.li/ros2/test/create_pkg_node_ws/src/cpp_pubsub/src/publisher_member_function.cpp:56:41:[m[K [01;31m[Kerror: [m[Kâ€˜[01m[Kint32[m[Kâ€™ is not a member of â€˜[01m[Kstd_msgs::msg[m[Kâ€™; did you mean â€˜[01m[KInt32[m[Kâ€™?
[1.783s]    56 |     rclcpp::Subscription<std_msgs::msg::[01;31m[Kint32[m[K>::SharedPtr subscription_;
[1.783s]       |                                         [01;31m[K^~~~~[m[K
[1.783s]       |                                         [32m[KInt32[m[K
[1.783s] [01m[K/home/garen-lee/jialiang.li/ros2/test/create_pkg_node_ws/src/cpp_pubsub/src/publisher_member_function.cpp:56:41:[m[K [01;31m[Kerror: [m[Kâ€˜[01m[Kint32[m[Kâ€™ is not a member of â€˜[01m[Kstd_msgs::msg[m[Kâ€™; did you mean â€˜[01m[KInt32[m[Kâ€™?
[1.784s]    56 |     rclcpp::Subscription<std_msgs::msg::[01;31m[Kint32[m[K>::SharedPtr subscription_;
[1.784s]       |                                         [01;31m[K^~~~~[m[K
[1.784s]       |                                         [32m[KInt32[m[K
[1.784s] [01m[K/home/garen-lee/jialiang.li/ros2/test/create_pkg_node_ws/src/cpp_pubsub/src/publisher_member_function.cpp:56:46:[m[K [01;31m[Kerror: [m[Ktemplate argument 1 is invalid
[1.784s]    56 |     rclcpp::Subscription<std_msgs::msg::int32[01;31m[K>[m[K::SharedPtr subscription_;
[1.785s]       |                                              [01;31m[K^[m[K
[1.785s] [01m[K/home/garen-lee/jialiang.li/ros2/test/create_pkg_node_ws/src/cpp_pubsub/src/publisher_member_function.cpp:56:46:[m[K [01;31m[Kerror: [m[Ktemplate argument 3 is invalid
[1.785s] [01m[K/home/garen-lee/jialiang.li/ros2/test/create_pkg_node_ws/src/cpp_pubsub/src/publisher_member_function.cpp:56:49:[m[K [01;31m[Kerror: [m[Kexpected â€˜[01m[K;[m[Kâ€™ at end of member declaration
[1.785s]    56 |     rclcpp::Subscription<std_msgs::msg::int32>::[01;31m[KSharedPtr[m[K subscription_;
[1.785s]       |                                                 [01;31m[K^~~~~~~~~[m[K
[1.786s]       |                                                          [32m[K;[m[K
[1.786s] [01m[K/home/garen-lee/jialiang.li/ros2/test/create_pkg_node_ws/src/cpp_pubsub/src/publisher_member_function.cpp:56:59:[m[K [01;31m[Kerror: [m[Kâ€˜[01m[Ksubscription_[m[Kâ€™ does not name a type; did you mean â€˜[01m[Krcl_subscription_t[m[Kâ€™?
[1.786s]    56 |     rclcpp::Subscription<std_msgs::msg::int32>::SharedPtr [01;31m[Ksubscription_[m[K;
[1.786s]       |                                                           [01;31m[K^~~~~~~~~~~~~[m[K
[1.786s]       |                                                           [32m[Krcl_subscription_t[m[K
[1.789s] [01m[K/home/garen-lee/jialiang.li/ros2/test/create_pkg_node_ws/src/cpp_pubsub/src/publisher_member_function.cpp:[m[K In constructor â€˜[01m[KTimerSubscriber::TimerSubscriber()[m[Kâ€™:
[1.789s] [01m[K/home/garen-lee/jialiang.li/ros2/test/create_pkg_node_ws/src/cpp_pubsub/src/publisher_member_function.cpp:46:7:[m[K [01;31m[Kerror: [m[Kâ€˜[01m[Ksubscription_[m[Kâ€™ was not declared in this scope; did you mean â€˜[01m[Krcl_subscription_t[m[Kâ€™?
[1.789s]    46 |       [01;31m[Ksubscription_[m[K = this->create_subscription<std_msgs::msg::int32>(
[1.789s]       |       [01;31m[K^~~~~~~~~~~~~[m[K
[1.789s]       |       [32m[Krcl_subscription_t[m[K
[1.789s] [01m[K/home/garen-lee/jialiang.li/ros2/test/create_pkg_node_ws/src/cpp_pubsub/src/publisher_member_function.cpp:46:64:[m[K [01;31m[Kerror: [m[Kâ€˜[01m[Kint32[m[Kâ€™ is not a member of â€˜[01m[Kstd_msgs::msg[m[Kâ€™; did you mean â€˜[01m[KInt32[m[Kâ€™?
[1.789s]    46 |       subscription_ = this->create_subscription<std_msgs::msg::[01;31m[Kint32[m[K>(
[1.790s]       |                                                                [01;31m[K^~~~~[m[K
[1.790s]       |                                                                [32m[KInt32[m[K
[1.790s] [01m[K/home/garen-lee/jialiang.li/ros2/test/create_pkg_node_ws/src/cpp_pubsub/src/publisher_member_function.cpp:46:64:[m[K [01;31m[Kerror: [m[Kâ€˜[01m[Kint32[m[Kâ€™ is not a member of â€˜[01m[Kstd_msgs::msg[m[Kâ€™; did you mean â€˜[01m[KInt32[m[Kâ€™?
[1.790s]    46 |       subscription_ = this->create_subscription<std_msgs::msg::[01;31m[Kint32[m[K>(
[1.790s]       |                                                                [01;31m[K^~~~~[m[K
[1.790s]       |                                                                [32m[KInt32[m[K
[1.798s] [01m[K/home/garen-lee/jialiang.li/ros2/test/create_pkg_node_ws/src/cpp_pubsub/src/publisher_member_function.cpp:47:75:[m[K [01;31m[Kerror: [m[Kno matching function for call to â€˜[01m[KTimerSubscriber::create_subscription<<expression error> >(const char [7], int, std::_Bind_helper<false, void (TimerSubscriber::*)(...), TimerSubscriber*, const std::_Placeholder<1>&>::type)[m[Kâ€™
[1.798s]    47 |       "topicA", 100, std::bind(&TimerSubscriber::topic_callback, this, _1)[01;31m[K)[m[K;
[1.798s]       |                                                                           [01;31m[K^[m[K
[1.798s] In file included from [01m[K/opt/ros/foxy/include/rclcpp/executors/single_threaded_executor.hpp:28[m[K,
[1.799s]                  from [01m[K/opt/ros/foxy/include/rclcpp/executors.hpp:22[m[K,
[1.799s]                  from [01m[K/opt/ros/foxy/include/rclcpp/rclcpp.hpp:146[m[K,
[1.799s]                  from [01m[K/home/garen-lee/jialiang.li/ros2/test/create_pkg_node_ws/src/cpp_pubsub/src/publisher_member_function.cpp:6[m[K:
[1.799s] [01m[K/opt/ros/foxy/include/rclcpp/node.hpp:213:3:[m[K [01;36m[Knote: [m[Kcandidate: â€˜[01m[Ktemplate<class MessageT, class CallbackT, class AllocatorT, class CallbackMessageT, class SubscriptionT, class MessageMemoryStrategyT> std::shared_ptr<SubscriptionT> rclcpp::Node::create_subscription(const string&, const rclcpp::QoS&, CallbackT&&, const rclcpp::SubscriptionOptionsWithAllocator<AllocatorT>&, typename MessageMemoryStrategyT::SharedPtr)[m[Kâ€™
[1.799s]   213 |   [01;36m[Kcreate_subscription[m[K(
[1.800s]       |   [01;36m[K^~~~~~~~~~~~~~~~~~~[m[K
[1.800s] [01m[K/opt/ros/foxy/include/rclcpp/node.hpp:213:3:[m[K [01;36m[Knote: [m[K  template argument deduction/substitution failed:
[1.800s] [01m[K/home/garen-lee/jialiang.li/ros2/test/create_pkg_node_ws/src/cpp_pubsub/src/publisher_member_function.cpp:47:75:[m[K [01;31m[Kerror: [m[Ktemplate argument 1 is invalid
[1.800s]    47 |       "topicA", 100, std::bind(&TimerSubscriber::topic_callback, this, _1)[01;31m[K)[m[K;
[1.801s]       |                                                                           [01;31m[K^[m[K
[2.164s] In file included from [01m[K/usr/include/x86_64-linux-gnu/c++/9/bits/c++allocator.h:33[m[K,
[2.164s]                  from [01m[K/usr/include/c++/9/bits/allocator.h:46[m[K,
[2.164s]                  from [01m[K/usr/include/c++/9/memory:63[m[K,
[2.165s]                  from [01m[K/home/garen-lee/jialiang.li/ros2/test/create_pkg_node_ws/src/cpp_pubsub/src/subscriber_member_function.cpp:1[m[K:
[2.165s] /usr/include/c++/9/ext/new_allocator.h: In instantiation of â€˜[01m[Kvoid __gnu_cxx::new_allocator<_Tp>::construct(_Up*, _Args&& ...) [with _Up = TimerSubscriber; _Args = {}; _Tp = TimerSubscriber][m[Kâ€™:
[2.165s] [01m[K/usr/include/c++/9/bits/alloc_traits.h:483:4:[m[K   required from â€˜[01m[Kstatic void std::allocator_traits<std::allocator<_Tp1> >::construct(std::allocator_traits<std::allocator<_Tp1> >::allocator_type&, _Up*, _Args&& ...) [with _Up = TimerSubscriber; _Args = {}; _Tp = TimerSubscriber; std::allocator_traits<std::allocator<_Tp1> >::allocator_type = std::allocator<TimerSubscriber>][m[Kâ€™
[2.165s] [01m[K/usr/include/c++/9/bits/shared_ptr_base.h:548:39:[m[K   required from â€˜[01m[Kstd::_Sp_counted_ptr_inplace<_Tp, _Alloc, _Lp>::_Sp_counted_ptr_inplace(_Alloc, _Args&& ...) [with _Args = {}; _Tp = TimerSubscriber; _Alloc = std::allocator<TimerSubscriber>; __gnu_cxx::_Lock_policy _Lp = __gnu_cxx::_S_atomic][m[Kâ€™
[2.165s] [01m[K/usr/include/c++/9/bits/shared_ptr_base.h:679:16:[m[K   required from â€˜[01m[Kstd::__shared_count<_Lp>::__shared_count(_Tp*&, std::_Sp_alloc_shared_tag<_Alloc>, _Args&& ...) [with _Tp = TimerSubscriber; _Alloc = std::allocator<TimerSubscriber>; _Args = {}; __gnu_cxx::_Lock_policy _Lp = __gnu_cxx::_S_atomic][m[Kâ€™
[2.165s] [01m[K/usr/include/c++/9/bits/shared_ptr_base.h:1344:71:[m[K   required from â€˜[01m[Kstd::__shared_ptr<_Tp, _Lp>::__shared_ptr(std::_Sp_alloc_shared_tag<_Tp>, _Args&& ...) [with _Alloc = std::allocator<TimerSubscriber>; _Args = {}; _Tp = TimerSubscriber; __gnu_cxx::_Lock_policy _Lp = __gnu_cxx::_S_atomic][m[Kâ€™
[2.165s] [01m[K/usr/include/c++/9/bits/shared_ptr.h:359:59:[m[K   required from â€˜[01m[Kstd::shared_ptr<_Tp>::shared_ptr(std::_Sp_alloc_shared_tag<_Tp>, _Args&& ...) [with _Alloc = std::allocator<TimerSubscriber>; _Args = {}; _Tp = TimerSubscriber][m[Kâ€™
[2.166s] [01m[K/usr/include/c++/9/bits/shared_ptr.h:701:14:[m[K   required from â€˜[01m[Kstd::shared_ptr<_Tp> std::allocate_shared(const _Alloc&, _Args&& ...) [with _Tp = TimerSubscriber; _Alloc = std::allocator<TimerSubscriber>; _Args = {}][m[Kâ€™
[2.166s] [01m[K/usr/include/c++/9/bits/shared_ptr.h:717:39:[m[K   required from â€˜[01m[Kstd::shared_ptr<_Tp> std::make_shared(_Args&& ...) [with _Tp = TimerSubscriber; _Args = {}][m[Kâ€™
[2.166s] [01m[K/home/garen-lee/jialiang.li/ros2/test/create_pkg_node_ws/src/cpp_pubsub/src/subscriber_member_function.cpp:61:50:[m[K   required from here
[2.166s] [01m[K/usr/include/c++/9/ext/new_allocator.h:146:4:[m[K [01;31m[Kerror: [m[Kâ€˜[01m[KTimerSubscriber::TimerSubscriber()[m[Kâ€™ is private within this context
[2.166s]   146 |  { [01;31m[K::new((void *)__p) _Up(std::forward<_Args>(__args)...)[m[K; }
[2.166s]       |    [01;31m[K^~~~~~~~~~~~~~~~~~~~~~~~~~~~~~~~~~~~~~~~~~~~~~~~~~~~~~[m[K
[2.166s] [01m[K/home/garen-lee/jialiang.li/ros2/test/create_pkg_node_ws/src/cpp_pubsub/src/subscriber_member_function.cpp:41:3:[m[K [01;36m[Knote: [m[Kdeclared private here
[2.166s]    41 |   [01;36m[KTimerSubscriber[m[K()
[2.166s]       |   [01;36m[K^~~~~~~~~~~~~~~[m[K
[2.252s] In file included from [01m[K/usr/include/x86_64-linux-gnu/c++/9/bits/c++allocator.h:33[m[K,
[2.252s]                  from [01m[K/usr/include/c++/9/bits/allocator.h:46[m[K,
[2.252s]                  from [01m[K/usr/include/c++/9/string:41[m[K,
[2.252s]                  from [01m[K/usr/include/c++/9/stdexcept:39[m[K,
[2.253s]                  from [01m[K/usr/include/c++/9/array:39[m[K,
[2.253s]                  from [01m[K/usr/include/c++/9/tuple:39[m[K,
[2.253s]                  from [01m[K/usr/include/c++/9/functional:54[m[K,
[2.253s]                  from [01m[K/home/garen-lee/jialiang.li/ros2/test/create_pkg_node_ws/src/cpp_pubsub/src/publisher_member_function.cpp:2[m[K:
[2.253s] /usr/include/c++/9/ext/new_allocator.h: In instantiation of â€˜[01m[Kvoid __gnu_cxx::new_allocator<_Tp>::construct(_Up*, _Args&& ...) [with _Up = TimerSubscriber; _Args = {}; _Tp = TimerSubscriber][m[Kâ€™:
[2.253s] [01m[K/usr/include/c++/9/bits/alloc_traits.h:483:4:[m[K   required from â€˜[01m[Kstatic void std::allocator_traits<std::allocator<_CharT> >::construct(std::allocator_traits<std::allocator<_CharT> >::allocator_type&, _Up*, _Args&& ...) [with _Up = TimerSubscriber; _Args = {}; _Tp = TimerSubscriber; std::allocator_traits<std::allocator<_CharT> >::allocator_type = std::allocator<TimerSubscriber>][m[Kâ€™
[2.253s] [01m[K/usr/include/c++/9/bits/shared_ptr_base.h:548:39:[m[K   required from â€˜[01m[Kstd::_Sp_counted_ptr_inplace<_Tp, _Alloc, _Lp>::_Sp_counted_ptr_inplace(_Alloc, _Args&& ...) [with _Args = {}; _Tp = TimerSubscriber; _Alloc = std::allocator<TimerSubscriber>; __gnu_cxx::_Lock_policy _Lp = __gnu_cxx::_S_atomic][m[Kâ€™
[2.253s] [01m[K/usr/include/c++/9/bits/shared_ptr_base.h:679:16:[m[K   required from â€˜[01m[Kstd::__shared_count<_Lp>::__shared_count(_Tp*&, std::_Sp_alloc_shared_tag<_Alloc>, _Args&& ...) [with _Tp = TimerSubscriber; _Alloc = std::allocator<TimerSubscriber>; _Args = {}; __gnu_cxx::_Lock_policy _Lp = __gnu_cxx::_S_atomic][m[Kâ€™
[2.254s] [01m[K/usr/include/c++/9/bits/shared_ptr_base.h:1344:71:[m[K   required from â€˜[01m[Kstd::__shared_ptr<_Tp, _Lp>::__shared_ptr(std::_Sp_alloc_shared_tag<_Tp>, _Args&& ...) [with _Alloc = std::allocator<TimerSubscriber>; _Args = {}; _Tp = TimerSubscriber; __gnu_cxx::_Lock_policy _Lp = __gnu_cxx::_S_atomic][m[Kâ€™
[2.254s] [01m[K/usr/include/c++/9/bits/shared_ptr.h:359:59:[m[K   required from â€˜[01m[Kstd::shared_ptr<_Tp>::shared_ptr(std::_Sp_alloc_shared_tag<_Tp>, _Args&& ...) [with _Alloc = std::allocator<TimerSubscriber>; _Args = {}; _Tp = TimerSubscriber][m[Kâ€™
[2.254s] [01m[K/usr/include/c++/9/bits/shared_ptr.h:701:14:[m[K   required from â€˜[01m[Kstd::shared_ptr<_Tp> std::allocate_shared(const _Alloc&, _Args&& ...) [with _Tp = TimerSubscriber; _Alloc = std::allocator<TimerSubscriber>; _Args = {}][m[Kâ€™
[2.254s] [01m[K/usr/include/c++/9/bits/shared_ptr.h:717:39:[m[K   required from â€˜[01m[Kstd::shared_ptr<_Tp> std::make_shared(_Args&& ...) [with _Tp = TimerSubscriber; _Args = {}][m[Kâ€™
[2.254s] [01m[K/home/garen-lee/jialiang.li/ros2/test/create_pkg_node_ws/src/cpp_pubsub/src/publisher_member_function.cpp:63:50:[m[K   required from here
[2.254s] [01m[K/usr/include/c++/9/ext/new_allocator.h:146:4:[m[K [01;31m[Kerror: [m[Kâ€˜[01m[KTimerSubscriber::TimerSubscriber()[m[Kâ€™ is private within this context
[2.254s]   146 |  { [01;31m[K::new((void *)__p) _Up(std::forward<_Args>(__args)...)[m[K; }
[2.255s]       |    [01;31m[K^~~~~~~~~~~~~~~~~~~~~~~~~~~~~~~~~~~~~~~~~~~~~~~~~~~~~~[m[K
[2.255s] [01m[K/home/garen-lee/jialiang.li/ros2/test/create_pkg_node_ws/src/cpp_pubsub/src/publisher_member_function.cpp:43:3:[m[K [01;36m[Knote: [m[Kdeclared private here
[2.255s]    43 |   [01;36m[KTimerSubscriber[m[K()
[2.255s]       |   [01;36m[K^~~~~~~~~~~~~~~[m[K
[2.277s] make[2]: *** [CMakeFiles/listener.dir/build.make:76: CMakeFiles/listener.dir/src/subscriber_member_function.cpp.o] Error 1
[2.278s] make[1]: *** [CMakeFiles/Makefile2:165: CMakeFiles/listener.dir/all] Error 2
[2.278s] make[1]: *** Waiting for unfinished jobs....
[2.370s] make[2]: *** [CMakeFiles/talker.dir/build.make:76: CMakeFiles/talker.dir/src/publisher_member_function.cpp.o] Error 1
[2.370s] make[1]: *** [CMakeFiles/Makefile2:139: CMakeFiles/talker.dir/all] Error 2
[2.370s] make: *** [Makefile:146: all] Error 2
[2.375s] Invoked command in '/home/garen-lee/jialiang.li/ros2/test/create_pkg_node_ws/src/cpp_pubsub/build/cpp_pubsub' returned '2': CMAKE_PREFIX_PATH=${CMAKE_PREFIX_PATH}:/opt/ros/foxy /usr/bin/cmake --build /home/garen-lee/jialiang.li/ros2/test/create_pkg_node_ws/src/cpp_pubsub/build/cpp_pubsub -- -j4 -l4
